#
# There is insufficient memory for the Java Runtime Environment to continue.
# Native memory allocation (malloc) failed to allocate 510240 bytes for Chunk::new
# Possible reasons:
#   The system is out of physical RAM or swap space
#   The process is running with CompressedOops enabled, and the Java Heap may be blocking the growth of the native heap
# Possible solutions:
#   Reduce memory load on the system
#   Increase physical memory or swap space
#   Check if swap backing store is full
#   Decrease Java heap size (-Xmx/-Xms)
#   Decrease number of Java threads
#   Decrease Java thread stack sizes (-Xss)
#   Set larger code cache with -XX:ReservedCodeCacheSize=
#   JVM is running with Unscaled Compressed Oops mode in which the Java heap is
#     placed in the first 4GB address space. The Java Heap base address is the
#     maximum limit for the native heap growth. Please use -XX:HeapBaseMinAddress
#     to set the Java Heap base and to place the Java Heap above 4GB virtual address.
# This output file may be truncated or incomplete.
#
#  Out of Memory Error (arena.cpp:168), pid=11156, tid=7028
#
# JRE version: Java(TM) SE Runtime Environment (21.0.8+12) (build 21.0.8+12-LTS-250)
# Java VM: Java HotSpot(TM) 64-Bit Server VM (21.0.8+12-LTS-250, mixed mode, sharing, tiered, compressed oops, compressed class ptrs, g1 gc, windows-amd64)
# No core dump will be written. Minidumps are not enabled by default on client versions of Windows
#

---------------  S U M M A R Y ------------

Command Line: --add-opens=java.base/java.lang=ALL-UNNAMED --add-opens=java.base/java.lang.invoke=ALL-UNNAMED --add-opens=java.base/java.util=ALL-UNNAMED --add-opens=java.prefs/java.util.prefs=ALL-UNNAMED --add-exports=jdk.compiler/com.sun.tools.javac.api=ALL-UNNAMED --add-exports=jdk.compiler/com.sun.tools.javac.util=ALL-UNNAMED --add-opens=java.base/java.util=ALL-UNNAMED --add-opens=java.prefs/java.util.prefs=ALL-UNNAMED --add-opens=java.base/java.nio.charset=ALL-UNNAMED --add-opens=java.base/java.net=ALL-UNNAMED --add-opens=java.base/java.util.concurrent=ALL-UNNAMED --add-opens=java.base/java.util.concurrent.atomic=ALL-UNNAMED --add-opens=java.xml/javax.xml.namespace=ALL-UNNAMED -XX:MaxMetaspaceSize=512m -Xmx2048m -Dfile.encoding=UTF-8 -Duser.country=US -Duser.language=en -Duser.variant -javaagent:C:\Users\ahmed\.gradle\wrapper\dists\gradle-9.0.0-bin\d6wjpkvcgsg3oed0qlfss3wgl\gradle-9.0.0\lib\agents\gradle-instrumentation-agent-9.0.0.jar org.gradle.launcher.daemon.bootstrap.GradleDaemon 9.0.0

Host: 11th Gen Intel(R) Core(TM) i7-1195G7 @ 2.90GHz, 8 cores, 15G,  Windows 11 , 64 bit Build 26100 (10.0.26100.7920)
Time: Sun Mar 22 03:37:23 2026 Turkey Standard Time elapsed time: 18.990400 seconds (0d 0h 0m 18s)

---------------  T H R E A D  ---------------

Current thread (0x0000016a55ad98f0):  JavaThread "C2 CompilerThread1" daemon [_thread_in_native, id=7028, stack(0x0000004a13000000,0x0000004a13100000) (1024K)]


Current CompileTask:
C2:  18990 9788       4       org.jetbrains.kotlin.cli.jvm.compiler.jarfs.FastJarHandler::createFile (81 bytes)

Stack: [0x0000004a13000000,0x0000004a13100000]
Native frames: (J=compiled Java code, j=interpreted, Vv=VM code, C=native code)
V  [jvm.dll+0x6cc179]
V  [jvm.dll+0x8584c1]
V  [jvm.dll+0x85a9ee]
V  [jvm.dll+0x85b0c3]
V  [jvm.dll+0x27ebf6]
V  [jvm.dll+0xc4f4d]
V  [jvm.dll+0xc5483]
V  [jvm.dll+0x3b6abc]
V  [jvm.dll+0x382a35]
V  [jvm.dll+0x381eaa]
V  [jvm.dll+0x247670]
V  [jvm.dll+0x246c4f]
V  [jvm.dll+0x1c7a3e]
V  [jvm.dll+0x256359]
V  [jvm.dll+0x2548ea]
V  [jvm.dll+0x3efef6]
V  [jvm.dll+0x80279b]
V  [jvm.dll+0x6ca85d]
C  [ucrtbase.dll+0x37b0]
C  [KERNEL32.DLL+0x2e8d7]
C  [ntdll.dll+0x8c48c]


---------------  P R O C E S S  ---------------

Threads class SMR info:
_java_thread_list=0x0000016a53dc3ec0, length=71, elements={
0x0000016a14049fa0, 0x0000016a30a3b660, 0x0000016a30a3bcc0, 0x0000016a30a3d8c0,
0x0000016a30a40530, 0x0000016a30a3e180, 0x0000016a30a3e910, 0x0000016a30a53390,
0x0000016a30a742b0, 0x0000016a30bb36b0, 0x0000016a30d95f80, 0x0000016a516deb20,
0x0000016a516618b0, 0x0000016a516f7970, 0x0000016a517e51a0, 0x0000016a51709de0,
0x0000016a51752c60, 0x0000016a51806a80, 0x0000016a51807e30, 0x0000016a518077a0,
0x0000016a518084c0, 0x0000016a51809870, 0x0000016a51808b50, 0x0000016a518091e0,
0x0000016a51807110, 0x0000016a54bf1910, 0x0000016a54bf0560, 0x0000016a54bf1280,
0x0000016a54bf0bf0, 0x0000016a54bf2cc0, 0x0000016a54bf1fa0, 0x0000016a54bf2630,
0x0000016a54befed0, 0x0000016a54bef840, 0x0000016a54bf5420, 0x0000016a54bf5ab0,
0x0000016a54bf6140, 0x0000016a54bf4d90, 0x0000016a54bf67d0, 0x0000016a54bf3350,
0x0000016a54bf6e60, 0x0000016a54bf39e0, 0x0000016a54bf4070, 0x0000016a30e39230,
0x0000016a30e3ac70, 0x0000016a30e377f0, 0x0000016a30e398c0, 0x0000016a30e39f50,
0x0000016a30e3a5e0, 0x0000016a30e3b300, 0x0000016a30e37e80, 0x0000016a30e38ba0,
0x0000016a30e3b990, 0x0000016a30e38510, 0x0000016a30e3e780, 0x0000016a30e3ee10,
0x0000016a30e3cd40, 0x0000016a30e3c020, 0x0000016a30e3da60, 0x0000016a30e3c6b0,
0x0000016a30e3d3d0, 0x0000016a30e3e0f0, 0x0000016a523a7170, 0x0000016a523a8520,
0x0000016a523a8bb0, 0x0000016a523a9240, 0x0000016a523a7800, 0x0000016a523a7e90,
0x0000016a523a98d0, 0x0000016a523a9f60, 0x0000016a55ad98f0
}

Java Threads: ( => current thread )
  0x0000016a14049fa0 JavaThread "main"                              [_thread_blocked, id=25840, stack(0x0000004a10a00000,0x0000004a10b00000) (1024K)]
  0x0000016a30a3b660 JavaThread "Reference Handler"          daemon [_thread_blocked, id=38132, stack(0x0000004a11200000,0x0000004a11300000) (1024K)]
  0x0000016a30a3bcc0 JavaThread "Finalizer"                  daemon [_thread_blocked, id=21468, stack(0x0000004a11300000,0x0000004a11400000) (1024K)]
  0x0000016a30a3d8c0 JavaThread "Signal Dispatcher"          daemon [_thread_blocked, id=32108, stack(0x0000004a11400000,0x0000004a11500000) (1024K)]
  0x0000016a30a40530 JavaThread "Attach Listener"            daemon [_thread_blocked, id=31824, stack(0x0000004a11500000,0x0000004a11600000) (1024K)]
  0x0000016a30a3e180 JavaThread "Service Thread"             daemon [_thread_blocked, id=25444, stack(0x0000004a11600000,0x0000004a11700000) (1024K)]
  0x0000016a30a3e910 JavaThread "Monitor Deflation Thread"   daemon [_thread_blocked, id=37300, stack(0x0000004a11700000,0x0000004a11800000) (1024K)]
  0x0000016a30a53390 JavaThread "C2 CompilerThread0"         daemon [_thread_blocked, id=38080, stack(0x0000004a11800000,0x0000004a11900000) (1024K)]
  0x0000016a30a742b0 JavaThread "C1 CompilerThread0"         daemon [_thread_blocked, id=34836, stack(0x0000004a11900000,0x0000004a11a00000) (1024K)]
  0x0000016a30bb36b0 JavaThread "Common-Cleaner"             daemon [_thread_blocked, id=25304, stack(0x0000004a11a00000,0x0000004a11b00000) (1024K)]
  0x0000016a30d95f80 JavaThread "Notification Thread"        daemon [_thread_blocked, id=35144, stack(0x0000004a11b00000,0x0000004a11c00000) (1024K)]
  0x0000016a516deb20 JavaThread "Daemon health stats"               [_thread_blocked, id=14056, stack(0x0000004a12200000,0x0000004a12300000) (1024K)]
  0x0000016a516618b0 JavaThread "Incoming local TCP Connector on port 55765"        [_thread_in_native, id=35508, stack(0x0000004a12500000,0x0000004a12600000) (1024K)]
  0x0000016a516f7970 JavaThread "Daemon periodic checks"            [_thread_blocked, id=29964, stack(0x0000004a12600000,0x0000004a12700000) (1024K)]
  0x0000016a517e51a0 JavaThread "Daemon"                            [_thread_blocked, id=7572, stack(0x0000004a12700000,0x0000004a12800000) (1024K)]
  0x0000016a51709de0 JavaThread "Handler for socket connection from /127.0.0.1:55765 to /127.0.0.1:55766"        [_thread_in_native, id=26152, stack(0x0000004a12800000,0x0000004a12900000) (1024K)]
  0x0000016a51752c60 JavaThread "Cancel handler"                    [_thread_blocked, id=33428, stack(0x0000004a12900000,0x0000004a12a00000) (1024K)]
  0x0000016a51806a80 JavaThread "Daemon worker"                     [_thread_blocked, id=10596, stack(0x0000004a12a00000,0x0000004a12b00000) (1024K)]
  0x0000016a51807e30 JavaThread "Asynchronous log dispatcher for DefaultDaemonConnection: socket connection from /127.0.0.1:55765 to /127.0.0.1:55766"        [_thread_blocked, id=32220, stack(0x0000004a12b00000,0x0000004a12c00000) (1024K)]
  0x0000016a518077a0 JavaThread "Stdin handler"                     [_thread_blocked, id=30960, stack(0x0000004a12c00000,0x0000004a12d00000) (1024K)]
  0x0000016a518084c0 JavaThread "Daemon client event forwarder"        [_thread_blocked, id=18988, stack(0x0000004a12d00000,0x0000004a12e00000) (1024K)]
  0x0000016a51809870 JavaThread "Cache worker for journal cache (C:\Users\ahmed\.gradle\caches\journal-1)"        [_thread_blocked, id=38816, stack(0x0000004a11c00000,0x0000004a11d00000) (1024K)]
  0x0000016a51808b50 JavaThread "File lock request listener"        [_thread_in_native, id=29364, stack(0x0000004a12e00000,0x0000004a12f00000) (1024K)]
  0x0000016a518091e0 JavaThread "Cache worker for file hash cache (C:\Users\ahmed\.gradle\caches\9.0.0\fileHashes)"        [_thread_blocked, id=22988, stack(0x0000004a12f00000,0x0000004a13000000) (1024K)]
  0x0000016a51807110 JavaThread "Cache worker for file hash cache (C:\Users\ahmed\Desktop\ToDo-List\OmniTask\android\.gradle\9.0.0\fileHashes)"        [_thread_blocked, id=4712, stack(0x0000004a13200000,0x0000004a13300000) (1024K)]
  0x0000016a54bf1910 JavaThread "Cache worker for Build Output Cleanup Cache (C:\Users\ahmed\Desktop\ToDo-List\OmniTask\android\.gradle\buildOutputCleanup)"        [_thread_blocked, id=34324, stack(0x0000004a13300000,0x0000004a13400000) (1024K)]
  0x0000016a54bf0560 JavaThread "File watcher server"        daemon [_thread_in_native, id=3588, stack(0x0000004a13400000,0x0000004a13500000) (1024K)]
  0x0000016a54bf1280 JavaThread "File watcher consumer"      daemon [_thread_blocked, id=21764, stack(0x0000004a13500000,0x0000004a13600000) (1024K)]
  0x0000016a54bf0bf0 JavaThread "jar transforms"                    [_thread_blocked, id=12788, stack(0x0000004a13600000,0x0000004a13700000) (1024K)]
  0x0000016a54bf2cc0 JavaThread "jar transforms Thread 2"           [_thread_blocked, id=28140, stack(0x0000004a13700000,0x0000004a13800000) (1024K)]
  0x0000016a54bf1fa0 JavaThread "Cache worker for checksums cache (C:\Users\ahmed\Desktop\ToDo-List\OmniTask\android\.gradle\9.0.0\checksums)"        [_thread_blocked, id=29720, stack(0x0000004a13800000,0x0000004a13900000) (1024K)]
  0x0000016a54bf2630 JavaThread "Cache worker for file content cache (C:\Users\ahmed\.gradle\caches\9.0.0\fileContent)"        [_thread_blocked, id=22672, stack(0x0000004a13900000,0x0000004a13a00000) (1024K)]
  0x0000016a54befed0 JavaThread "Cache worker for cache directory md-supplier (C:\Users\ahmed\.gradle\caches\9.0.0\md-supplier)"        [_thread_blocked, id=8856, stack(0x0000004a13a00000,0x0000004a13b00000) (1024K)]
  0x0000016a54bef840 JavaThread "Cache worker for cache directory md-rule (C:\Users\ahmed\.gradle\caches\9.0.0\md-rule)"        [_thread_blocked, id=8188, stack(0x0000004a13b00000,0x0000004a13c00000) (1024K)]
  0x0000016a54bf5420 JavaThread "jar transforms Thread 3"           [_thread_blocked, id=12876, stack(0x0000004a13c00000,0x0000004a13d00000) (1024K)]
  0x0000016a54bf5ab0 JavaThread "jar transforms Thread 4"           [_thread_blocked, id=14084, stack(0x0000004a13d00000,0x0000004a13e00000) (1024K)]
  0x0000016a54bf6140 JavaThread "jar transforms Thread 5"           [_thread_blocked, id=13072, stack(0x0000004a13e00000,0x0000004a13f00000) (1024K)]
  0x0000016a54bf4d90 JavaThread "jar transforms Thread 6"           [_thread_blocked, id=26652, stack(0x0000004a13f00000,0x0000004a14000000) (1024K)]
  0x0000016a54bf67d0 JavaThread "jar transforms Thread 7"           [_thread_blocked, id=35660, stack(0x0000004a14000000,0x0000004a14100000) (1024K)]
  0x0000016a54bf3350 JavaThread "jar transforms Thread 8"           [_thread_blocked, id=34736, stack(0x0000004a14100000,0x0000004a14200000) (1024K)]
  0x0000016a54bf6e60 JavaThread "Cache worker for Build Output Cleanup Cache (C:\Users\ahmed\Desktop\ToDo-List\OmniTask\node_modules\@react-native\gradle-plugin\.gradle\buildOutputCleanup)"        [_thread_blocked, id=33252, stack(0x0000004a14200000,0x0000004a14300000) (1024K)]
  0x0000016a54bf39e0 JavaThread "File lock release action executor"        [_thread_blocked, id=34004, stack(0x0000004a14300000,0x0000004a14400000) (1024K)]
  0x0000016a54bf4070 JavaThread "Unconstrained build operations"        [_thread_blocked, id=7252, stack(0x0000004a14400000,0x0000004a14500000) (1024K)]
  0x0000016a30e39230 JavaThread "Unconstrained build operations Thread 2"        [_thread_blocked, id=35824, stack(0x0000004a14500000,0x0000004a14600000) (1024K)]
  0x0000016a30e3ac70 JavaThread "Unconstrained build operations Thread 3"        [_thread_blocked, id=30348, stack(0x0000004a14600000,0x0000004a14700000) (1024K)]
  0x0000016a30e377f0 JavaThread "Unconstrained build operations Thread 4"        [_thread_blocked, id=24584, stack(0x0000004a14700000,0x0000004a14800000) (1024K)]
  0x0000016a30e398c0 JavaThread "Unconstrained build operations Thread 5"        [_thread_blocked, id=33412, stack(0x0000004a14800000,0x0000004a14900000) (1024K)]
  0x0000016a30e39f50 JavaThread "Unconstrained build operations Thread 6"        [_thread_blocked, id=38124, stack(0x0000004a14900000,0x0000004a14a00000) (1024K)]
  0x0000016a30e3a5e0 JavaThread "Unconstrained build operations Thread 7"        [_thread_blocked, id=37928, stack(0x0000004a14a00000,0x0000004a14b00000) (1024K)]
  0x0000016a30e3b300 JavaThread "Unconstrained build operations Thread 8"        [_thread_blocked, id=28948, stack(0x0000004a14b00000,0x0000004a14c00000) (1024K)]
  0x0000016a30e37e80 JavaThread "Unconstrained build operations Thread 9"        [_thread_blocked, id=11272, stack(0x0000004a14c00000,0x0000004a14d00000) (1024K)]
  0x0000016a30e38ba0 JavaThread "Unconstrained build operations Thread 10"        [_thread_blocked, id=34948, stack(0x0000004a14d00000,0x0000004a14e00000) (1024K)]
  0x0000016a30e3b990 JavaThread "Unconstrained build operations Thread 11"        [_thread_blocked, id=31924, stack(0x0000004a14e00000,0x0000004a14f00000) (1024K)]
  0x0000016a30e38510 JavaThread "Unconstrained build operations Thread 12"        [_thread_blocked, id=24744, stack(0x0000004a14f00000,0x0000004a15000000) (1024K)]
  0x0000016a30e3e780 JavaThread "Unconstrained build operations Thread 13"        [_thread_blocked, id=36464, stack(0x0000004a15000000,0x0000004a15100000) (1024K)]
  0x0000016a30e3ee10 JavaThread "Unconstrained build operations Thread 14"        [_thread_blocked, id=5208, stack(0x0000004a15100000,0x0000004a15200000) (1024K)]
  0x0000016a30e3cd40 JavaThread "Unconstrained build operations Thread 15"        [_thread_blocked, id=30736, stack(0x0000004a15200000,0x0000004a15300000) (1024K)]
  0x0000016a30e3c020 JavaThread "Unconstrained build operations Thread 16"        [_thread_blocked, id=24148, stack(0x0000004a15300000,0x0000004a15400000) (1024K)]
  0x0000016a30e3da60 JavaThread "Unconstrained build operations Thread 17"        [_thread_blocked, id=26844, stack(0x0000004a15400000,0x0000004a15500000) (1024K)]
  0x0000016a30e3c6b0 JavaThread "Unconstrained build operations Thread 18"        [_thread_blocked, id=19708, stack(0x0000004a15500000,0x0000004a15600000) (1024K)]
  0x0000016a30e3d3d0 JavaThread "Unconstrained build operations Thread 19"        [_thread_blocked, id=28432, stack(0x0000004a15600000,0x0000004a15700000) (1024K)]
  0x0000016a30e3e0f0 JavaThread "Unconstrained build operations Thread 20"        [_thread_blocked, id=35160, stack(0x0000004a15700000,0x0000004a15800000) (1024K)]
  0x0000016a523a7170 JavaThread "Unconstrained build operations Thread 21"        [_thread_blocked, id=29020, stack(0x0000004a15800000,0x0000004a15900000) (1024K)]
  0x0000016a523a8520 JavaThread "Unconstrained build operations Thread 22"        [_thread_blocked, id=31412, stack(0x0000004a15900000,0x0000004a15a00000) (1024K)]
  0x0000016a523a8bb0 JavaThread "Unconstrained build operations Thread 23"        [_thread_blocked, id=35152, stack(0x0000004a15a00000,0x0000004a15b00000) (1024K)]
  0x0000016a523a9240 JavaThread "Unconstrained build operations Thread 24"        [_thread_blocked, id=27004, stack(0x0000004a15b00000,0x0000004a15c00000) (1024K)]
  0x0000016a523a7800 JavaThread "Unconstrained build operations Thread 25"        [_thread_blocked, id=32776, stack(0x0000004a15c00000,0x0000004a15d00000) (1024K)]
  0x0000016a523a7e90 JavaThread "Unconstrained build operations Thread 26"        [_thread_blocked, id=6920, stack(0x0000004a15d00000,0x0000004a15e00000) (1024K)]
  0x0000016a523a98d0 JavaThread "Unconstrained build operations Thread 27"        [_thread_blocked, id=11324, stack(0x0000004a15e00000,0x0000004a15f00000) (1024K)]
  0x0000016a523a9f60 JavaThread "Kotlin DSL Writer"                 [_thread_blocked, id=32928, stack(0x0000004a15f00000,0x0000004a16000000) (1024K)]
=>0x0000016a55ad98f0 JavaThread "C2 CompilerThread1"         daemon [_thread_in_native, id=7028, stack(0x0000004a13000000,0x0000004a13100000) (1024K)]
Total: 71

Other Threads:
  0x0000016a30a13510 VMThread "VM Thread"                           [id=30540, stack(0x0000004a11100000,0x0000004a11200000) (1024K)]
  0x0000016a30b01080 WatcherThread "VM Periodic Task Thread"        [id=2116, stack(0x0000004a11000000,0x0000004a11100000) (1024K)]
  0x0000016a140a1fb0 WorkerThread "GC Thread#0"                     [id=38568, stack(0x0000004a10b00000,0x0000004a10c00000) (1024K)]
  0x0000016a50054c70 WorkerThread "GC Thread#1"                     [id=35232, stack(0x0000004a11d00000,0x0000004a11e00000) (1024K)]
  0x0000016a50055010 WorkerThread "GC Thread#2"                     [id=29500, stack(0x0000004a11e00000,0x0000004a11f00000) (1024K)]
  0x0000016a30e18060 WorkerThread "GC Thread#3"                     [id=32904, stack(0x0000004a11f00000,0x0000004a12000000) (1024K)]
  0x0000016a30e18400 WorkerThread "GC Thread#4"                     [id=22976, stack(0x0000004a12000000,0x0000004a12100000) (1024K)]
  0x0000016a30e187a0 WorkerThread "GC Thread#5"                     [id=34640, stack(0x0000004a12100000,0x0000004a12200000) (1024K)]
  0x0000016a51624700 WorkerThread "GC Thread#6"                     [id=14520, stack(0x0000004a12300000,0x0000004a12400000) (1024K)]
  0x0000016a51624aa0 WorkerThread "GC Thread#7"                     [id=4492, stack(0x0000004a12400000,0x0000004a12500000) (1024K)]
  0x0000016a140b3810 ConcurrentGCThread "G1 Main Marker"            [id=15676, stack(0x0000004a10c00000,0x0000004a10d00000) (1024K)]
  0x0000016a140b6660 WorkerThread "G1 Conc#0"                       [id=11596, stack(0x0000004a10d00000,0x0000004a10e00000) (1024K)]
  0x0000016a53ada9c0 WorkerThread "G1 Conc#1"                       [id=34280, stack(0x0000004a13100000,0x0000004a13200000) (1024K)]
  0x0000016a140feb10 ConcurrentGCThread "G1 Refine#0"               [id=27420, stack(0x0000004a10e00000,0x0000004a10f00000) (1024K)]
  0x0000016a309543b0 ConcurrentGCThread "G1 Service"                [id=35616, stack(0x0000004a10f00000,0x0000004a11000000) (1024K)]
Total: 15

Threads with active compile tasks:
C2 CompilerThread1    19055 9788       4       org.jetbrains.kotlin.cli.jvm.compiler.jarfs.FastJarHandler::createFile (81 bytes)
Total: 1

VM state: at safepoint (normal execution)

VM Mutex/Monitor currently owned by a thread:  ([mutex/lock_event])
[0x00007ff998d1e950] FreeList_lock - owner thread: 0x0000016a50055010
[0x00007ff998d20e50] Threads_lock - owner thread: 0x0000016a30a13510
[0x00007ff998d20f50] Heap_lock - owner thread: 0x0000016a516deb20

Heap address: 0x0000000080000000, size: 2048 MB, Compressed Oops mode: 32-bit

CDS archive(s) mapped at: [0x0000016a31000000-0x0000016a31c90000-0x0000016a31c90000), size 13172736, SharedBaseAddress: 0x0000016a31000000, ArchiveRelocationMode: 1.
Compressed class space mapped at: 0x0000016a32000000-0x0000016a4c000000, reserved size: 436207616
Narrow klass base: 0x0000016a31000000, Narrow klass shift: 0, Narrow klass range: 0x100000000

GC Precious Log:
 CardTable entry size: 512
 Card Set container configuration: InlinePtr #cards 5 size 8 Array Of Cards #cards 12 size 40 Howl #buckets 4 coarsen threshold 1843 Howl Bitmap #cards 512 size 80 coarsen threshold 460 Card regions per heap region 1 cards per card region 2048
 CPUs: 8 total, 8 available
 Memory: 16167M
 Large Page Support: Disabled
 NUMA Support: Disabled
 Compressed Oops: Enabled (32-bit)
 Heap Region Size: 1M
 Heap Min Capacity: 8M
 Heap Initial Capacity: 254M
 Heap Max Capacity: 2G
 Pre-touch: Disabled
 Parallel Workers: 8
 Concurrent Workers: 2
 Concurrent Refinement Workers: 8
 Periodic GC: Disabled

Heap:
 garbage-first heap   total 147456K, used 132703K [0x0000000080000000, 0x0000000100000000)
  region size 1024K, 64 young (65536K), 8 survivors (8192K)
 Metaspace       used 85334K, committed 87552K, reserved 557056K
  class space    used 12050K, committed 13120K, reserved 425984K

Heap Regions: E=young(eden), S=young(survivor), O=old, HS=humongous(starts), HC=humongous(continues), CS=collection set, F=free, TAMS=top-at-mark-start, PB=parsable bottom
|   0|0x0000000080000000, 0x0000000080100000, 0x0000000080100000|100%|HS|  |TAMS 0x0000000080100000| PB 0x0000000080000000| Complete 
|   1|0x0000000080100000, 0x0000000080200000, 0x0000000080200000|100%|HC|  |TAMS 0x0000000080200000| PB 0x0000000080100000| Complete 
|   2|0x0000000080200000, 0x0000000080300000, 0x0000000080300000|100%|HC|  |TAMS 0x0000000080300000| PB 0x0000000080200000| Complete 
|   3|0x0000000080300000, 0x0000000080400000, 0x0000000080400000|100%| O|  |TAMS 0x0000000080400000| PB 0x0000000080300000| Untracked 
|   4|0x0000000080400000, 0x0000000080500000, 0x0000000080500000|100%| O|  |TAMS 0x0000000080500000| PB 0x0000000080400000| Untracked 
|   5|0x0000000080500000, 0x0000000080600000, 0x0000000080600000|100%| O|  |TAMS 0x0000000080600000| PB 0x0000000080500000| Untracked 
|   6|0x0000000080600000, 0x0000000080700000, 0x0000000080700000|100%|HS|  |TAMS 0x0000000080700000| PB 0x0000000080600000| Complete 
|   7|0x0000000080700000, 0x0000000080800000, 0x0000000080800000|100%| O|  |TAMS 0x0000000080800000| PB 0x0000000080700000| Untracked 
|   8|0x0000000080800000, 0x0000000080900000, 0x0000000080900000|100%| O|  |TAMS 0x0000000080900000| PB 0x0000000080800000| Untracked 
|   9|0x0000000080900000, 0x0000000080a00000, 0x0000000080a00000|100%| O|  |TAMS 0x0000000080a00000| PB 0x0000000080900000| Untracked 
|  10|0x0000000080a00000, 0x0000000080b00000, 0x0000000080b00000|100%| O|  |TAMS 0x0000000080b00000| PB 0x0000000080a00000| Untracked 
|  11|0x0000000080b00000, 0x0000000080c00000, 0x0000000080c00000|100%| O|  |TAMS 0x0000000080c00000| PB 0x0000000080b00000| Untracked 
|  12|0x0000000080c00000, 0x0000000080d00000, 0x0000000080d00000|100%| O|  |TAMS 0x0000000080d00000| PB 0x0000000080c00000| Untracked 
|  13|0x0000000080d00000, 0x0000000080e00000, 0x0000000080e00000|100%| O|  |TAMS 0x0000000080e00000| PB 0x0000000080d00000| Untracked 
|  14|0x0000000080e00000, 0x0000000080f00000, 0x0000000080f00000|100%| O|  |TAMS 0x0000000080f00000| PB 0x0000000080e00000| Untracked 
|  15|0x0000000080f00000, 0x0000000081000000, 0x0000000081000000|100%| O|  |TAMS 0x0000000081000000| PB 0x0000000080f00000| Untracked 
|  16|0x0000000081000000, 0x0000000081100000, 0x0000000081100000|100%| O|  |TAMS 0x0000000081100000| PB 0x0000000081000000| Untracked 
|  17|0x0000000081100000, 0x0000000081200000, 0x0000000081200000|100%| O|  |TAMS 0x0000000081200000| PB 0x0000000081100000| Untracked 
|  18|0x0000000081200000, 0x0000000081300000, 0x0000000081300000|100%| O|  |TAMS 0x0000000081300000| PB 0x0000000081200000| Untracked 
|  19|0x0000000081300000, 0x0000000081400000, 0x0000000081400000|100%| O|  |TAMS 0x0000000081400000| PB 0x0000000081300000| Untracked 
|  20|0x0000000081400000, 0x0000000081500000, 0x0000000081500000|100%| O|  |TAMS 0x0000000081500000| PB 0x0000000081400000| Untracked 
|  21|0x0000000081500000, 0x0000000081600000, 0x0000000081600000|100%| O|  |TAMS 0x0000000081600000| PB 0x0000000081500000| Untracked 
|  22|0x0000000081600000, 0x0000000081700000, 0x0000000081700000|100%| O|  |TAMS 0x0000000081700000| PB 0x0000000081600000| Untracked 
|  23|0x0000000081700000, 0x0000000081800000, 0x0000000081800000|100%| O|  |TAMS 0x0000000081800000| PB 0x0000000081700000| Untracked 
|  24|0x0000000081800000, 0x0000000081900000, 0x0000000081900000|100%| O|  |TAMS 0x0000000081900000| PB 0x0000000081800000| Untracked 
|  25|0x0000000081900000, 0x0000000081a00000, 0x0000000081a00000|100%| O|  |TAMS 0x0000000081a00000| PB 0x0000000081900000| Untracked 
|  26|0x0000000081a00000, 0x0000000081b00000, 0x0000000081b00000|100%| O|  |TAMS 0x0000000081b00000| PB 0x0000000081a00000| Untracked 
|  27|0x0000000081b00000, 0x0000000081c00000, 0x0000000081c00000|100%| O|  |TAMS 0x0000000081c00000| PB 0x0000000081b00000| Untracked 
|  28|0x0000000081c00000, 0x0000000081d00000, 0x0000000081d00000|100%| O|  |TAMS 0x0000000081d00000| PB 0x0000000081c00000| Untracked 
|  29|0x0000000081d00000, 0x0000000081e00000, 0x0000000081e00000|100%| O|  |TAMS 0x0000000081e00000| PB 0x0000000081d00000| Untracked 
|  30|0x0000000081e00000, 0x0000000081f00000, 0x0000000081f00000|100%| O|  |TAMS 0x0000000081f00000| PB 0x0000000081e00000| Untracked 
|  31|0x0000000081f00000, 0x0000000082000000, 0x0000000082000000|100%| O|  |TAMS 0x0000000082000000| PB 0x0000000081f00000| Untracked 
|  32|0x0000000082000000, 0x0000000082100000, 0x0000000082100000|100%| O|  |TAMS 0x0000000082100000| PB 0x0000000082000000| Untracked 
|  33|0x0000000082100000, 0x0000000082200000, 0x0000000082200000|100%| O|  |TAMS 0x0000000082200000| PB 0x0000000082100000| Untracked 
|  34|0x0000000082200000, 0x0000000082300000, 0x0000000082300000|100%| O|  |TAMS 0x0000000082300000| PB 0x0000000082200000| Untracked 
|  35|0x0000000082300000, 0x0000000082400000, 0x0000000082400000|100%| O|  |TAMS 0x0000000082400000| PB 0x0000000082300000| Untracked 
|  36|0x0000000082400000, 0x0000000082500000, 0x0000000082500000|100%| O|  |TAMS 0x0000000082500000| PB 0x0000000082400000| Untracked 
|  37|0x0000000082500000, 0x0000000082600000, 0x0000000082600000|100%| O|  |TAMS 0x0000000082600000| PB 0x0000000082500000| Untracked 
|  38|0x0000000082600000, 0x0000000082700000, 0x0000000082700000|100%| O|  |TAMS 0x0000000082700000| PB 0x0000000082600000| Untracked 
|  39|0x0000000082700000, 0x0000000082800000, 0x0000000082800000|100%| O|  |TAMS 0x0000000082800000| PB 0x0000000082700000| Untracked 
|  40|0x0000000082800000, 0x0000000082900000, 0x0000000082900000|100%| O|  |TAMS 0x0000000082900000| PB 0x0000000082800000| Untracked 
|  41|0x0000000082900000, 0x0000000082a00000, 0x0000000082a00000|100%| O|  |TAMS 0x0000000082a00000| PB 0x0000000082900000| Untracked 
|  42|0x0000000082a00000, 0x0000000082b00000, 0x0000000082b00000|100%| O|  |TAMS 0x0000000082b00000| PB 0x0000000082a00000| Untracked 
|  43|0x0000000082b00000, 0x0000000082c00000, 0x0000000082c00000|100%| O|  |TAMS 0x0000000082c00000| PB 0x0000000082b00000| Untracked 
|  44|0x0000000082c00000, 0x0000000082d00000, 0x0000000082d00000|100%| O|  |TAMS 0x0000000082d00000| PB 0x0000000082c00000| Untracked 
|  45|0x0000000082d00000, 0x0000000082e00000, 0x0000000082e00000|100%| O|  |TAMS 0x0000000082e00000| PB 0x0000000082d00000| Untracked 
|  46|0x0000000082e00000, 0x0000000082f00000, 0x0000000082f00000|100%| O|  |TAMS 0x0000000082f00000| PB 0x0000000082e00000| Untracked 
|  47|0x0000000082f00000, 0x0000000083000000, 0x0000000083000000|100%| O|  |TAMS 0x0000000083000000| PB 0x0000000082f00000| Untracked 
|  48|0x0000000083000000, 0x0000000083100000, 0x0000000083100000|100%| O|  |TAMS 0x0000000083100000| PB 0x0000000083000000| Untracked 
|  49|0x0000000083100000, 0x0000000083200000, 0x0000000083200000|100%| O|  |TAMS 0x0000000083200000| PB 0x0000000083100000| Untracked 
|  50|0x0000000083200000, 0x0000000083300000, 0x0000000083300000|100%| O|  |TAMS 0x0000000083300000| PB 0x0000000083200000| Untracked 
|  51|0x0000000083300000, 0x0000000083400000, 0x0000000083400000|100%| O|  |TAMS 0x0000000083400000| PB 0x0000000083300000| Untracked 
|  52|0x0000000083400000, 0x0000000083500000, 0x0000000083500000|100%| O|  |TAMS 0x0000000083400000| PB 0x0000000083400000| Untracked 
|  53|0x0000000083500000, 0x0000000083600000, 0x0000000083600000|100%| O|  |TAMS 0x0000000083600000| PB 0x0000000083500000| Untracked 
|  54|0x0000000083600000, 0x0000000083700000, 0x0000000083700000|100%| O|  |TAMS 0x0000000083700000| PB 0x0000000083600000| Untracked 
|  55|0x0000000083700000, 0x0000000083800000, 0x0000000083800000|100%| O|  |TAMS 0x0000000083800000| PB 0x0000000083700000| Untracked 
|  56|0x0000000083800000, 0x0000000083900000, 0x0000000083900000|100%| O|  |TAMS 0x0000000083900000| PB 0x0000000083800000| Untracked 
|  57|0x0000000083900000, 0x0000000083a00000, 0x0000000083a00000|100%| O|  |TAMS 0x0000000083900000| PB 0x0000000083900000| Untracked 
|  58|0x0000000083a00000, 0x0000000083b00000, 0x0000000083b00000|100%| O|  |TAMS 0x0000000083b00000| PB 0x0000000083a00000| Untracked 
|  59|0x0000000083b00000, 0x0000000083c00000, 0x0000000083c00000|100%| O|  |TAMS 0x0000000083c00000| PB 0x0000000083b00000| Untracked 
|  60|0x0000000083c00000, 0x0000000083d00000, 0x0000000083d00000|100%| O|  |TAMS 0x0000000083d00000| PB 0x0000000083c00000| Untracked 
|  61|0x0000000083d00000, 0x0000000083e00000, 0x0000000083e00000|100%| O|  |TAMS 0x0000000083e00000| PB 0x0000000083d00000| Untracked 
|  62|0x0000000083e00000, 0x0000000083f00000, 0x0000000083f00000|100%| O|  |TAMS 0x0000000083f00000| PB 0x0000000083e00000| Untracked 
|  63|0x0000000083f00000, 0x0000000084000000, 0x0000000084000000|100%|HS|  |TAMS 0x0000000084000000| PB 0x0000000083f00000| Complete 
|  64|0x0000000084000000, 0x0000000084100000, 0x0000000084100000|100%|HC|  |TAMS 0x0000000084100000| PB 0x0000000084000000| Complete 
|  65|0x0000000084100000, 0x0000000084200000, 0x0000000084200000|100%|HC|  |TAMS 0x0000000084200000| PB 0x0000000084100000| Complete 
|  66|0x0000000084200000, 0x0000000084300000, 0x0000000084300000|100%| O|  |TAMS 0x000000008425e578| PB 0x0000000084200000| Untracked 
|  67|0x0000000084300000, 0x0000000084400000, 0x0000000084400000|100%| O|  |TAMS 0x0000000084300000| PB 0x0000000084300000| Untracked 
|  68|0x0000000084400000, 0x0000000084500000, 0x0000000084500000|100%| O|  |TAMS 0x0000000084500000| PB 0x0000000084400000| Untracked 
|  69|0x0000000084500000, 0x0000000084600000, 0x0000000084600000|100%| O|  |TAMS 0x0000000084500000| PB 0x0000000084500000| Untracked 
|  70|0x0000000084600000, 0x0000000084700000, 0x0000000084700000|100%|HS|  |TAMS 0x0000000084700000| PB 0x0000000084600000| Complete 
|  71|0x0000000084700000, 0x0000000084800000, 0x0000000084800000|100%|HC|  |TAMS 0x0000000084800000| PB 0x0000000084700000| Complete 
|  72|0x0000000084800000, 0x0000000084900000, 0x0000000084900000|100%|HC|  |TAMS 0x0000000084900000| PB 0x0000000084800000| Complete 
|  73|0x0000000084900000, 0x0000000084a00000, 0x0000000084a00000|100%| O|  |TAMS 0x0000000084900000| PB 0x0000000084900000| Untracked 
|  74|0x0000000084a00000, 0x0000000084b00000, 0x0000000084b00000|100%| S|  |TAMS 0x0000000084a00000| PB 0x0000000084a00000| Complete 
|  75|0x0000000084b00000, 0x0000000084c00000, 0x0000000084c00000|100%| S|  |TAMS 0x0000000084b00000| PB 0x0000000084b00000| Complete 
|  76|0x0000000084c00000, 0x0000000084c39a20, 0x0000000084d00000| 22%| E|CS|TAMS 0x0000000084c00000| PB 0x0000000084c00000| Complete 
|  77|0x0000000084d00000, 0x0000000084e00000, 0x0000000084e00000|100%| E|CS|TAMS 0x0000000084d00000| PB 0x0000000084d00000| Complete 
|  78|0x0000000084e00000, 0x0000000084f00000, 0x0000000084f00000|100%| E|CS|TAMS 0x0000000084e00000| PB 0x0000000084e00000| Complete 
|  79|0x0000000084f00000, 0x0000000085000000, 0x0000000085000000|100%| E|CS|TAMS 0x0000000084f00000| PB 0x0000000084f00000| Complete 
|  80|0x0000000085000000, 0x0000000085100000, 0x0000000085100000|100%| E|CS|TAMS 0x0000000085000000| PB 0x0000000085000000| Complete 
|  81|0x0000000085100000, 0x0000000085200000, 0x0000000085200000|100%| S|  |TAMS 0x0000000085100000| PB 0x0000000085100000| Complete 
|  82|0x0000000085200000, 0x0000000085300000, 0x0000000085300000|100%| S|  |TAMS 0x0000000085200000| PB 0x0000000085200000| Complete 
|  83|0x0000000085300000, 0x0000000085400000, 0x0000000085400000|100%| S|  |TAMS 0x0000000085300000| PB 0x0000000085300000| Complete 
|  84|0x0000000085400000, 0x0000000085500000, 0x0000000085500000|100%| S|  |TAMS 0x0000000085400000| PB 0x0000000085400000| Complete 
|  85|0x0000000085500000, 0x0000000085600000, 0x0000000085600000|100%| S|  |TAMS 0x0000000085500000| PB 0x0000000085500000| Complete 
|  86|0x0000000085600000, 0x0000000085700000, 0x0000000085700000|100%| S|  |TAMS 0x0000000085600000| PB 0x0000000085600000| Complete 
|  87|0x0000000085700000, 0x0000000085800000, 0x0000000085800000|100%| E|CS|TAMS 0x0000000085700000| PB 0x0000000085700000| Complete 
|  88|0x0000000085800000, 0x0000000085900000, 0x0000000085900000|100%| E|CS|TAMS 0x0000000085800000| PB 0x0000000085800000| Complete 
|  89|0x0000000085900000, 0x0000000085a00000, 0x0000000085a00000|100%| E|CS|TAMS 0x0000000085900000| PB 0x0000000085900000| Complete 
|  90|0x0000000085a00000, 0x0000000085b00000, 0x0000000085b00000|100%| E|CS|TAMS 0x0000000085a00000| PB 0x0000000085a00000| Complete 
|  91|0x0000000085b00000, 0x0000000085c00000, 0x0000000085c00000|100%| E|CS|TAMS 0x0000000085b00000| PB 0x0000000085b00000| Complete 
|  92|0x0000000085c00000, 0x0000000085d00000, 0x0000000085d00000|100%| E|CS|TAMS 0x0000000085c00000| PB 0x0000000085c00000| Complete 
|  93|0x0000000085d00000, 0x0000000085e00000, 0x0000000085e00000|100%| E|CS|TAMS 0x0000000085d00000| PB 0x0000000085d00000| Complete 
|  94|0x0000000085e00000, 0x0000000085f00000, 0x0000000085f00000|100%| E|CS|TAMS 0x0000000085e00000| PB 0x0000000085e00000| Complete 
|  95|0x0000000085f00000, 0x0000000086000000, 0x0000000086000000|100%| E|CS|TAMS 0x0000000085f00000| PB 0x0000000085f00000| Complete 
|  96|0x0000000086000000, 0x0000000086100000, 0x0000000086100000|100%| E|CS|TAMS 0x0000000086000000| PB 0x0000000086000000| Complete 
|  97|0x0000000086100000, 0x0000000086200000, 0x0000000086200000|100%| E|CS|TAMS 0x0000000086100000| PB 0x0000000086100000| Complete 
|  98|0x0000000086200000, 0x0000000086300000, 0x0000000086300000|100%| E|CS|TAMS 0x0000000086200000| PB 0x0000000086200000| Complete 
|  99|0x0000000086300000, 0x0000000086400000, 0x0000000086400000|100%| E|CS|TAMS 0x0000000086300000| PB 0x0000000086300000| Complete 
| 100|0x0000000086400000, 0x0000000086500000, 0x0000000086500000|100%| E|CS|TAMS 0x0000000086400000| PB 0x0000000086400000| Complete 
| 101|0x0000000086500000, 0x0000000086600000, 0x0000000086600000|100%| E|CS|TAMS 0x0000000086500000| PB 0x0000000086500000| Complete 
| 102|0x0000000086600000, 0x0000000086700000, 0x0000000086700000|100%| E|CS|TAMS 0x0000000086600000| PB 0x0000000086600000| Complete 
| 103|0x0000000086700000, 0x0000000086800000, 0x0000000086800000|100%| E|CS|TAMS 0x0000000086700000| PB 0x0000000086700000| Complete 
| 104|0x0000000086800000, 0x0000000086900000, 0x0000000086900000|100%| E|CS|TAMS 0x0000000086800000| PB 0x0000000086800000| Complete 
| 105|0x0000000086900000, 0x0000000086a00000, 0x0000000086a00000|100%| E|CS|TAMS 0x0000000086900000| PB 0x0000000086900000| Complete 
| 106|0x0000000086a00000, 0x0000000086b00000, 0x0000000086b00000|100%| E|CS|TAMS 0x0000000086a00000| PB 0x0000000086a00000| Complete 
| 107|0x0000000086b00000, 0x0000000086c00000, 0x0000000086c00000|100%| E|CS|TAMS 0x0000000086b00000| PB 0x0000000086b00000| Complete 
| 108|0x0000000086c00000, 0x0000000086d00000, 0x0000000086d00000|100%| E|CS|TAMS 0x0000000086c00000| PB 0x0000000086c00000| Complete 
| 109|0x0000000086d00000, 0x0000000086e00000, 0x0000000086e00000|100%| E|CS|TAMS 0x0000000086d00000| PB 0x0000000086d00000| Complete 
| 110|0x0000000086e00000, 0x0000000086f00000, 0x0000000086f00000|100%| E|CS|TAMS 0x0000000086e00000| PB 0x0000000086e00000| Complete 
| 111|0x0000000086f00000, 0x0000000087000000, 0x0000000087000000|100%| E|CS|TAMS 0x0000000086f00000| PB 0x0000000086f00000| Complete 
| 112|0x0000000087000000, 0x0000000087100000, 0x0000000087100000|100%| E|CS|TAMS 0x0000000087000000| PB 0x0000000087000000| Complete 
| 113|0x0000000087100000, 0x0000000087200000, 0x0000000087200000|100%| E|CS|TAMS 0x0000000087100000| PB 0x0000000087100000| Complete 
| 114|0x0000000087200000, 0x0000000087300000, 0x0000000087300000|100%| E|CS|TAMS 0x0000000087200000| PB 0x0000000087200000| Complete 
| 115|0x0000000087300000, 0x0000000087400000, 0x0000000087400000|100%| E|CS|TAMS 0x0000000087300000| PB 0x0000000087300000| Complete 
| 116|0x0000000087400000, 0x0000000087500000, 0x0000000087500000|100%| E|CS|TAMS 0x0000000087400000| PB 0x0000000087400000| Complete 
| 117|0x0000000087500000, 0x0000000087600000, 0x0000000087600000|100%| E|CS|TAMS 0x0000000087500000| PB 0x0000000087500000| Complete 
| 118|0x0000000087600000, 0x0000000087700000, 0x0000000087700000|100%| E|CS|TAMS 0x0000000087600000| PB 0x0000000087600000| Complete 
| 119|0x0000000087700000, 0x0000000087800000, 0x0000000087800000|100%| E|CS|TAMS 0x0000000087700000| PB 0x0000000087700000| Complete 
| 120|0x0000000087800000, 0x0000000087900000, 0x0000000087900000|100%| E|CS|TAMS 0x0000000087800000| PB 0x0000000087800000| Complete 
| 121|0x0000000087900000, 0x0000000087a00000, 0x0000000087a00000|100%| E|CS|TAMS 0x0000000087900000| PB 0x0000000087900000| Complete 
| 122|0x0000000087a00000, 0x0000000087b00000, 0x0000000087b00000|100%| E|CS|TAMS 0x0000000087a00000| PB 0x0000000087a00000| Complete 
| 123|0x0000000087b00000, 0x0000000087c00000, 0x0000000087c00000|100%| E|CS|TAMS 0x0000000087b00000| PB 0x0000000087b00000| Complete 
| 124|0x0000000087c00000, 0x0000000087d00000, 0x0000000087d00000|100%| E|CS|TAMS 0x0000000087c00000| PB 0x0000000087c00000| Complete 
| 125|0x0000000087d00000, 0x0000000087e00000, 0x0000000087e00000|100%| E|CS|TAMS 0x0000000087d00000| PB 0x0000000087d00000| Complete 
| 126|0x0000000087e00000, 0x0000000087f00000, 0x0000000087f00000|100%| E|CS|TAMS 0x0000000087e00000| PB 0x0000000087e00000| Complete 
| 162|0x000000008a200000, 0x000000008a300000, 0x000000008a300000|100%| E|CS|TAMS 0x000000008a200000| PB 0x000000008a200000| Complete 
| 163|0x000000008a300000, 0x000000008a400000, 0x000000008a400000|100%| E|CS|TAMS 0x000000008a300000| PB 0x000000008a300000| Complete 
| 164|0x000000008a400000, 0x000000008a500000, 0x000000008a500000|100%| E|CS|TAMS 0x000000008a400000| PB 0x000000008a400000| Complete 
| 165|0x000000008a500000, 0x000000008a600000, 0x000000008a600000|100%| E|CS|TAMS 0x000000008a500000| PB 0x000000008a500000| Complete 
| 166|0x000000008a600000, 0x000000008a700000, 0x000000008a700000|100%| E|CS|TAMS 0x000000008a600000| PB 0x000000008a600000| Complete 
| 167|0x000000008a700000, 0x000000008a800000, 0x000000008a800000|100%| E|CS|TAMS 0x000000008a700000| PB 0x000000008a700000| Complete 
| 168|0x000000008a800000, 0x000000008a900000, 0x000000008a900000|100%| E|CS|TAMS 0x000000008a800000| PB 0x000000008a800000| Complete 
| 169|0x000000008a900000, 0x000000008aa00000, 0x000000008aa00000|100%| E|CS|TAMS 0x000000008a900000| PB 0x000000008a900000| Complete 
| 170|0x000000008aa00000, 0x000000008ab00000, 0x000000008ab00000|100%| E|CS|TAMS 0x000000008aa00000| PB 0x000000008aa00000| Complete 
| 171|0x000000008ab00000, 0x000000008ac00000, 0x000000008ac00000|100%| E|CS|TAMS 0x000000008ab00000| PB 0x000000008ab00000| Complete 
| 172|0x000000008ac00000, 0x000000008ad00000, 0x000000008ad00000|100%| E|CS|TAMS 0x000000008ac00000| PB 0x000000008ac00000| Complete 
| 173|0x000000008ad00000, 0x000000008ae00000, 0x000000008ae00000|100%| E|CS|TAMS 0x000000008ad00000| PB 0x000000008ad00000| Complete 
| 174|0x000000008ae00000, 0x000000008af00000, 0x000000008af00000|100%| E|CS|TAMS 0x000000008ae00000| PB 0x000000008ae00000| Complete 
| 252|0x000000008fc00000, 0x000000008fd00000, 0x000000008fd00000|100%| E|CS|TAMS 0x000000008fc00000| PB 0x000000008fc00000| Complete 
| 253|0x000000008fd00000, 0x000000008fe00000, 0x000000008fe00000|100%| E|CS|TAMS 0x000000008fd00000| PB 0x000000008fd00000| Complete 
|2046|0x00000000ffe00000, 0x00000000fff00000, 0x00000000fff00000|100%| O|  |TAMS 0x00000000fff00000| PB 0x00000000ffe00000| Untracked 
|2047|0x00000000fff00000, 0x0000000100000000, 0x0000000100000000|100%| E|CS|TAMS 0x00000000fff00000| PB 0x00000000fff00000| Complete 

Card table byte_map: [0x0000016a2bc00000,0x0000016a2c000000] _byte_map_base: 0x0000016a2b800000

Marking Bits: (CMBitMap*) 0x0000016a140a2dd0
 Bits: [0x0000016a2c000000, 0x0000016a2e000000)

Polling page: 0x0000016a11f20000

Metaspace:

Usage:
  Non-class:     71.57 MB used.
      Class:     11.77 MB used.
       Both:     83.33 MB used.

Virtual space:
  Non-class space:      128.00 MB reserved,      72.69 MB ( 57%) committed,  2 nodes.
      Class space:      416.00 MB reserved,      12.81 MB (  3%) committed,  1 nodes.
             Both:      544.00 MB reserved,      85.50 MB ( 16%) committed. 

Chunk freelists:
   Non-Class:  6.58 MB
       Class:  3.14 MB
        Both:  9.71 MB

MaxMetaspaceSize: 512.00 MB
CompressedClassSpaceSize: 416.00 MB
Initial GC threshold: 21.00 MB
Current GC threshold: 112.00 MB
CDS: on
 - commit_granule_bytes: 65536.
 - commit_granule_words: 8192.
 - virtual_space_node_default_size: 8388608.
 - enlarge_chunks_in_place: 1.
 - use_allocation_guard: 0.


Internal statistics:

num_allocs_failed_limit: 6.
num_arena_births: 3804.
num_arena_deaths: 8.
num_vsnodes_births: 3.
num_vsnodes_deaths: 0.
num_space_committed: 1368.
num_space_uncommitted: 0.
num_chunks_returned_to_freelist: 20.
num_chunks_taken_from_freelist: 7656.
num_chunk_merges: 8.
num_chunk_splits: 5137.
num_chunks_enlarged: 3354.
num_inconsistent_stats: 0.

CodeHeap 'non-profiled nmethods': size=120000Kb used=4771Kb max_used=4771Kb free=115229Kb
 bounds [0x0000016a23fa0000, 0x0000016a24450000, 0x0000016a2b4d0000]
CodeHeap 'profiled nmethods': size=120000Kb used=15415Kb max_used=15415Kb free=104584Kb
 bounds [0x0000016a1c4d0000, 0x0000016a1d3e0000, 0x0000016a23a00000]
CodeHeap 'non-nmethods': size=5760Kb used=2360Kb max_used=2391Kb free=3399Kb
 bounds [0x0000016a23a00000, 0x0000016a23c70000, 0x0000016a23fa0000]
 total_blobs=9103 nmethods=8258 adapters=749
 compilation: enabled
              stopped_count=0, restarted_count=0
 full_count=0

Compilation events (20 events):
Event: 18.892 Thread 0x0000016a30a742b0 nmethod 9781 0x0000016a1d3ce510 code [0x0000016a1d3ce740, 0x0000016a1d3cee90]
Event: 18.892 Thread 0x0000016a30a742b0 9776       1       org.jetbrains.kotlin.cli.jvm.compiler.jarfs.ZipEntryDescription::getUncompressedSize (5 bytes)
Event: 18.892 Thread 0x0000016a30a742b0 nmethod 9776 0x0000016a24440b10 code [0x0000016a24440ca0, 0x0000016a24440d68]
Event: 18.899 Thread 0x0000016a55ad98f0 nmethod 9771 0x0000016a24440e10 code [0x0000016a24441020, 0x0000016a244418f8]
Event: 18.900 Thread 0x0000016a55ad98f0 9783       4       org.jetbrains.kotlin.cli.jvm.compiler.jarfs.FastJarHandler::splitPath (78 bytes)
Event: 18.906 Thread 0x0000016a30a53390 nmethod 9782 0x0000016a24441e10 code [0x0000016a24441fe0, 0x0000016a24442878]
Event: 18.906 Thread 0x0000016a30a53390 9784       4       org.jetbrains.kotlin.cli.jvm.compiler.jarfs.ByteArrayCharSequence::subSequence (44 bytes)
Event: 18.908 Thread 0x0000016a30a742b0 9789 % !   3       org.jetbrains.kotlin.cli.jvm.compiler.jarfs.FastJarHandler::<init> @ 438 (551 bytes)
Event: 18.909 Thread 0x0000016a30a53390 nmethod 9784 0x0000016a24442b10 code [0x0000016a24442ca0, 0x0000016a24442eb0]
Event: 18.909 Thread 0x0000016a30a53390 9785       4       org.jetbrains.kotlin.cli.jvm.compiler.jarfs.ZipEntryDescription::isDirectory (15 bytes)
Event: 18.910 Thread 0x0000016a30a53390 nmethod 9785 0x0000016a24443010 code [0x0000016a244431a0, 0x0000016a24443238]
Event: 18.910 Thread 0x0000016a30a53390 9786       4       org.jetbrains.kotlin.cli.jvm.compiler.jarfs.FastJarHandler::getOrCreateDirectory (106 bytes)
Event: 18.914 Thread 0x0000016a30a742b0 nmethod 9789% 0x0000016a1d3cf110 code [0x0000016a1d3cfa20, 0x0000016a1d3d4858]
Event: 18.915 Thread 0x0000016a30a742b0 9790   !   3       org.jetbrains.kotlin.cli.jvm.compiler.jarfs.FastJarHandler::<init> (551 bytes)
Event: 18.918 Thread 0x0000016a55ad98f0 nmethod 9783 0x0000016a24443310 code [0x0000016a24443500, 0x0000016a24443da0]
Event: 18.918 Thread 0x0000016a55ad98f0 9787       4       org.jetbrains.kotlin.cli.jvm.compiler.jarfs.FastJarVirtualFile::<init> (93 bytes)
Event: 18.920 Thread 0x0000016a30a742b0 nmethod 9790 0x0000016a1d3d6c90 code [0x0000016a1d3d7500, 0x0000016a1d3dbba8]
Event: 18.939 Thread 0x0000016a55ad98f0 nmethod 9787 0x0000016a24444110 code [0x0000016a24444320, 0x0000016a244451a0]
Event: 18.939 Thread 0x0000016a55ad98f0 9788       4       org.jetbrains.kotlin.cli.jvm.compiler.jarfs.FastJarHandler::createFile (81 bytes)
Event: 18.985 Thread 0x0000016a30a53390 nmethod 9786 0x0000016a24445510 code [0x0000016a24445840, 0x0000016a24447bd8]

GC Heap History (20 events):
Event: 12.506 GC heap before
{Heap before GC invocations=18 (full 0):
 garbage-first heap   total 103424K, used 90422K [0x0000000080000000, 0x0000000100000000)
  region size 1024K, 44 young (45056K), 6 survivors (6144K)
 Metaspace       used 51486K, committed 53312K, reserved 491520K
  class space    used 7217K, committed 8064K, reserved 425984K
}
Event: 12.511 GC heap after
{Heap after GC invocations=19 (full 0):
 garbage-first heap   total 103424K, used 53249K [0x0000000080000000, 0x0000000100000000)
  region size 1024K, 2 young (2048K), 2 survivors (2048K)
 Metaspace       used 51486K, committed 53312K, reserved 491520K
  class space    used 7217K, committed 8064K, reserved 425984K
}
Event: 13.592 GC heap before
{Heap before GC invocations=20 (full 0):
 garbage-first heap   total 103424K, used 93185K [0x0000000080000000, 0x0000000100000000)
  region size 1024K, 41 young (41984K), 2 survivors (2048K)
 Metaspace       used 55466K, committed 57344K, reserved 491520K
  class space    used 7864K, committed 8768K, reserved 425984K
}
Event: 13.595 GC heap after
{Heap after GC invocations=21 (full 0):
 garbage-first heap   total 103424K, used 53918K [0x0000000080000000, 0x0000000100000000)
  region size 1024K, 3 young (3072K), 3 survivors (3072K)
 Metaspace       used 55466K, committed 57344K, reserved 491520K
  class space    used 7864K, committed 8768K, reserved 425984K
}
Event: 14.196 GC heap before
{Heap before GC invocations=21 (full 0):
 garbage-first heap   total 103424K, used 91806K [0x0000000080000000, 0x0000000100000000)
  region size 1024K, 41 young (41984K), 3 survivors (3072K)
 Metaspace       used 59586K, committed 61440K, reserved 491520K
  class space    used 8442K, committed 9344K, reserved 425984K
}
Event: 14.200 GC heap after
{Heap after GC invocations=22 (full 0):
 garbage-first heap   total 103424K, used 56167K [0x0000000080000000, 0x0000000100000000)
  region size 1024K, 6 young (6144K), 6 survivors (6144K)
 Metaspace       used 59586K, committed 61440K, reserved 491520K
  class space    used 8442K, committed 9344K, reserved 425984K
}
Event: 14.729 GC heap before
{Heap before GC invocations=22 (full 0):
 garbage-first heap   total 103424K, used 89959K [0x0000000080000000, 0x0000000100000000)
  region size 1024K, 39 young (39936K), 6 survivors (6144K)
 Metaspace       used 62967K, committed 64960K, reserved 491520K
  class space    used 8948K, committed 9920K, reserved 425984K
}
Event: 14.734 GC heap after
{Heap after GC invocations=23 (full 0):
 garbage-first heap   total 103424K, used 59045K [0x0000000080000000, 0x0000000100000000)
  region size 1024K, 5 young (5120K), 5 survivors (5120K)
 Metaspace       used 62967K, committed 64960K, reserved 491520K
  class space    used 8948K, committed 9920K, reserved 425984K
}
Event: 15.404 GC heap before
{Heap before GC invocations=24 (full 0):
 garbage-first heap   total 104448K, used 91813K [0x0000000080000000, 0x0000000100000000)
  region size 1024K, 37 young (37888K), 5 survivors (5120K)
 Metaspace       used 65129K, committed 67200K, reserved 491520K
  class space    used 9285K, committed 10304K, reserved 425984K
}
Event: 15.413 GC heap after
{Heap after GC invocations=25 (full 0):
 garbage-first heap   total 104448K, used 62938K [0x0000000080000000, 0x0000000100000000)
  region size 1024K, 4 young (4096K), 4 survivors (4096K)
 Metaspace       used 65129K, committed 67200K, reserved 491520K
  class space    used 9285K, committed 10304K, reserved 425984K
}
Event: 15.908 GC heap before
{Heap before GC invocations=25 (full 0):
 garbage-first heap   total 104448K, used 97754K [0x0000000080000000, 0x0000000100000000)
  region size 1024K, 33 young (33792K), 4 survivors (4096K)
 Metaspace       used 65671K, committed 67712K, reserved 491520K
  class space    used 9324K, committed 10304K, reserved 425984K
}
Event: 15.914 GC heap after
{Heap after GC invocations=26 (full 0):
 garbage-first heap   total 109568K, used 72921K [0x0000000080000000, 0x0000000100000000)
  region size 1024K, 5 young (5120K), 5 survivors (5120K)
 Metaspace       used 65671K, committed 67712K, reserved 491520K
  class space    used 9324K, committed 10304K, reserved 425984K
}
Event: 16.079 GC heap before
{Heap before GC invocations=26 (full 0):
 garbage-first heap   total 109568K, used 79065K [0x0000000080000000, 0x0000000100000000)
  region size 1024K, 12 young (12288K), 5 survivors (5120K)
 Metaspace       used 66448K, committed 68544K, reserved 491520K
  class space    used 9426K, committed 10432K, reserved 425984K
}
Event: 16.082 GC heap after
{Heap after GC invocations=27 (full 0):
 garbage-first heap   total 147456K, used 73730K [0x0000000080000000, 0x0000000100000000)
  region size 1024K, 1 young (1024K), 1 survivors (1024K)
 Metaspace       used 66448K, committed 68544K, reserved 491520K
  class space    used 9426K, committed 10432K, reserved 425984K
}
Event: 16.090 GC heap before
{Heap before GC invocations=27 (full 0):
 garbage-first heap   total 147456K, used 79874K [0x0000000080000000, 0x0000000100000000)
  region size 1024K, 2 young (2048K), 1 survivors (1024K)
 Metaspace       used 66448K, committed 68544K, reserved 491520K
  class space    used 9426K, committed 10432K, reserved 425984K
}
Event: 16.091 GC heap after
{Heap after GC invocations=28 (full 0):
 garbage-first heap   total 147456K, used 79531K [0x0000000080000000, 0x0000000100000000)
  region size 1024K, 1 young (1024K), 1 survivors (1024K)
 Metaspace       used 66448K, committed 68544K, reserved 491520K
  class space    used 9426K, committed 10432K, reserved 425984K
}
Event: 17.232 GC heap before
{Heap before GC invocations=29 (full 0):
 garbage-first heap   total 147456K, used 134827K [0x0000000080000000, 0x0000000100000000)
  region size 1024K, 54 young (55296K), 1 survivors (1024K)
 Metaspace       used 74279K, committed 76352K, reserved 557056K
  class space    used 10732K, committed 11712K, reserved 425984K
}
Event: 17.235 GC heap after
{Heap after GC invocations=30 (full 0):
 garbage-first heap   total 147456K, used 75127K [0x0000000080000000, 0x0000000100000000)
  region size 1024K, 3 young (3072K), 3 survivors (3072K)
 Metaspace       used 74279K, committed 76352K, reserved 557056K
  class space    used 10732K, committed 11712K, reserved 425984K
}
Event: 18.207 GC heap before
{Heap before GC invocations=30 (full 0):
 garbage-first heap   total 147456K, used 134519K [0x0000000080000000, 0x0000000100000000)
  region size 1024K, 61 young (62464K), 3 survivors (3072K)
 Metaspace       used 82292K, committed 84544K, reserved 557056K
  class space    used 11710K, committed 12800K, reserved 425984K
}
Event: 18.212 GC heap after
{Heap after GC invocations=31 (full 0):
 garbage-first heap   total 147456K, used 75359K [0x0000000080000000, 0x0000000100000000)
  region size 1024K, 5 young (5120K), 5 survivors (5120K)
 Metaspace       used 82292K, committed 84544K, reserved 557056K
  class space    used 11710K, committed 12800K, reserved 425984K
}

Dll operation events (15 events):
Event: 0.013 Loaded shared library C:\Program Files\Java\jdk-21\bin\java.dll
Event: 0.059 Loaded shared library C:\Program Files\Java\jdk-21\bin\jsvml.dll
Event: 0.138 Loaded shared library C:\Program Files\Java\jdk-21\bin\zip.dll
Event: 0.143 Loaded shared library C:\Program Files\Java\jdk-21\bin\instrument.dll
Event: 0.148 Loaded shared library C:\Program Files\Java\jdk-21\bin\net.dll
Event: 0.151 Loaded shared library C:\Program Files\Java\jdk-21\bin\nio.dll
Event: 0.154 Loaded shared library C:\Program Files\Java\jdk-21\bin\zip.dll
Event: 0.474 Loaded shared library C:\Program Files\Java\jdk-21\bin\jimage.dll
Event: 0.885 Loaded shared library C:\Program Files\Java\jdk-21\bin\verify.dll
Event: 0.938 Loaded shared library C:\Users\ahmed\.gradle\native\1def1411415f61bf3af743bc5b6707747c0891f09f0c88961ee8f79bc544acac\windows-amd64\native-platform.dll
Event: 0.958 Loaded shared library C:\Users\ahmed\.gradle\native\0.2.8\x86_64-windows-gnu\gradle-fileevents.dll
Event: 2.935 Loaded shared library C:\Program Files\Java\jdk-21\bin\management.dll
Event: 2.940 Loaded shared library C:\Program Files\Java\jdk-21\bin\management_ext.dll
Event: 3.181 Loaded shared library C:\Program Files\Java\jdk-21\bin\extnet.dll
Event: 3.452 Loaded shared library C:\Program Files\Java\jdk-21\bin\sunmscapi.dll

Deoptimization events (20 events):
Event: 18.841 Thread 0x0000016a51808b50 Uncommon trap: trap_request=0xffffffde fr.pc=0x0000016a244368a8 relative=0x0000000000000248
Event: 18.842 Thread 0x0000016a51808b50 Uncommon trap: reason=class_check action=maybe_recompile pc=0x0000016a244368a8 method=java.nio.ByteBuffer.getArray(I[BII)Ljava/nio/ByteBuffer; @ 49 c2
Event: 18.842 Thread 0x0000016a51808b50 DEOPT PACKING pc=0x0000016a244368a8 sp=0x0000004a12eff060
Event: 18.842 Thread 0x0000016a51808b50 DEOPT UNPACKING pc=0x0000016a23a57da2 sp=0x0000004a12efef88 mode 2
Event: 18.844 Thread 0x0000016a51806a80 Uncommon trap: trap_request=0xffffffde fr.pc=0x0000016a24424d48 relative=0x00000000000002e8
Event: 18.844 Thread 0x0000016a51806a80 Uncommon trap: reason=class_check action=maybe_recompile pc=0x0000016a24424d48 method=org.jetbrains.kotlin.com.intellij.openapi.util.text.StringUtilRt.equal(Ljava/lang/CharSequence;Ljava/lang/CharSequence;Z)Z @ 24 c2
Event: 18.844 Thread 0x0000016a51806a80 DEOPT PACKING pc=0x0000016a24424d48 sp=0x0000004a12af25b0
Event: 18.844 Thread 0x0000016a51806a80 DEOPT UNPACKING pc=0x0000016a23a57da2 sp=0x0000004a12af2560 mode 2
Event: 18.844 Thread 0x0000016a51806a80 Uncommon trap: trap_request=0xffffffde fr.pc=0x0000016a24424d48 relative=0x00000000000002e8
Event: 18.844 Thread 0x0000016a51806a80 Uncommon trap: reason=class_check action=maybe_recompile pc=0x0000016a24424d48 method=org.jetbrains.kotlin.com.intellij.openapi.util.text.StringUtilRt.equal(Ljava/lang/CharSequence;Ljava/lang/CharSequence;Z)Z @ 24 c2
Event: 18.844 Thread 0x0000016a51806a80 DEOPT PACKING pc=0x0000016a24424d48 sp=0x0000004a12af25b0
Event: 18.844 Thread 0x0000016a51806a80 DEOPT UNPACKING pc=0x0000016a23a57da2 sp=0x0000004a12af2560 mode 2
Event: 18.844 Thread 0x0000016a51806a80 Uncommon trap: trap_request=0xffffffde fr.pc=0x0000016a24424d48 relative=0x00000000000002e8
Event: 18.844 Thread 0x0000016a51806a80 Uncommon trap: reason=class_check action=maybe_recompile pc=0x0000016a24424d48 method=org.jetbrains.kotlin.com.intellij.openapi.util.text.StringUtilRt.equal(Ljava/lang/CharSequence;Ljava/lang/CharSequence;Z)Z @ 24 c2
Event: 18.844 Thread 0x0000016a51806a80 DEOPT PACKING pc=0x0000016a24424d48 sp=0x0000004a12af25b0
Event: 18.844 Thread 0x0000016a51806a80 DEOPT UNPACKING pc=0x0000016a23a57da2 sp=0x0000004a12af2560 mode 2
Event: 18.844 Thread 0x0000016a51806a80 Uncommon trap: trap_request=0xffffffde fr.pc=0x0000016a24424d48 relative=0x00000000000002e8
Event: 18.844 Thread 0x0000016a51806a80 Uncommon trap: reason=class_check action=maybe_recompile pc=0x0000016a24424d48 method=org.jetbrains.kotlin.com.intellij.openapi.util.text.StringUtilRt.equal(Ljava/lang/CharSequence;Ljava/lang/CharSequence;Z)Z @ 24 c2
Event: 18.844 Thread 0x0000016a51806a80 DEOPT PACKING pc=0x0000016a24424d48 sp=0x0000004a12af25b0
Event: 18.844 Thread 0x0000016a51806a80 DEOPT UNPACKING pc=0x0000016a23a57da2 sp=0x0000004a12af2560 mode 2

Classes loaded (20 events):
Event: 18.375 Loading class java/nio/charset/IllegalCharsetNameException
Event: 18.376 Loading class java/nio/charset/IllegalCharsetNameException done
Event: 18.376 Loading class java/nio/charset/UnsupportedCharsetException
Event: 18.376 Loading class java/nio/charset/UnsupportedCharsetException done
Event: 18.376 Loading class sun/nio/cs/UTF_32BE
Event: 18.376 Loading class sun/nio/cs/UTF_32BE done
Event: 18.376 Loading class sun/nio/cs/UTF_32LE
Event: 18.376 Loading class sun/nio/cs/UTF_32LE done
Event: 18.376 Loading class sun/nio/cs/MS1251
Event: 18.376 Loading class sun/nio/cs/MS1251 done
Event: 18.573 Loading class java/util/function/IntUnaryOperator
Event: 18.573 Loading class java/util/function/IntUnaryOperator done
Event: 18.717 Loading class java/beans/PropertyChangeSupport
Event: 18.717 Loading class java/beans/PropertyChangeSupport done
Event: 18.717 Loading class java/beans/PropertyChangeSupport$PropertyChangeListenerMap
Event: 18.717 Loading class java/beans/ChangeListenerMap
Event: 18.717 Loading class java/beans/ChangeListenerMap done
Event: 18.718 Loading class java/beans/PropertyChangeSupport$PropertyChangeListenerMap done
Event: 18.718 Loading class java/beans/PropertyChangeListener
Event: 18.718 Loading class java/beans/PropertyChangeListener done

Classes unloaded (15 events):
Event: 10.302 Thread 0x0000016a30a13510 Unloading class 0x0000016a326ac3e0 '_BuildScript_$_run_closure1$_closure2'
Event: 10.302 Thread 0x0000016a30a13510 Unloading class 0x0000016a326ac000 '_BuildScript_$_run_closure1'
Event: 10.302 Thread 0x0000016a30a13510 Unloading class 0x0000016a326a4000 '_BuildScript_'
Event: 14.793 Thread 0x0000016a30a13510 Unloading class 0x0000016a32764800 '_BuildScript_'
Event: 14.793 Thread 0x0000016a30a13510 Unloading class 0x0000016a3275c8c8 '_BuildScript_$_run_closure1$_closure2'
Event: 14.793 Thread 0x0000016a30a13510 Unloading class 0x0000016a3275c4e8 '_BuildScript_$_run_closure1'
Event: 14.793 Thread 0x0000016a30a13510 Unloading class 0x0000016a3275c000 '_BuildScript_'
Event: 14.793 Thread 0x0000016a30a13510 Unloading class 0x0000016a3275a000 '_BuildScript_$_run_closure1$_closure2'
Event: 14.793 Thread 0x0000016a30a13510 Unloading class 0x0000016a327598c8 '_BuildScript_$_run_closure1'
Event: 14.793 Thread 0x0000016a30a13510 Unloading class 0x0000016a327593e0 '_BuildScript_'
Event: 14.793 Thread 0x0000016a30a13510 Unloading class 0x0000016a32759000 'ProtobufPatchPlugin$_apply_closure1$_closure2$_closure3$_closure4'
Event: 14.793 Thread 0x0000016a30a13510 Unloading class 0x0000016a32758a80 'ProtobufPatchPlugin$_apply_closure1$_closure2$_closure3'
Event: 14.793 Thread 0x0000016a30a13510 Unloading class 0x0000016a327586a0 'ProtobufPatchPlugin$_apply_closure1$_closure2'
Event: 14.793 Thread 0x0000016a30a13510 Unloading class 0x0000016a327582c0 'ProtobufPatchPlugin$_apply_closure1'
Event: 14.793 Thread 0x0000016a30a13510 Unloading class 0x0000016a32758000 'ProtobufPatchPlugin'

Classes redefined (0 events):
No events

Internal exceptions (20 events):
Event: 17.464 Thread 0x0000016a51806a80 Exception <a 'java/lang/NoSuchMethodError'{0x0000000087efe460}: 'void java.lang.invoke.DirectMethodHandle$Holder.invokeStaticInit(java.lang.Object)'> (0x0000000087efe460) 
thrown [s\open\src\hotspot\share\interpreter\linkResolver.cpp, line 773]
Event: 17.476 Thread 0x0000016a51806a80 Exception <a 'java/lang/NoSuchMethodError'{0x0000000087dea410}: 'void java.lang.invoke.DelegatingMethodHandle$Holder.reinvoke_L(java.lang.Object, java.lang.Object, java.lang.Object, long, java.lang.Object)'> (0x0000000087dea410) 
thrown [s\open\src\hotspot\share\interpreter\linkResolver.cpp, line 773]
Event: 17.476 Thread 0x0000016a51806a80 Exception <a 'java/lang/NoSuchMethodError'{0x0000000087df2dc0}: 'java.lang.Object java.lang.invoke.DirectMethodHandle$Holder.invokeSpecial(java.lang.Object, java.lang.Object, java.lang.Object, java.lang.Object, long)'> (0x0000000087df2dc0) 
thrown [s\open\src\hotspot\share\interpreter\linkResolver.cpp, line 773]
Event: 17.477 Thread 0x0000016a51806a80 Exception <a 'java/lang/NoSuchMethodError'{0x0000000087c03330}: 'int java.lang.invoke.DelegatingMethodHandle$Holder.reinvoke_L(java.lang.Object, java.lang.Object, java.lang.Object, long, java.lang.Object, java.lang.Object)'> (0x0000000087c03330) 
thrown [s\open\src\hotspot\share\interpreter\linkResolver.cpp, line 773]
Event: 17.477 Thread 0x0000016a51806a80 Exception <a 'java/lang/NoSuchMethodError'{0x0000000087c12f60}: 'int java.lang.invoke.DelegatingMethodHandle$Holder.reinvoke_L(java.lang.Object, java.lang.Object, java.lang.Object, long, int, int)'> (0x0000000087c12f60) 
thrown [s\open\src\hotspot\share\interpreter\linkResolver.cpp, line 773]
Event: 17.478 Thread 0x0000016a51806a80 Exception <a 'java/lang/NoSuchMethodError'{0x0000000087c22940}: 'int java.lang.invoke.DelegatingMethodHandle$Holder.reinvoke_L(java.lang.Object, java.lang.Object, java.lang.Object, long, long, long)'> (0x0000000087c22940) 
thrown [s\open\src\hotspot\share\interpreter\linkResolver.cpp, line 773]
Event: 17.479 Thread 0x0000016a51806a80 Exception <a 'java/lang/NoSuchMethodError'{0x0000000087c32008}: 'int java.lang.invoke.DelegatingMethodHandle$Holder.reinvoke_L(java.lang.Object, java.lang.Object, java.lang.Object, long, int)'> (0x0000000087c32008) 
thrown [s\open\src\hotspot\share\interpreter\linkResolver.cpp, line 773]
Event: 17.479 Thread 0x0000016a51806a80 Exception <a 'java/lang/NoSuchMethodError'{0x0000000087c456c0}: 'void java.lang.invoke.DelegatingMethodHandle$Holder.reinvoke_L(java.lang.Object, java.lang.Object, java.lang.Object, long, java.lang.Object, long, long)'> (0x0000000087c456c0) 
thrown [s\open\src\hotspot\share\interpreter\linkResolver.cpp, line 773]
Event: 17.479 Thread 0x0000016a51806a80 Exception <a 'java/lang/NoSuchMethodError'{0x0000000087c4dd38}: 'long java.lang.invoke.Invokers$Holder.invokeExact_MT(java.lang.Object, java.lang.Object, java.lang.Object)'> (0x0000000087c4dd38) 
thrown [s\open\src\hotspot\share\interpreter\linkResolver.cpp, line 773]
Event: 17.562 Thread 0x0000016a51806a80 Exception <a 'java/lang/NoSuchMethodError'{0x000000008782fdd0}: 'java.lang.Object java.lang.invoke.DirectMethodHandle$Holder.invokeStatic(java.lang.Object, java.lang.Object, int, java.lang.Object, int)'> (0x000000008782fdd0) 
thrown [s\open\src\hotspot\share\interpreter\linkResolver.cpp, line 773]
Event: 18.138 Thread 0x0000016a51806a80 Exception <a 'java/lang/NoSuchMethodError'{0x0000000085219790}: 'java.lang.Object java.lang.invoke.DirectMethodHandle$Holder.invokeStatic(java.lang.Object, java.lang.Object, java.lang.Object, java.lang.Object, int, java.lang.Object)'> (0x0000000085219790) 
thrown [s\open\src\hotspot\share\interpreter\linkResolver.cpp, line 773]
Event: 18.170 Thread 0x0000016a51806a80 Exception <a 'java/lang/NoSuchMethodError'{0x0000000085124f68}: 'long java.lang.invoke.DirectMethodHandle$Holder.invokeStatic(java.lang.Object, java.lang.Object, int)'> (0x0000000085124f68) 
thrown [s\open\src\hotspot\share\interpreter\linkResolver.cpp, line 773]
Event: 18.171 Thread 0x0000016a51806a80 Exception <a 'java/lang/NoSuchMethodError'{0x0000000085131900}: 'java.lang.Object java.lang.invoke.DelegatingMethodHandle$Holder.reinvoke_L(java.lang.Object, int, long, java.lang.Object, java.lang.Object, int, java.lang.Object)'> (0x0000000085131900) 
thrown [s\open\src\hotspot\share\interpreter\linkResolver.cpp, line 773]
Event: 18.574 Thread 0x0000016a51806a80 Exception <a 'java/lang/NoSuchMethodError'{0x0000000087ea9578}: 'int java.lang.invoke.DirectMethodHandle$Holder.invokeSpecial(java.lang.Object, java.lang.Object, int, int)'> (0x0000000087ea9578) 
thrown [s\open\src\hotspot\share\interpreter\linkResolver.cpp, line 773]
Event: 18.593 Thread 0x0000016a51806a80 Exception <a 'java/lang/NoSuchMethodError'{0x0000000087d59060}: 'java.lang.Object java.lang.invoke.Invokers$Holder.invokeExact_MT(java.lang.Object, java.lang.Object, long, java.lang.Object)'> (0x0000000087d59060) 
thrown [s\open\src\hotspot\share\interpreter\linkResolver.cpp, line 773]
Event: 18.596 Thread 0x0000016a51806a80 Exception <a 'java/lang/NoSuchMethodError'{0x0000000087d6ef78}: 'void java.lang.invoke.Invokers$Holder.invokeExact_MT(java.lang.Object, java.lang.Object, long, java.lang.Object, java.lang.Object)'> (0x0000000087d6ef78) 
thrown [s\open\src\hotspot\share\interpreter\linkResolver.cpp, line 773]
Event: 18.735 Thread 0x0000016a51806a80 Exception <a 'java/lang/NoSuchMethodError'{0x00000000877638d8}: 'java.lang.Object java.lang.invoke.DirectMethodHandle$Holder.invokeStatic(java.lang.Object, java.lang.Object, long, long)'> (0x00000000877638d8) 
thrown [s\open\src\hotspot\share\interpreter\linkResolver.cpp, line 773]
Event: 18.743 Thread 0x0000016a51806a80 Exception <a 'java/lang/NoSuchMethodError'{0x00000000877b4fd0}: 'java.lang.Object java.lang.invoke.DirectMethodHandle$Holder.invokeStatic(java.lang.Object, java.lang.Object, java.lang.Object, long, java.lang.Object)'> (0x00000000877b4fd0) 
thrown [s\open\src\hotspot\share\interpreter\linkResolver.cpp, line 773]
Event: 18.744 Thread 0x0000016a51806a80 Exception <a 'java/lang/NoSuchMethodError'{0x00000000877bd8f0}: 'java.lang.Object java.lang.invoke.DirectMethodHandle$Holder.newInvokeSpecial(java.lang.Object, java.lang.Object, java.lang.Object, long)'> (0x00000000877bd8f0) 
thrown [s\open\src\hotspot\share\interpreter\linkResolver.cpp, line 773]
Event: 18.744 Thread 0x0000016a51806a80 Exception <a 'java/lang/NoSuchMethodError'{0x00000000877c3128}: 'java.lang.Object java.lang.invoke.Invokers$Holder.linkToTargetMethod(java.lang.Object, java.lang.Object, long, java.lang.Object)'> (0x00000000877c3128) 
thrown [s\open\src\hotspot\share\interpreter\linkResolver.cpp, line 773]

ZGC Phase Switch (0 events):
No events

VM Operations (20 events):
Event: 16.630 Executing VM operation: HandshakeAllThreads (Deoptimize)
Event: 16.630 Executing VM operation: HandshakeAllThreads (Deoptimize) done
Event: 16.773 Executing VM operation: HandshakeAllThreads (Deoptimize)
Event: 16.773 Executing VM operation: HandshakeAllThreads (Deoptimize) done
Event: 17.232 Executing VM operation: G1CollectForAllocation (G1 Evacuation Pause)
Event: 17.235 Executing VM operation: G1CollectForAllocation (G1 Evacuation Pause) done
Event: 17.413 Executing VM operation: HandshakeAllThreads (Deoptimize)
Event: 17.413 Executing VM operation: HandshakeAllThreads (Deoptimize) done
Event: 17.555 Executing VM operation: HandshakeAllThreads (Deoptimize)
Event: 17.555 Executing VM operation: HandshakeAllThreads (Deoptimize) done
Event: 17.557 Executing VM operation: HandshakeAllThreads (Deoptimize)
Event: 17.557 Executing VM operation: HandshakeAllThreads (Deoptimize) done
Event: 18.207 Executing VM operation: G1CollectForAllocation (G1 Evacuation Pause)
Event: 18.212 Executing VM operation: G1CollectForAllocation (G1 Evacuation Pause) done
Event: 18.476 Executing VM operation: HandshakeAllThreads (Deoptimize)
Event: 18.476 Executing VM operation: HandshakeAllThreads (Deoptimize) done
Event: 18.707 Executing VM operation: HandshakeAllThreads (Deoptimize)
Event: 18.707 Executing VM operation: HandshakeAllThreads (Deoptimize) done
Event: 18.884 Executing VM operation: HandshakeAllThreads (Deoptimize)
Event: 18.884 Executing VM operation: HandshakeAllThreads (Deoptimize) done

Events (20 events):
Event: 16.182 Thread 0x0000016a30a13510 flushing nmethod 0x0000016a1c877910
Event: 16.182 Thread 0x0000016a30a13510 flushing nmethod 0x0000016a1c878210
Event: 16.182 Thread 0x0000016a30a13510 flushing nmethod 0x0000016a1c97bc10
Event: 16.182 Thread 0x0000016a30a13510 flushing nmethod 0x0000016a1c97c910
Event: 16.182 Thread 0x0000016a30a13510 flushing nmethod 0x0000016a1ca1be90
Event: 16.182 Thread 0x0000016a30a13510 flushing nmethod 0x0000016a1cab8e10
Event: 16.182 Thread 0x0000016a30a13510 flushing nmethod 0x0000016a1cabaf90
Event: 16.182 Thread 0x0000016a30a13510 flushing nmethod 0x0000016a1cabcd10
Event: 16.182 Thread 0x0000016a30a13510 flushing nmethod 0x0000016a1cac2710
Event: 16.182 Thread 0x0000016a30a13510 flushing nmethod 0x0000016a1cc40390
Event: 16.182 Thread 0x0000016a30a13510 flushing nmethod 0x0000016a1cc88390
Event: 16.182 Thread 0x0000016a30a13510 flushing nmethod 0x0000016a1ccb7090
Event: 16.182 Thread 0x0000016a30a13510 flushing nmethod 0x0000016a1ccb7690
Event: 16.182 Thread 0x0000016a30a13510 flushing nmethod 0x0000016a1cd61190
Event: 16.182 Thread 0x0000016a30a13510 flushing nmethod 0x0000016a1d007290
Event: 16.294 Thread 0x0000016a523a9f60 Thread added: 0x0000016a523a9f60
Event: 16.439 Thread 0x0000016a53830aa0 Thread exited: 0x0000016a53830aa0
Event: 16.896 Thread 0x0000016a55fe7720 Thread added: 0x0000016a55fe7720
Event: 17.017 Thread 0x0000016a55fe7720 Thread exited: 0x0000016a55fe7720
Event: 18.638 Thread 0x0000016a55ad98f0 Thread added: 0x0000016a55ad98f0


Dynamic libraries:
0x00007ff6e1020000 - 0x00007ff6e1030000 	C:\Program Files\Java\jdk-21\bin\java.exe
0x00007ffa9b5e0000 - 0x00007ffa9b847000 	C:\WINDOWS\SYSTEM32\ntdll.dll
0x00007ffa66e50000 - 0x00007ffa66e70000 	C:\Program Files\Norton\Suite\aswhook.dll
0x00007ffa9ae40000 - 0x00007ffa9af09000 	C:\WINDOWS\System32\KERNEL32.DLL
0x00007ffa980a0000 - 0x00007ffa98491000 	C:\WINDOWS\System32\KERNELBASE.dll
0x00007ffa97ec0000 - 0x00007ffa9800b000 	C:\WINDOWS\System32\ucrtbase.dll
0x00007ffa63ca0000 - 0x00007ffa63cb9000 	C:\Program Files\Java\jdk-21\bin\jli.dll
0x00007ffa60490000 - 0x00007ffa604ab000 	C:\Program Files\Java\jdk-21\bin\VCRUNTIME140.dll
0x00007ffa99f10000 - 0x00007ffa99fcb000 	C:\WINDOWS\System32\ADVAPI32.dll
0x00007ffa99c10000 - 0x00007ffa99cb9000 	C:\WINDOWS\System32\msvcrt.dll
0x00007ffa99380000 - 0x00007ffa99427000 	C:\WINDOWS\System32\sechost.dll
0x00007ffa9af10000 - 0x00007ffa9b028000 	C:\WINDOWS\System32\RPCRT4.dll
0x00007ffa9a030000 - 0x00007ffa9a1f5000 	C:\WINDOWS\System32\USER32.dll
0x00007ffa6dc50000 - 0x00007ffa6dee3000 	C:\WINDOWS\WinSxS\amd64_microsoft.windows.common-controls_6595b64144ccf1df_6.0.26100.8037_none_3e092faae333b53b\COMCTL32.dll
0x00007ffa98900000 - 0x00007ffa98927000 	C:\WINDOWS\System32\win32u.dll
0x00007ffa99670000 - 0x00007ffa9969b000 	C:\WINDOWS\System32\GDI32.dll
0x00007ffa99250000 - 0x00007ffa9937b000 	C:\WINDOWS\System32\gdi32full.dll
0x00007ffa984a0000 - 0x00007ffa98543000 	C:\WINDOWS\System32\msvcp_win.dll
0x00007ffa88080000 - 0x00007ffa8808b000 	C:\WINDOWS\SYSTEM32\VERSION.dll
0x00007ffa9a590000 - 0x00007ffa9a5c1000 	C:\WINDOWS\System32\IMM32.DLL
0x00007ffa78da0000 - 0x00007ffa78dac000 	C:\Program Files\Java\jdk-21\bin\vcruntime140_1.dll
0x00007ffa4de10000 - 0x00007ffa4de9e000 	C:\Program Files\Java\jdk-21\bin\msvcp140.dll
0x00007ff9980e0000 - 0x00007ff998dfd000 	C:\Program Files\Java\jdk-21\bin\server\jvm.dll
0x00007ffa99e90000 - 0x00007ffa99f04000 	C:\WINDOWS\System32\WS2_32.dll
0x00007ffa68970000 - 0x00007ffa689a5000 	C:\WINDOWS\SYSTEM32\WINMM.dll
0x00007ffa97d20000 - 0x00007ffa97d7e000 	C:\WINDOWS\SYSTEM32\POWRPROF.dll
0x00007ffa97d00000 - 0x00007ffa97d14000 	C:\WINDOWS\SYSTEM32\UMPDC.dll
0x00007ffa96c50000 - 0x00007ffa96c6b000 	C:\WINDOWS\SYSTEM32\kernel.appcore.dll
0x00007ffa78d70000 - 0x00007ffa78d7a000 	C:\Program Files\Java\jdk-21\bin\jimage.dll
0x00007ffa95d00000 - 0x00007ffa95f42000 	C:\WINDOWS\SYSTEM32\DBGHELP.DLL
0x00007ffa996a0000 - 0x00007ffa99a22000 	C:\WINDOWS\System32\combase.dll
0x00007ffa99d40000 - 0x00007ffa99e17000 	C:\WINDOWS\System32\OLEAUT32.dll
0x00007ffa87da0000 - 0x00007ffa87ddb000 	C:\WINDOWS\SYSTEM32\dbgcore.DLL
0x00007ffa98930000 - 0x00007ffa989d5000 	C:\WINDOWS\System32\bcryptPrimitives.dll
0x00007ffa65870000 - 0x00007ffa6587f000 	C:\Program Files\Java\jdk-21\bin\instrument.dll
0x00007ffa65f30000 - 0x00007ffa65f4f000 	C:\Program Files\Java\jdk-21\bin\java.dll
0x00007ffa9a5d0000 - 0x00007ffa9ad2f000 	C:\WINDOWS\System32\SHELL32.dll
0x00007ffa986d0000 - 0x00007ffa9883a000 	C:\WINDOWS\System32\wintypes.dll
0x00007ffa989e0000 - 0x00007ffa99244000 	C:\WINDOWS\System32\windows.storage.dll
0x00007ffa9ad40000 - 0x00007ffa9ae37000 	C:\WINDOWS\System32\SHCORE.dll
0x00007ffa99e20000 - 0x00007ffa99e87000 	C:\WINDOWS\System32\shlwapi.dll
0x00007ffa97de0000 - 0x00007ffa97e09000 	C:\WINDOWS\SYSTEM32\profapi.dll
0x00007ffa42000000 - 0x00007ffa420d7000 	C:\Program Files\Java\jdk-21\bin\jsvml.dll
0x00007ffa58800000 - 0x00007ffa58818000 	C:\Program Files\Java\jdk-21\bin\zip.dll
0x00007ffa6d7b0000 - 0x00007ffa6d7c0000 	C:\Program Files\Java\jdk-21\bin\net.dll
0x00007ffa90c10000 - 0x00007ffa90d37000 	C:\WINDOWS\SYSTEM32\WINHTTP.dll
0x00007ffa971c0000 - 0x00007ffa9722b000 	C:\WINDOWS\system32\mswsock.dll
0x00007ffa59930000 - 0x00007ffa59946000 	C:\Program Files\Java\jdk-21\bin\nio.dll
0x00007ffa658d0000 - 0x00007ffa658e0000 	C:\Program Files\Java\jdk-21\bin\verify.dll
0x00007ffa690e0000 - 0x00007ffa69107000 	C:\Users\ahmed\.gradle\native\1def1411415f61bf3af743bc5b6707747c0891f09f0c88961ee8f79bc544acac\windows-amd64\native-platform.dll
0x00007ffa62e80000 - 0x00007ffa62ef7000 	C:\Users\ahmed\.gradle\native\0.2.8\x86_64-windows-gnu\gradle-fileevents.dll
0x00007ffa6a7c0000 - 0x00007ffa6a7ca000 	C:\Program Files\Java\jdk-21\bin\management.dll
0x00007ffa6a630000 - 0x00007ffa6a63b000 	C:\Program Files\Java\jdk-21\bin\management_ext.dll
0x00007ffa995d0000 - 0x00007ffa995d8000 	C:\WINDOWS\System32\PSAPI.DLL
0x00007ffa965e0000 - 0x00007ffa96613000 	C:\WINDOWS\SYSTEM32\IPHLPAPI.DLL
0x00007ffa9a580000 - 0x00007ffa9a58a000 	C:\WINDOWS\System32\NSI.dll
0x00007ffa65b60000 - 0x00007ffa65b69000 	C:\Program Files\Java\jdk-21\bin\extnet.dll
0x00007ffa974b0000 - 0x00007ffa974cb000 	C:\WINDOWS\SYSTEM32\CRYPTSP.dll
0x00007ffa96bb0000 - 0x00007ffa96be9000 	C:\WINDOWS\system32\rsaenh.dll
0x00007ffa97270000 - 0x00007ffa972a2000 	C:\WINDOWS\SYSTEM32\USERENV.dll
0x00007ffa97db0000 - 0x00007ffa97dda000 	C:\WINDOWS\SYSTEM32\bcrypt.dll
0x00007ffa974a0000 - 0x00007ffa974ac000 	C:\WINDOWS\SYSTEM32\CRYPTBASE.dll
0x00007ffa690d0000 - 0x00007ffa690de000 	C:\Program Files\Java\jdk-21\bin\sunmscapi.dll
0x00007ffa98550000 - 0x00007ffa986c7000 	C:\WINDOWS\System32\CRYPT32.dll
0x00007ffa976c0000 - 0x00007ffa976f0000 	C:\WINDOWS\SYSTEM32\ncrypt.dll
0x00007ffa97670000 - 0x00007ffa976af000 	C:\WINDOWS\SYSTEM32\NTASN1.dll
0x00007ffa034a0000 - 0x00007ffa034a8000 	C:\WINDOWS\system32\wshunix.dll
0x00007ffa96d70000 - 0x00007ffa96da6000 	C:\WINDOWS\SYSTEM32\ntmarta.dll

dbghelp: loaded successfully - version: 4.0.5 - missing functions: none
symbol engine: initialized successfully - sym options: 0x614 - pdb path: .;C:\Program Files\Java\jdk-21\bin;C:\WINDOWS\SYSTEM32;C:\Program Files\Norton\Suite;C:\WINDOWS\WinSxS\amd64_microsoft.windows.common-controls_6595b64144ccf1df_6.0.26100.8037_none_3e092faae333b53b;C:\Program Files\Java\jdk-21\bin\server;C:\Users\ahmed\.gradle\native\1def1411415f61bf3af743bc5b6707747c0891f09f0c88961ee8f79bc544acac\windows-amd64;C:\Users\ahmed\.gradle\native\0.2.8\x86_64-windows-gnu

VM Arguments:
jvm_args: --add-opens=java.base/java.lang=ALL-UNNAMED --add-opens=java.base/java.lang.invoke=ALL-UNNAMED --add-opens=java.base/java.util=ALL-UNNAMED --add-opens=java.prefs/java.util.prefs=ALL-UNNAMED --add-exports=jdk.compiler/com.sun.tools.javac.api=ALL-UNNAMED --add-exports=jdk.compiler/com.sun.tools.javac.util=ALL-UNNAMED --add-opens=java.base/java.util=ALL-UNNAMED --add-opens=java.prefs/java.util.prefs=ALL-UNNAMED --add-opens=java.base/java.nio.charset=ALL-UNNAMED --add-opens=java.base/java.net=ALL-UNNAMED --add-opens=java.base/java.util.concurrent=ALL-UNNAMED --add-opens=java.base/java.util.concurrent.atomic=ALL-UNNAMED --add-opens=java.xml/javax.xml.namespace=ALL-UNNAMED -XX:MaxMetaspaceSize=512m -Xmx2048m -Dfile.encoding=UTF-8 -Duser.country=US -Duser.language=en -Duser.variant -javaagent:C:\Users\ahmed\.gradle\wrapper\dists\gradle-9.0.0-bin\d6wjpkvcgsg3oed0qlfss3wgl\gradle-9.0.0\lib\agents\gradle-instrumentation-agent-9.0.0.jar 
java_command: org.gradle.launcher.daemon.bootstrap.GradleDaemon 9.0.0
java_class_path (initial): C:\Users\ahmed\.gradle\wrapper\dists\gradle-9.0.0-bin\d6wjpkvcgsg3oed0qlfss3wgl\gradle-9.0.0\lib\gradle-daemon-main-9.0.0.jar
Launcher Type: SUN_STANDARD

[Global flags]
     intx CICompilerCount                          = 4                                         {product} {ergonomic}
   size_t CompressedClassSpaceSize                 = 436207616                                 {product} {ergonomic}
     uint ConcGCThreads                            = 2                                         {product} {ergonomic}
     uint G1ConcRefinementThreads                  = 8                                         {product} {ergonomic}
   size_t G1HeapRegionSize                         = 1048576                                   {product} {ergonomic}
    uintx GCDrainStackTargetSize                   = 64                                        {product} {ergonomic}
   size_t InitialHeapSize                          = 266338304                                 {product} {ergonomic}
   size_t MarkStackSize                            = 4194304                                   {product} {ergonomic}
   size_t MaxHeapSize                              = 2147483648                                {product} {command line}
   size_t MaxMetaspaceSize                         = 536870912                                 {product} {command line}
   size_t MaxNewSize                               = 1287651328                                {product} {ergonomic}
   size_t MinHeapDeltaBytes                        = 1048576                                   {product} {ergonomic}
   size_t MinHeapSize                              = 8388608                                   {product} {ergonomic}
    uintx NonNMethodCodeHeapSize                   = 5839372                                {pd product} {ergonomic}
    uintx NonProfiledCodeHeapSize                  = 122909434                              {pd product} {ergonomic}
    uintx ProfiledCodeHeapSize                     = 122909434                              {pd product} {ergonomic}
    uintx ReservedCodeCacheSize                    = 251658240                              {pd product} {ergonomic}
     bool SegmentedCodeCache                       = true                                      {product} {ergonomic}
   size_t SoftMaxHeapSize                          = 2147483648                             {manageable} {ergonomic}
     bool UseCompressedOops                        = true                           {product lp64_product} {ergonomic}
     bool UseG1GC                                  = true                                      {product} {ergonomic}
     bool UseLargePagesIndividualAllocation        = false                                  {pd product} {ergonomic}

Logging:
Log output configuration:
 #0: stdout all=warning uptime,level,tags foldmultilines=false
 #1: stderr all=off uptime,level,tags foldmultilines=false

Environment Variables:
PATH=C:\Users\ahmed\AppData\Local\Microsoft\WindowsApps;C:\Program Files\Common Files\Oracle\Java\javapath;C:\Program Files (x86)\VMware\VMware Workstation\bin\;C:\Windows\System32\HWAudioDriverLibs;C:\Windows\system32;C:\Windows;C:\Windows\System32\Wbem;C:\Windows\System32\WindowsPowerShell\v1.0\;C:\Windows\System32\OpenSSH\;C:\Users\Administrator\AppData\Local\Microsoft\WindowsApps;C:\WINDOWS\system32;C:\WINDOWS;C:\WINDOWS\System32\Wbem;C:\WINDOWS\System32\WindowsPowerShell\v1.0\;C:\WINDOWS\System32\OpenSSH\;C:\Program Files\Microsoft SQL Server\150\Tools\Binn\;C:\Program Files\nodejs\;C:\Program Files\Git\cmd;C:\Program Files\Docker\Docker\resources\bin;C:\Program Files\Microsoft SQL Server\Client SDK\ODBC\170\Tools\Binn\;C:\Program Files\dotnet\;C:\Users\ahmed\AppData\Local\Android\Sdk\platform-tools;C:\msys64\mingw64\bin;C:\MinGW\bin;C:\Users\ahmed\AppData\Local\Microsoft\WindowsApps;C:\Users\ahmed\AppData\Local\Programs\Python\Python311\Scripts\;C:\Users\ahmed\AppData\Local\Programs\Python\Python311\;C:\Users\ahmed\AppData\Local\Microsoft\WindowsApps;C:\Users\ahmed\AppData\Local\Programs\Microsoft VS Code\bin;C:\Users\ahmed\AppData\Roaming\npm;C:\Users\ahmed\.dotnet\tools;C:\Users\ahmed\AppData\Local\Programs\Antigravity\bin;
USERNAME=ahmed
OS=Windows_NT
PROCESSOR_IDENTIFIER=Intel64 Family 6 Model 140 Stepping 2, GenuineIntel
TMP=C:\Users\ahmed\AppData\Local\Temp
TEMP=C:\Users\ahmed\AppData\Local\Temp




Periodic native trim disabled

---------------  S Y S T E M  ---------------

OS:
 Windows 11 , 64 bit Build 26100 (10.0.26100.7920)
OS uptime: 6 days 3:58 hours
Hyper-V role detected

CPU: total 8 (initial active 8) (4 cores per cpu, 2 threads per core) family 6 model 140 stepping 2 microcode 0x16, cx8, cmov, fxsr, ht, mmx, 3dnowpref, sse, sse2, sse3, ssse3, sse4.1, sse4.2, popcnt, lzcnt, tsc, tscinvbit, avx, avx2, aes, erms, clmul, bmi1, bmi2, adx, avx512f, avx512dq, avx512cd, avx512bw, avx512vl, sha, fma, vzeroupper, avx512_vpopcntdq, avx512_vpclmulqdq, avx512_vaes, avx512_vnni, clflush, clflushopt, clwb, avx512_vbmi2, avx512_vbmi, hv, rdtscp, rdpid, fsrm, gfni, avx512_bitalg, f16c, cet_ibt, cet_ss, avx512_ifma
Processor Information for all 8 processors :
  Max Mhz: 2918, Current Mhz: 2918, Mhz Limit: 2918

Memory: 4k page, system-wide physical 16167M (413M free)
TotalPageFile size 31876M (AvailPageFile size 5M)
current process WorkingSet (physical memory assigned to process): 389M, peak: 393M
current process commit charge ("private bytes"): 426M, peak: 427M

vm_info: Java HotSpot(TM) 64-Bit Server VM (21.0.8+12-LTS-250) for windows-amd64 JRE (21.0.8+12-LTS-250), built on 2025-06-27T08:11:22Z by "mach5one" with MS VC++ 17.6 (VS2022)

END.
