#
# There is insufficient memory for the Java Runtime Environment to continue.
# Native memory allocation (malloc) failed to allocate 1262416 bytes for Chunk::new
# Possible reasons:
#   The system is out of physical RAM or swap space
#   The process is running with CompressedOops enabled, and the Java Heap may be blocking the growth of the native heap
# Possible solutions:
#   Reduce memory load on the system
#   Increase physical memory or swap space
#   Check if swap backing store is full
#   Decrease Java heap size (-Xmx/-Xms)
#   Decrease number of Java threads
#   Decrease Java thread stack sizes (-Xss)
#   Set larger code cache with -XX:ReservedCodeCacheSize=
#   JVM is running with Zero Based Compressed Oops mode in which the Java heap is
#     placed in the first 32GB address space. The Java Heap base address is the
#     maximum limit for the native heap growth. Please use -XX:HeapBaseMinAddress
#     to set the Java Heap base and to place the Java Heap above 32GB virtual address.
# This output file may be truncated or incomplete.
#
#  Out of Memory Error (arena.cpp:168), pid=11468, tid=36524
#
# JRE version: Java(TM) SE Runtime Environment (21.0.8+12) (build 21.0.8+12-LTS-250)
# Java VM: Java HotSpot(TM) 64-Bit Server VM (21.0.8+12-LTS-250, mixed mode, sharing, tiered, compressed oops, compressed class ptrs, g1 gc, windows-amd64)
# No core dump will be written. Minidumps are not enabled by default on client versions of Windows
#

---------------  S U M M A R Y ------------

Command Line: --add-opens=java.base/java.lang=ALL-UNNAMED --add-opens=java.base/java.lang.invoke=ALL-UNNAMED --add-opens=java.base/java.util=ALL-UNNAMED --add-opens=java.prefs/java.util.prefs=ALL-UNNAMED --add-exports=jdk.compiler/com.sun.tools.javac.api=ALL-UNNAMED --add-exports=jdk.compiler/com.sun.tools.javac.util=ALL-UNNAMED --add-opens=java.base/java.util=ALL-UNNAMED --add-opens=java.prefs/java.util.prefs=ALL-UNNAMED --add-opens=java.base/java.nio.charset=ALL-UNNAMED --add-opens=java.base/java.net=ALL-UNNAMED --add-opens=java.base/java.util.concurrent.atomic=ALL-UNNAMED --add-opens=java.xml/javax.xml.namespace=ALL-UNNAMED -XX:MaxMetaspaceSize=1024m -Xmx4096m -Dfile.encoding=UTF-8 -Duser.country=US -Duser.language=en -Duser.variant -javaagent:D:\Android studio data\.gradle\wrapper\dists\gradle-8.13-bin\5xuhj0ry160q40clulazy9h7d\gradle-8.13\lib\agents\gradle-instrumentation-agent-8.13.jar org.gradle.launcher.daemon.bootstrap.GradleDaemon 8.13

Host: 11th Gen Intel(R) Core(TM) i7-1195G7 @ 2.90GHz, 8 cores, 15G,  Windows 11 , 64 bit Build 26100 (10.0.26100.7920)
Time: Sun Mar 22 05:50:50 2026 Turkey Standard Time elapsed time: 29.464030 seconds (0d 0h 0m 29s)

---------------  T H R E A D  ---------------

Current thread (0x0000027a80035ac0):  JavaThread "C2 CompilerThread1" daemon [_thread_in_native, id=36524, stack(0x000000c2c3b00000,0x000000c2c3c00000) (1024K)]


Current CompileTask:
C2:  29464 14924   !   4       java.nio.file.FileTreeWalker::visit (204 bytes)

Stack: [0x000000c2c3b00000,0x000000c2c3c00000]
Native frames: (J=compiled Java code, j=interpreted, Vv=VM code, C=native code)
V  [jvm.dll+0x6cc179]
V  [jvm.dll+0x8584c1]
V  [jvm.dll+0x85a9ee]
V  [jvm.dll+0x85b0c3]
V  [jvm.dll+0x27ebf6]
V  [jvm.dll+0xc4f4d]
V  [jvm.dll+0xc5483]
V  [jvm.dll+0x3b6a82]
V  [jvm.dll+0x382a35]
V  [jvm.dll+0x381eaa]
V  [jvm.dll+0x247670]
V  [jvm.dll+0x246c4f]
V  [jvm.dll+0x1c7a3e]
V  [jvm.dll+0x256359]
V  [jvm.dll+0x2548ea]
V  [jvm.dll+0x3efef6]
V  [jvm.dll+0x80279b]
V  [jvm.dll+0x6ca85d]
C  [ucrtbase.dll+0x37b0]
C  [KERNEL32.DLL+0x2e8d7]
C  [ntdll.dll+0x8c48c]


---------------  P R O C E S S  ---------------

Threads class SMR info:
_java_thread_list=0x0000027a81cd6a80, length=145, elements={
0x0000027aa55aaec0, 0x0000027ac64a87c0, 0x0000027ac64ab4d0, 0x0000027ac64b13c0,
0x0000027ac64b21a0, 0x0000027ac64b38a0, 0x0000027a800201c0, 0x0000027a80032090,
0x0000027a80036f30, 0x0000027ac64771d0, 0x0000027a802ddac0, 0x0000027a81e13f60,
0x0000027a812ee420, 0x0000027a82210460, 0x0000027a814d3490, 0x0000027a80d636b0,
0x0000027a82209980, 0x0000027a81069790, 0x0000027a81069df0, 0x0000027a813236e0,
0x0000027a813257b0, 0x0000027a81326b60, 0x0000027a81325e40, 0x0000027a81324a90,
0x0000027a81325120, 0x0000027a813264d0, 0x0000027a81323d70, 0x0000027a81324400,
0x0000027a81282b30, 0x0000027a81280a60, 0x0000027a81281780, 0x0000027a812803d0,
0x0000027a8127fd40, 0x0000027a81285fb0, 0x0000027a81284c00, 0x0000027a81285920,
0x0000027a81283850, 0x0000027a81287360, 0x0000027a8096c2f0, 0x0000027a8096f0e0,
0x0000027a8096dd30, 0x0000027a8096ea50, 0x0000027a8096e3c0, 0x0000027a8096c980,
0x0000027a8096d6a0, 0x0000027a80970490, 0x0000027a8096d010, 0x0000027a80973280,
0x0000027a80970b20, 0x0000027a80971ed0, 0x0000027a80971840, 0x0000027a80972560,
0x0000027a809711b0, 0x0000027a80972bf0, 0x0000027a828e9fa0, 0x0000027a828eb350,
0x0000027a828ea630, 0x0000027a828eb9e0, 0x0000027a828e8560, 0x0000027a828eacc0,
0x0000027a828ec070, 0x0000027a828e8bf0, 0x0000027a828ec700, 0x0000027a828e9910,
0x0000027a828ee140, 0x0000027a84b0a170, 0x0000027a84b09450, 0x0000027a84b0a800,
0x0000027a84b0cf60, 0x0000027a84b09ae0, 0x0000027a84b0d5f0, 0x0000027a84b0f6c0,
0x0000027a84b0fd50, 0x0000027a84b0dc80, 0x0000027a84b0e310, 0x0000027a84b0e9a0,
0x0000027a84b103e0, 0x0000027a84b0f030, 0x0000027a86741310, 0x0000027a86744790,
0x0000027a867419a0, 0x0000027a86744e20, 0x0000027a867426c0, 0x0000027a867454b0,
0x0000027a867433e0, 0x0000027a86744100, 0x0000027a86743a70, 0x0000027a86742030,
0x0000027a86745b40, 0x0000027a86747c10, 0x0000027a86748930, 0x0000027a867461d0,
0x0000027a86746860, 0x0000027a86747580, 0x0000027a867482a0, 0x0000027a86746ef0,
0x0000027a8433a050, 0x0000027a8433ba90, 0x0000027a8433a6e0, 0x0000027a8433c120,
0x0000027a8433d4d0, 0x0000027a8433c7b0, 0x0000027a8433e1f0, 0x0000027a8433ce40,
0x0000027a8433ad70, 0x0000027a82a87190, 0x0000027a82a86470, 0x0000027a82a86b00,
0x0000027a82a83d10, 0x0000027a82a84a30, 0x0000027a82a87820, 0x0000027a82a843a0,
0x0000027a82a88540, 0x0000027a82a87eb0, 0x0000027a82a850c0, 0x0000027a82a88bd0,
0x0000027a82a85750, 0x0000027a82a89260, 0x0000027a82a85de0, 0x0000027a82a898f0,
0x0000027a82a8a610, 0x0000027a82a89f80, 0x0000027a82a8aca0, 0x0000027a82a8b330,
0x0000027a80673db0, 0x0000027a80673720, 0x0000027a806757f0, 0x0000027a80672a00,
0x0000027a80674440, 0x0000027a80673090, 0x0000027a80674ad0, 0x0000027a80675160,
0x0000027a80672370, 0x0000027a80675e80, 0x0000027a806778c0, 0x0000027a806785e0,
0x0000027a80679990, 0x0000027a80676510, 0x0000027a80679300, 0x0000027a8433db60,
0x0000027a8433b400, 0x0000027a843402c0, 0x0000027a86889f10, 0x0000027a86887e40,
0x0000027a80035ac0
}

Java Threads: ( => current thread )
  0x0000027aa55aaec0 JavaThread "main"                              [_thread_blocked, id=35236, stack(0x000000c2c2900000,0x000000c2c2a00000) (1024K)]
  0x0000027ac64a87c0 JavaThread "Reference Handler"          daemon [_thread_blocked, id=33220, stack(0x000000c2c3100000,0x000000c2c3200000) (1024K)]
  0x0000027ac64ab4d0 JavaThread "Finalizer"                  daemon [_thread_blocked, id=28276, stack(0x000000c2c3200000,0x000000c2c3300000) (1024K)]
  0x0000027ac64b13c0 JavaThread "Signal Dispatcher"          daemon [_thread_blocked, id=24568, stack(0x000000c2c3300000,0x000000c2c3400000) (1024K)]
  0x0000027ac64b21a0 JavaThread "Attach Listener"            daemon [_thread_blocked, id=20256, stack(0x000000c2c3400000,0x000000c2c3500000) (1024K)]
  0x0000027ac64b38a0 JavaThread "Service Thread"             daemon [_thread_blocked, id=604, stack(0x000000c2c3500000,0x000000c2c3600000) (1024K)]
  0x0000027a800201c0 JavaThread "Monitor Deflation Thread"   daemon [_thread_blocked, id=10012, stack(0x000000c2c3600000,0x000000c2c3700000) (1024K)]
  0x0000027a80032090 JavaThread "C2 CompilerThread0"         daemon [_thread_blocked, id=35052, stack(0x000000c2c3700000,0x000000c2c3800000) (1024K)]
  0x0000027a80036f30 JavaThread "C1 CompilerThread0"         daemon [_thread_blocked, id=34140, stack(0x000000c2c3800000,0x000000c2c3900000) (1024K)]
  0x0000027ac64771d0 JavaThread "Common-Cleaner"             daemon [_thread_blocked, id=12216, stack(0x000000c2c3900000,0x000000c2c3a00000) (1024K)]
  0x0000027a802ddac0 JavaThread "Notification Thread"        daemon [_thread_blocked, id=37328, stack(0x000000c2c3a00000,0x000000c2c3b00000) (1024K)]
  0x0000027a81e13f60 JavaThread "Daemon health stats"               [_thread_blocked, id=12708, stack(0x000000c2c4100000,0x000000c2c4200000) (1024K)]
  0x0000027a812ee420 JavaThread "Incoming local TCP Connector on port 25786"        [_thread_in_native, id=17676, stack(0x000000c2c4200000,0x000000c2c4300000) (1024K)]
  0x0000027a82210460 JavaThread "Daemon periodic checks"            [_thread_blocked, id=36184, stack(0x000000c2c4300000,0x000000c2c4400000) (1024K)]
  0x0000027a814d3490 JavaThread "Daemon"                            [_thread_blocked, id=10884, stack(0x000000c2c4400000,0x000000c2c4500000) (1024K)]
  0x0000027a80d636b0 JavaThread "Handler for socket connection from /127.0.0.1:25786 to /127.0.0.1:25788"        [_thread_in_native, id=836, stack(0x000000c2c4500000,0x000000c2c4600000) (1024K)]
  0x0000027a82209980 JavaThread "Cancel handler"                    [_thread_blocked, id=20084, stack(0x000000c2c4600000,0x000000c2c4700000) (1024K)]
  0x0000027a81069790 JavaThread "Daemon worker"                     [_thread_in_Java, id=6812, stack(0x000000c2c4700000,0x000000c2c4800000) (1024K)]
  0x0000027a81069df0 JavaThread "Asynchronous log dispatcher for DefaultDaemonConnection: socket connection from /127.0.0.1:25786 to /127.0.0.1:25788"        [_thread_blocked, id=37728, stack(0x000000c2c4800000,0x000000c2c4900000) (1024K)]
  0x0000027a813236e0 JavaThread "Stdin handler"                     [_thread_blocked, id=27816, stack(0x000000c2c4900000,0x000000c2c4a00000) (1024K)]
  0x0000027a813257b0 JavaThread "Daemon client event forwarder"        [_thread_in_native, id=24468, stack(0x000000c2c4a00000,0x000000c2c4b00000) (1024K)]
  0x0000027a81326b60 JavaThread "Cache worker for journal cache (D:\Android studio data\.gradle\caches\journal-1)"        [_thread_blocked, id=8896, stack(0x000000c2c4d00000,0x000000c2c4e00000) (1024K)]
  0x0000027a81325e40 JavaThread "File lock request listener"        [_thread_in_native, id=38136, stack(0x000000c2c4e00000,0x000000c2c4f00000) (1024K)]
  0x0000027a81324a90 JavaThread "Cache worker for file hash cache (D:\Android studio data\.gradle\caches\8.13\fileHashes)"        [_thread_blocked, id=11544, stack(0x000000c2c4f00000,0x000000c2c5000000) (1024K)]
  0x0000027a81325120 JavaThread "Cache worker for file hash cache (D:\Android studio data\ToDo-List\OmniTask\android\.gradle\8.13\fileHashes)"        [_thread_blocked, id=32232, stack(0x000000c2c5200000,0x000000c2c5300000) (1024K)]
  0x0000027a813264d0 JavaThread "Cache worker for Build Output Cleanup Cache (D:\Android studio data\ToDo-List\OmniTask\android\.gradle\buildOutputCleanup)"        [_thread_blocked, id=14924, stack(0x000000c2c5300000,0x000000c2c5400000) (1024K)]
  0x0000027a81323d70 JavaThread "File watcher server"        daemon [_thread_in_native, id=31528, stack(0x000000c2c5000000,0x000000c2c5100000) (1024K)]
  0x0000027a81324400 JavaThread "File watcher consumer"      daemon [_thread_blocked, id=29124, stack(0x000000c2c5400000,0x000000c2c5500000) (1024K)]
  0x0000027a81282b30 JavaThread "jar transforms"                    [_thread_blocked, id=17468, stack(0x000000c2c5500000,0x000000c2c5600000) (1024K)]
  0x0000027a81280a60 JavaThread "jar transforms Thread 2"           [_thread_blocked, id=37200, stack(0x000000c2c5600000,0x000000c2c5700000) (1024K)]
  0x0000027a81281780 JavaThread "Cache worker for checksums cache (D:\Android studio data\ToDo-List\OmniTask\android\.gradle\8.13\checksums)"        [_thread_blocked, id=35448, stack(0x000000c2c5800000,0x000000c2c5900000) (1024K)]
  0x0000027a812803d0 JavaThread "Cache worker for file content cache (D:\Android studio data\.gradle\caches\8.13\fileContent)"        [_thread_blocked, id=38864, stack(0x000000c2c5900000,0x000000c2c5a00000) (1024K)]
  0x0000027a8127fd40 JavaThread "jar transforms Thread 3"           [_thread_blocked, id=24284, stack(0x000000c2c5a00000,0x000000c2c5b00000) (1024K)]
  0x0000027a81285fb0 JavaThread "Cache worker for cache directory md-supplier (D:\Android studio data\.gradle\caches\8.13\md-supplier)"        [_thread_blocked, id=17092, stack(0x000000c2c5b00000,0x000000c2c5c00000) (1024K)]
  0x0000027a81284c00 JavaThread "Cache worker for cache directory md-rule (D:\Android studio data\.gradle\caches\8.13\md-rule)"        [_thread_blocked, id=19040, stack(0x000000c2c5c00000,0x000000c2c5d00000) (1024K)]
  0x0000027a81285920 JavaThread "Cache worker for Build Output Cleanup Cache (D:\Android studio data\ToDo-List\OmniTask\node_modules\@react-native\gradle-plugin\.gradle\buildOutputCleanup)"        [_thread_blocked, id=7980, stack(0x000000c2c5700000,0x000000c2c5800000) (1024K)]
  0x0000027a81283850 JavaThread "Unconstrained build operations"        [_thread_blocked, id=11644, stack(0x000000c2c5d00000,0x000000c2c5e00000) (1024K)]
  0x0000027a81287360 JavaThread "Unconstrained build operations Thread 2"        [_thread_blocked, id=10768, stack(0x000000c2c5e00000,0x000000c2c5f00000) (1024K)]
  0x0000027a8096c2f0 JavaThread "Unconstrained build operations Thread 3"        [_thread_blocked, id=28696, stack(0x000000c2c5f00000,0x000000c2c6000000) (1024K)]
  0x0000027a8096f0e0 JavaThread "Unconstrained build operations Thread 4"        [_thread_blocked, id=7420, stack(0x000000c2c6000000,0x000000c2c6100000) (1024K)]
  0x0000027a8096dd30 JavaThread "Unconstrained build operations Thread 5"        [_thread_blocked, id=22188, stack(0x000000c2c6100000,0x000000c2c6200000) (1024K)]
  0x0000027a8096ea50 JavaThread "Unconstrained build operations Thread 6"        [_thread_blocked, id=21516, stack(0x000000c2c6200000,0x000000c2c6300000) (1024K)]
  0x0000027a8096e3c0 JavaThread "Unconstrained build operations Thread 7"        [_thread_blocked, id=8780, stack(0x000000c2c6400000,0x000000c2c6500000) (1024K)]
  0x0000027a8096c980 JavaThread "Unconstrained build operations Thread 8"        [_thread_blocked, id=38000, stack(0x000000c2c6500000,0x000000c2c6600000) (1024K)]
  0x0000027a8096d6a0 JavaThread "Unconstrained build operations Thread 9"        [_thread_blocked, id=29588, stack(0x000000c2c6600000,0x000000c2c6700000) (1024K)]
  0x0000027a80970490 JavaThread "Unconstrained build operations Thread 10"        [_thread_blocked, id=4172, stack(0x000000c2c6700000,0x000000c2c6800000) (1024K)]
  0x0000027a8096d010 JavaThread "Unconstrained build operations Thread 11"        [_thread_blocked, id=23496, stack(0x000000c2c6800000,0x000000c2c6900000) (1024K)]
  0x0000027a80973280 JavaThread "Unconstrained build operations Thread 12"        [_thread_blocked, id=23272, stack(0x000000c2c6900000,0x000000c2c6a00000) (1024K)]
  0x0000027a80970b20 JavaThread "Unconstrained build operations Thread 13"        [_thread_blocked, id=36024, stack(0x000000c2c6a00000,0x000000c2c6b00000) (1024K)]
  0x0000027a80971ed0 JavaThread "Unconstrained build operations Thread 14"        [_thread_blocked, id=7704, stack(0x000000c2c6b00000,0x000000c2c6c00000) (1024K)]
  0x0000027a80971840 JavaThread "Unconstrained build operations Thread 15"        [_thread_blocked, id=30316, stack(0x000000c2c6c00000,0x000000c2c6d00000) (1024K)]
  0x0000027a80972560 JavaThread "Unconstrained build operations Thread 16"        [_thread_blocked, id=27800, stack(0x000000c2c6d00000,0x000000c2c6e00000) (1024K)]
  0x0000027a809711b0 JavaThread "Unconstrained build operations Thread 17"        [_thread_blocked, id=30204, stack(0x000000c2c6e00000,0x000000c2c6f00000) (1024K)]
  0x0000027a80972bf0 JavaThread "Unconstrained build operations Thread 18"        [_thread_blocked, id=23480, stack(0x000000c2c6f00000,0x000000c2c7000000) (1024K)]
  0x0000027a828e9fa0 JavaThread "Unconstrained build operations Thread 19"        [_thread_blocked, id=18580, stack(0x000000c2c7000000,0x000000c2c7100000) (1024K)]
  0x0000027a828eb350 JavaThread "Unconstrained build operations Thread 20"        [_thread_blocked, id=11708, stack(0x000000c2c7100000,0x000000c2c7200000) (1024K)]
  0x0000027a828ea630 JavaThread "Unconstrained build operations Thread 21"        [_thread_blocked, id=36992, stack(0x000000c2c7200000,0x000000c2c7300000) (1024K)]
  0x0000027a828eb9e0 JavaThread "Unconstrained build operations Thread 22"        [_thread_blocked, id=35744, stack(0x000000c2c7300000,0x000000c2c7400000) (1024K)]
  0x0000027a828e8560 JavaThread "Unconstrained build operations Thread 23"        [_thread_blocked, id=10892, stack(0x000000c2c7400000,0x000000c2c7500000) (1024K)]
  0x0000027a828eacc0 JavaThread "Unconstrained build operations Thread 24"        [_thread_blocked, id=26648, stack(0x000000c2c7500000,0x000000c2c7600000) (1024K)]
  0x0000027a828ec070 JavaThread "Unconstrained build operations Thread 25"        [_thread_blocked, id=11988, stack(0x000000c2c7600000,0x000000c2c7700000) (1024K)]
  0x0000027a828e8bf0 JavaThread "Unconstrained build operations Thread 26"        [_thread_blocked, id=33168, stack(0x000000c2c7700000,0x000000c2c7800000) (1024K)]
  0x0000027a828ec700 JavaThread "Unconstrained build operations Thread 27"        [_thread_blocked, id=7436, stack(0x000000c2c7800000,0x000000c2c7900000) (1024K)]
  0x0000027a828e9910 JavaThread "build event listener"              [_thread_blocked, id=15264, stack(0x000000c2c7900000,0x000000c2c7a00000) (1024K)]
  0x0000027a828ee140 JavaThread "Memory manager"                    [_thread_blocked, id=37380, stack(0x000000c2c6300000,0x000000c2c6400000) (1024K)]
  0x0000027a84b0a170 JavaThread "ForkJoinPool.commonPool-worker-1" daemon [_thread_blocked, id=28452, stack(0x000000c2c7b00000,0x000000c2c7c00000) (1024K)]
  0x0000027a84b09450 JavaThread "ForkJoinPool.commonPool-worker-2" daemon [_thread_blocked, id=37148, stack(0x000000c2c7c00000,0x000000c2c7d00000) (1024K)]
  0x0000027a84b0a800 JavaThread "ForkJoinPool.commonPool-worker-3" daemon [_thread_blocked, id=4764, stack(0x000000c2c7d00000,0x000000c2c7e00000) (1024K)]
  0x0000027a84b0cf60 JavaThread "ForkJoinPool.commonPool-worker-4" daemon [_thread_blocked, id=24708, stack(0x000000c2c7e00000,0x000000c2c7f00000) (1024K)]
  0x0000027a84b09ae0 JavaThread "ForkJoinPool.commonPool-worker-5" daemon [_thread_blocked, id=7464, stack(0x000000c2c7f00000,0x000000c2c8000000) (1024K)]
  0x0000027a84b0d5f0 JavaThread "ForkJoinPool.commonPool-worker-6" daemon [_thread_blocked, id=23648, stack(0x000000c2c8000000,0x000000c2c8100000) (1024K)]
  0x0000027a84b0f6c0 JavaThread "ForkJoinPool.commonPool-worker-7" daemon [_thread_blocked, id=11636, stack(0x000000c2c8100000,0x000000c2c8200000) (1024K)]
  0x0000027a84b0fd50 JavaThread "Exec process"                      [_thread_blocked, id=34436, stack(0x000000c2c8200000,0x000000c2c8300000) (1024K)]
  0x0000027a84b0dc80 JavaThread "Exec process Thread 2"             [_thread_blocked, id=11736, stack(0x000000c2c7a00000,0x000000c2c7b00000) (1024K)]
  0x0000027a84b0e310 JavaThread "Exec process Thread 3"             [_thread_blocked, id=4372, stack(0x000000c2c8300000,0x000000c2c8400000) (1024K)]
  0x0000027a84b0e9a0 JavaThread "included builds"                   [_thread_blocked, id=33596, stack(0x000000c2c8400000,0x000000c2c8500000) (1024K)]
  0x0000027a84b103e0 JavaThread "Execution worker"                  [_thread_blocked, id=28532, stack(0x000000c2c8500000,0x000000c2c8600000) (1024K)]
  0x0000027a84b0f030 JavaThread "Execution worker Thread 2"         [_thread_blocked, id=14304, stack(0x000000c2c8600000,0x000000c2c8700000) (1024K)]
  0x0000027a86741310 JavaThread "Execution worker Thread 3"         [_thread_blocked, id=8784, stack(0x000000c2c8700000,0x000000c2c8800000) (1024K)]
  0x0000027a86744790 JavaThread "Execution worker Thread 4"         [_thread_blocked, id=28956, stack(0x000000c2c8800000,0x000000c2c8900000) (1024K)]
  0x0000027a867419a0 JavaThread "Execution worker Thread 5"         [_thread_blocked, id=38804, stack(0x000000c2c8900000,0x000000c2c8a00000) (1024K)]
  0x0000027a86744e20 JavaThread "Execution worker Thread 6"         [_thread_blocked, id=2324, stack(0x000000c2c8a00000,0x000000c2c8b00000) (1024K)]
  0x0000027a867426c0 JavaThread "Execution worker Thread 7"         [_thread_blocked, id=31632, stack(0x000000c2c8b00000,0x000000c2c8c00000) (1024K)]
  0x0000027a867454b0 JavaThread "Cache worker for execution history cache (D:\Android studio data\ToDo-List\OmniTask\node_modules\@react-native\gradle-plugin\.gradle\8.13\executionHistory)"        [_thread_blocked, id=17188, stack(0x000000c2c8c00000,0x000000c2c8d00000) (1024K)]
  0x0000027a867433e0 JavaThread "Unconstrained build operations Thread 28"        [_thread_blocked, id=7076, stack(0x000000c2c8d00000,0x000000c2c8e00000) (1024K)]
  0x0000027a86744100 JavaThread "Unconstrained build operations Thread 29"        [_thread_blocked, id=37716, stack(0x000000c2c8e00000,0x000000c2c8f00000) (1024K)]
  0x0000027a86743a70 JavaThread "Unconstrained build operations Thread 30"        [_thread_blocked, id=16836, stack(0x000000c2c8f00000,0x000000c2c9000000) (1024K)]
  0x0000027a86742030 JavaThread "Unconstrained build operations Thread 31"        [_thread_blocked, id=7400, stack(0x000000c2c9000000,0x000000c2c9100000) (1024K)]
  0x0000027a86745b40 JavaThread "Unconstrained build operations Thread 32"        [_thread_blocked, id=22872, stack(0x000000c2c9100000,0x000000c2c9200000) (1024K)]
  0x0000027a86747c10 JavaThread "Unconstrained build operations Thread 33"        [_thread_blocked, id=2528, stack(0x000000c2c9200000,0x000000c2c9300000) (1024K)]
  0x0000027a86748930 JavaThread "Unconstrained build operations Thread 34"        [_thread_blocked, id=22968, stack(0x000000c2c9300000,0x000000c2c9400000) (1024K)]
  0x0000027a867461d0 JavaThread "Unconstrained build operations Thread 35"        [_thread_blocked, id=29084, stack(0x000000c2c9400000,0x000000c2c9500000) (1024K)]
  0x0000027a86746860 JavaThread "Unconstrained build operations Thread 36"        [_thread_blocked, id=26968, stack(0x000000c2c9500000,0x000000c2c9600000) (1024K)]
  0x0000027a86747580 JavaThread "Unconstrained build operations Thread 37"        [_thread_blocked, id=32896, stack(0x000000c2c9600000,0x000000c2c9700000) (1024K)]
  0x0000027a867482a0 JavaThread "Unconstrained build operations Thread 38"        [_thread_blocked, id=6404, stack(0x000000c2c9700000,0x000000c2c9800000) (1024K)]
  0x0000027a86746ef0 JavaThread "Unconstrained build operations Thread 39"        [_thread_blocked, id=34328, stack(0x000000c2c9800000,0x000000c2c9900000) (1024K)]
  0x0000027a8433a050 JavaThread "Unconstrained build operations Thread 40"        [_thread_blocked, id=18856, stack(0x000000c2c9900000,0x000000c2c9a00000) (1024K)]
  0x0000027a8433ba90 JavaThread "Unconstrained build operations Thread 41"        [_thread_blocked, id=9232, stack(0x000000c2c9a00000,0x000000c2c9b00000) (1024K)]
  0x0000027a8433a6e0 JavaThread "Unconstrained build operations Thread 42"        [_thread_blocked, id=9288, stack(0x000000c2c9b00000,0x000000c2c9c00000) (1024K)]
  0x0000027a8433c120 JavaThread "Unconstrained build operations Thread 43"        [_thread_blocked, id=25996, stack(0x000000c2c9c00000,0x000000c2c9d00000) (1024K)]
  0x0000027a8433d4d0 JavaThread "Unconstrained build operations Thread 44"        [_thread_blocked, id=37368, stack(0x000000c2c9d00000,0x000000c2c9e00000) (1024K)]
  0x0000027a8433c7b0 JavaThread "Unconstrained build operations Thread 45"        [_thread_blocked, id=21700, stack(0x000000c2c9e00000,0x000000c2c9f00000) (1024K)]
  0x0000027a8433e1f0 JavaThread "Unconstrained build operations Thread 46"        [_thread_blocked, id=12912, stack(0x000000c2c9f00000,0x000000c2ca000000) (1024K)]
  0x0000027a8433ce40 JavaThread "Unconstrained build operations Thread 47"        [_thread_blocked, id=12904, stack(0x000000c2ca000000,0x000000c2ca100000) (1024K)]
  0x0000027a8433ad70 JavaThread "Unconstrained build operations Thread 48"        [_thread_blocked, id=8416, stack(0x000000c2ca100000,0x000000c2ca200000) (1024K)]
  0x0000027a82a87190 JavaThread "Unconstrained build operations Thread 49"        [_thread_blocked, id=23340, stack(0x000000c2ca200000,0x000000c2ca300000) (1024K)]
  0x0000027a82a86470 JavaThread "Unconstrained build operations Thread 50"        [_thread_blocked, id=16716, stack(0x000000c2ca300000,0x000000c2ca400000) (1024K)]
  0x0000027a82a86b00 JavaThread "Unconstrained build operations Thread 51"        [_thread_blocked, id=300, stack(0x000000c2ca400000,0x000000c2ca500000) (1024K)]
  0x0000027a82a83d10 JavaThread "Unconstrained build operations Thread 52"        [_thread_blocked, id=3268, stack(0x000000c2ca500000,0x000000c2ca600000) (1024K)]
  0x0000027a82a84a30 JavaThread "Unconstrained build operations Thread 53"        [_thread_blocked, id=24892, stack(0x000000c2ca600000,0x000000c2ca700000) (1024K)]
  0x0000027a82a87820 JavaThread "Unconstrained build operations Thread 54"        [_thread_blocked, id=38252, stack(0x000000c2ca700000,0x000000c2ca800000) (1024K)]
  0x0000027a82a843a0 JavaThread "Unconstrained build operations Thread 55"        [_thread_blocked, id=9716, stack(0x000000c2ca800000,0x000000c2ca900000) (1024K)]
  0x0000027a82a88540 JavaThread "Unconstrained build operations Thread 56"        [_thread_blocked, id=2328, stack(0x000000c2ca900000,0x000000c2caa00000) (1024K)]
  0x0000027a82a87eb0 JavaThread "Unconstrained build operations Thread 57"        [_thread_blocked, id=35732, stack(0x000000c2caa00000,0x000000c2cab00000) (1024K)]
  0x0000027a82a850c0 JavaThread "Unconstrained build operations Thread 58"        [_thread_blocked, id=5008, stack(0x000000c2cab00000,0x000000c2cac00000) (1024K)]
  0x0000027a82a88bd0 JavaThread "Unconstrained build operations Thread 59"        [_thread_blocked, id=26232, stack(0x000000c2cac00000,0x000000c2cad00000) (1024K)]
  0x0000027a82a85750 JavaThread "Unconstrained build operations Thread 60"        [_thread_blocked, id=34544, stack(0x000000c2cad00000,0x000000c2cae00000) (1024K)]
  0x0000027a82a89260 JavaThread "Unconstrained build operations Thread 61"        [_thread_blocked, id=7024, stack(0x000000c2cae00000,0x000000c2caf00000) (1024K)]
  0x0000027a82a85de0 JavaThread "Unconstrained build operations Thread 62"        [_thread_blocked, id=27596, stack(0x000000c2caf00000,0x000000c2cb000000) (1024K)]
  0x0000027a82a898f0 JavaThread "Unconstrained build operations Thread 63"        [_thread_blocked, id=31908, stack(0x000000c2cb000000,0x000000c2cb100000) (1024K)]
  0x0000027a82a8a610 JavaThread "Unconstrained build operations Thread 64"        [_thread_blocked, id=9392, stack(0x000000c2cb100000,0x000000c2cb200000) (1024K)]
  0x0000027a82a89f80 JavaThread "Unconstrained build operations Thread 65"        [_thread_blocked, id=29264, stack(0x000000c2cb200000,0x000000c2cb300000) (1024K)]
  0x0000027a82a8aca0 JavaThread "Unconstrained build operations Thread 66"        [_thread_blocked, id=20748, stack(0x000000c2cb300000,0x000000c2cb400000) (1024K)]
  0x0000027a82a8b330 JavaThread "Unconstrained build operations Thread 67"        [_thread_blocked, id=29428, stack(0x000000c2cb400000,0x000000c2cb500000) (1024K)]
  0x0000027a80673db0 JavaThread "Unconstrained build operations Thread 68"        [_thread_blocked, id=11020, stack(0x000000c2cb500000,0x000000c2cb600000) (1024K)]
  0x0000027a80673720 JavaThread "Unconstrained build operations Thread 69"        [_thread_blocked, id=25372, stack(0x000000c2cb600000,0x000000c2cb700000) (1024K)]
  0x0000027a806757f0 JavaThread "Unconstrained build operations Thread 70"        [_thread_blocked, id=18280, stack(0x000000c2cb700000,0x000000c2cb800000) (1024K)]
  0x0000027a80672a00 JavaThread "Unconstrained build operations Thread 71"        [_thread_blocked, id=11128, stack(0x000000c2cb800000,0x000000c2cb900000) (1024K)]
  0x0000027a80674440 JavaThread "Unconstrained build operations Thread 72"        [_thread_blocked, id=21816, stack(0x000000c2cb900000,0x000000c2cba00000) (1024K)]
  0x0000027a80673090 JavaThread "Unconstrained build operations Thread 73"        [_thread_blocked, id=26380, stack(0x000000c2cba00000,0x000000c2cbb00000) (1024K)]
  0x0000027a80674ad0 JavaThread "Unconstrained build operations Thread 74"        [_thread_blocked, id=17780, stack(0x000000c2cbb00000,0x000000c2cbc00000) (1024K)]
  0x0000027a80675160 JavaThread "Unconstrained build operations Thread 75"        [_thread_blocked, id=11412, stack(0x000000c2cbc00000,0x000000c2cbd00000) (1024K)]
  0x0000027a80672370 JavaThread "Unconstrained build operations Thread 76"        [_thread_blocked, id=30004, stack(0x000000c2cbd00000,0x000000c2cbe00000) (1024K)]
  0x0000027a80675e80 JavaThread "Unconstrained build operations Thread 77"        [_thread_blocked, id=27844, stack(0x000000c2cbe00000,0x000000c2cbf00000) (1024K)]
  0x0000027a806778c0 JavaThread "jar transforms Thread 4"           [_thread_blocked, id=28104, stack(0x000000c2cbf00000,0x000000c2cc000000) (1024K)]
  0x0000027a806785e0 JavaThread "jar transforms Thread 5"           [_thread_blocked, id=35072, stack(0x000000c2cc000000,0x000000c2cc100000) (1024K)]
  0x0000027a80679990 JavaThread "Unconstrained build operations Thread 78"        [_thread_blocked, id=38712, stack(0x000000c2cc100000,0x000000c2cc200000) (1024K)]
  0x0000027a80676510 JavaThread "Unconstrained build operations Thread 79"        [_thread_blocked, id=11384, stack(0x000000c2cc200000,0x000000c2cc300000) (1024K)]
  0x0000027a80679300 JavaThread "Unconstrained build operations Thread 80"        [_thread_blocked, id=3436, stack(0x000000c2cc300000,0x000000c2cc400000) (1024K)]
  0x0000027a8433db60 JavaThread "jar transforms Thread 6"           [_thread_blocked, id=23368, stack(0x000000c2cc500000,0x000000c2cc600000) (1024K)]
  0x0000027a8433b400 JavaThread "jar transforms Thread 7"           [_thread_blocked, id=36640, stack(0x000000c2cc600000,0x000000c2cc700000) (1024K)]
  0x0000027a843402c0 JavaThread "jar transforms Thread 8"           [_thread_blocked, id=28176, stack(0x000000c2cc700000,0x000000c2cc800000) (1024K)]
  0x0000027a86889f10 JavaThread "build event listener"              [_thread_blocked, id=35536, stack(0x000000c2cc400000,0x000000c2cc500000) (1024K)]
  0x0000027a86887e40 JavaThread "Problems report writer"            [_thread_blocked, id=31264, stack(0x000000c2cc900000,0x000000c2cca00000) (1024K)]
=>0x0000027a80035ac0 JavaThread "C2 CompilerThread1"         daemon [_thread_in_native, id=36524, stack(0x000000c2c3b00000,0x000000c2c3c00000) (1024K)]
Total: 145

Other Threads:
  0x0000027ac64882f0 VMThread "VM Thread"                           [id=37244, stack(0x000000c2c3000000,0x000000c2c3100000) (1024K)]
  0x0000027ac6476260 WatcherThread "VM Periodic Task Thread"        [id=11748, stack(0x000000c2c2f00000,0x000000c2c3000000) (1024K)]
  0x0000027aa794b590 WorkerThread "GC Thread#0"                     [id=28472, stack(0x000000c2c2a00000,0x000000c2c2b00000) (1024K)]
  0x0000027a803285f0 WorkerThread "GC Thread#1"                     [id=22444, stack(0x000000c2c3c00000,0x000000c2c3d00000) (1024K)]
  0x0000027a80328990 WorkerThread "GC Thread#2"                     [id=31048, stack(0x000000c2c3d00000,0x000000c2c3e00000) (1024K)]
  0x0000027a80328d30 WorkerThread "GC Thread#3"                     [id=17252, stack(0x000000c2c3e00000,0x000000c2c3f00000) (1024K)]
  0x0000027a80370620 WorkerThread "GC Thread#4"                     [id=23412, stack(0x000000c2c3f00000,0x000000c2c4000000) (1024K)]
  0x0000027a803709c0 WorkerThread "GC Thread#5"                     [id=38388, stack(0x000000c2c4000000,0x000000c2c4100000) (1024K)]
  0x0000027a823239b0 WorkerThread "GC Thread#6"                     [id=980, stack(0x000000c2c4b00000,0x000000c2c4c00000) (1024K)]
  0x0000027a822f60c0 WorkerThread "GC Thread#7"                     [id=27108, stack(0x000000c2c4c00000,0x000000c2c4d00000) (1024K)]
  0x0000027aa795c480 ConcurrentGCThread "G1 Main Marker"            [id=32000, stack(0x000000c2c2b00000,0x000000c2c2c00000) (1024K)]
  0x0000027aa795dea0 WorkerThread "G1 Conc#0"                       [id=25964, stack(0x000000c2c2c00000,0x000000c2c2d00000) (1024K)]
  0x0000027a839b84a0 WorkerThread "G1 Conc#1"                       [id=22972, stack(0x000000c2c5100000,0x000000c2c5200000) (1024K)]
  0x0000027ac634e110 ConcurrentGCThread "G1 Refine#0"               [id=29108, stack(0x000000c2c2d00000,0x000000c2c2e00000) (1024K)]
  0x0000027ac634e930 ConcurrentGCThread "G1 Service"                [id=5880, stack(0x000000c2c2e00000,0x000000c2c2f00000) (1024K)]
Total: 15

Threads with active compile tasks:
C1 CompilerThread0    29533 14989       3       kotlin.collections.CollectionsKt__MutableCollectionsKt::addAll (26 bytes)
C2 CompilerThread1    29533 14924   !   4       java.nio.file.FileTreeWalker::visit (204 bytes)
Total: 2

VM state: not at safepoint (normal execution)

VM Mutex/Monitor currently owned by a thread: None

Heap address: 0x0000000700000000, size: 4096 MB, Compressed Oops mode: Zero based, Oop shift amount: 3

CDS archive(s) mapped at: [0x0000027ac7000000-0x0000027ac7c90000-0x0000027ac7c90000), size 13172736, SharedBaseAddress: 0x0000027ac7000000, ArchiveRelocationMode: 1.
Compressed class space mapped at: 0x0000027ac8000000-0x0000027afc000000, reserved size: 872415232
Narrow klass base: 0x0000027ac7000000, Narrow klass shift: 0, Narrow klass range: 0x100000000

GC Precious Log:
 CardTable entry size: 512
 Card Set container configuration: InlinePtr #cards 4 size 8 Array Of Cards #cards 16 size 48 Howl #buckets 8 coarsen threshold 3686 Howl Bitmap #cards 512 size 80 coarsen threshold 460 Card regions per heap region 1 cards per card region 4096
 CPUs: 8 total, 8 available
 Memory: 16167M
 Large Page Support: Disabled
 NUMA Support: Disabled
 Compressed Oops: Enabled (Zero based)
 Heap Region Size: 2M
 Heap Min Capacity: 8M
 Heap Initial Capacity: 254M
 Heap Max Capacity: 4G
 Pre-touch: Disabled
 Parallel Workers: 8
 Concurrent Workers: 2
 Concurrent Refinement Workers: 8
 Periodic GC: Disabled

Heap:
 garbage-first heap   total 243712K, used 211823K [0x0000000700000000, 0x0000000800000000)
  region size 2048K, 42 young (86016K), 5 survivors (10240K)
 Metaspace       used 110426K, committed 113088K, reserved 983040K
  class space    used 15296K, committed 16640K, reserved 851968K

Heap Regions: E=young(eden), S=young(survivor), O=old, HS=humongous(starts), HC=humongous(continues), CS=collection set, F=free, TAMS=top-at-mark-start, PB=parsable bottom
|   0|0x0000000700000000, 0x0000000700200000, 0x0000000700200000|100%|HS|  |TAMS 0x0000000700000000| PB 0x0000000700000000| Complete 
|   1|0x0000000700200000, 0x0000000700400000, 0x0000000700400000|100%|HC|  |TAMS 0x0000000700200000| PB 0x0000000700200000| Complete 
|   2|0x0000000700400000, 0x0000000700600000, 0x0000000700600000|100%| O|  |TAMS 0x0000000700400000| PB 0x0000000700400000| Untracked 
|   3|0x0000000700600000, 0x0000000700800000, 0x0000000700800000|100%| O|  |TAMS 0x0000000700600000| PB 0x0000000700600000| Untracked 
|   4|0x0000000700800000, 0x0000000700a00000, 0x0000000700a00000|100%| O|  |TAMS 0x0000000700800000| PB 0x0000000700800000| Untracked 
|   5|0x0000000700a00000, 0x0000000700c00000, 0x0000000700c00000|100%| O|  |TAMS 0x0000000700a00000| PB 0x0000000700a00000| Untracked 
|   6|0x0000000700c00000, 0x0000000700e00000, 0x0000000700e00000|100%| O|  |TAMS 0x0000000700c00000| PB 0x0000000700c00000| Untracked 
|   7|0x0000000700e00000, 0x0000000701000000, 0x0000000701000000|100%| O|  |TAMS 0x0000000700e00000| PB 0x0000000700e00000| Untracked 
|   8|0x0000000701000000, 0x0000000701200000, 0x0000000701200000|100%| O|  |TAMS 0x0000000701000000| PB 0x0000000701000000| Untracked 
|   9|0x0000000701200000, 0x0000000701400000, 0x0000000701400000|100%| O|  |TAMS 0x0000000701200000| PB 0x0000000701200000| Untracked 
|  10|0x0000000701400000, 0x0000000701600000, 0x0000000701600000|100%| O|  |TAMS 0x0000000701400000| PB 0x0000000701400000| Untracked 
|  11|0x0000000701600000, 0x0000000701800000, 0x0000000701800000|100%| O|  |TAMS 0x0000000701600000| PB 0x0000000701600000| Untracked 
|  12|0x0000000701800000, 0x0000000701a00000, 0x0000000701a00000|100%| O|  |TAMS 0x0000000701800000| PB 0x0000000701800000| Untracked 
|  13|0x0000000701a00000, 0x0000000701c00000, 0x0000000701c00000|100%| O|  |TAMS 0x0000000701a00000| PB 0x0000000701a00000| Untracked 
|  14|0x0000000701c00000, 0x0000000701e00000, 0x0000000701e00000|100%| O|  |TAMS 0x0000000701c00000| PB 0x0000000701c00000| Untracked 
|  15|0x0000000701e00000, 0x0000000702000000, 0x0000000702000000|100%| O|  |TAMS 0x0000000701e00000| PB 0x0000000701e00000| Untracked 
|  16|0x0000000702000000, 0x0000000702200000, 0x0000000702200000|100%| O|  |TAMS 0x0000000702000000| PB 0x0000000702000000| Untracked 
|  17|0x0000000702200000, 0x0000000702400000, 0x0000000702400000|100%| O|  |TAMS 0x0000000702200000| PB 0x0000000702200000| Untracked 
|  18|0x0000000702400000, 0x0000000702600000, 0x0000000702600000|100%| O|  |TAMS 0x0000000702400000| PB 0x0000000702400000| Untracked 
|  19|0x0000000702600000, 0x0000000702800000, 0x0000000702800000|100%| O|  |TAMS 0x0000000702600000| PB 0x0000000702600000| Untracked 
|  20|0x0000000702800000, 0x0000000702a00000, 0x0000000702a00000|100%|HS|  |TAMS 0x0000000702800000| PB 0x0000000702800000| Complete 
|  21|0x0000000702a00000, 0x0000000702c00000, 0x0000000702c00000|100%|HC|  |TAMS 0x0000000702a00000| PB 0x0000000702a00000| Complete 
|  22|0x0000000702c00000, 0x0000000702e00000, 0x0000000702e00000|100%| O|  |TAMS 0x0000000702c00000| PB 0x0000000702c00000| Untracked 
|  23|0x0000000702e00000, 0x0000000703000000, 0x0000000703000000|100%| O|  |TAMS 0x0000000702e00000| PB 0x0000000702e00000| Untracked 
|  24|0x0000000703000000, 0x0000000703200000, 0x0000000703200000|100%|HS|  |TAMS 0x0000000703000000| PB 0x0000000703000000| Complete 
|  25|0x0000000703200000, 0x0000000703400000, 0x0000000703400000|100%|HC|  |TAMS 0x0000000703200000| PB 0x0000000703200000| Complete 
|  26|0x0000000703400000, 0x0000000703600000, 0x0000000703600000|100%| O|  |TAMS 0x0000000703400000| PB 0x0000000703400000| Untracked 
|  27|0x0000000703600000, 0x0000000703800000, 0x0000000703800000|100%| O|  |TAMS 0x0000000703600000| PB 0x0000000703600000| Untracked 
|  28|0x0000000703800000, 0x0000000703a00000, 0x0000000703a00000|100%| O|  |TAMS 0x0000000703800000| PB 0x0000000703800000| Untracked 
|  29|0x0000000703a00000, 0x0000000703c00000, 0x0000000703c00000|100%| O|  |TAMS 0x0000000703a00000| PB 0x0000000703a00000| Untracked 
|  30|0x0000000703c00000, 0x0000000703e00000, 0x0000000703e00000|100%| O|  |TAMS 0x0000000703c00000| PB 0x0000000703c00000| Untracked 
|  31|0x0000000703e00000, 0x0000000704000000, 0x0000000704000000|100%| O|  |TAMS 0x0000000703e00000| PB 0x0000000703e00000| Untracked 
|  32|0x0000000704000000, 0x0000000704200000, 0x0000000704200000|100%| O|  |TAMS 0x0000000704000000| PB 0x0000000704000000| Untracked 
|  33|0x0000000704200000, 0x0000000704400000, 0x0000000704400000|100%| O|  |TAMS 0x0000000704200000| PB 0x0000000704200000| Untracked 
|  34|0x0000000704400000, 0x0000000704600000, 0x0000000704600000|100%| O|  |TAMS 0x0000000704400000| PB 0x0000000704400000| Untracked 
|  35|0x0000000704600000, 0x0000000704800000, 0x0000000704800000|100%| O|Cm|TAMS 0x0000000704600000| PB 0x0000000704600000| Complete 
|  36|0x0000000704800000, 0x0000000704a00000, 0x0000000704a00000|100%| O|  |TAMS 0x0000000704800000| PB 0x0000000704800000| Untracked 
|  37|0x0000000704a00000, 0x0000000704c00000, 0x0000000704c00000|100%| O|  |TAMS 0x0000000704a00000| PB 0x0000000704a00000| Untracked 
|  38|0x0000000704c00000, 0x0000000704e00000, 0x0000000704e00000|100%| O|  |TAMS 0x0000000704c00000| PB 0x0000000704c00000| Untracked 
|  39|0x0000000704e00000, 0x0000000705000000, 0x0000000705000000|100%| O|  |TAMS 0x0000000704e00000| PB 0x0000000704e00000| Untracked 
|  40|0x0000000705000000, 0x0000000705200000, 0x0000000705200000|100%| O|  |TAMS 0x0000000705000000| PB 0x0000000705000000| Untracked 
|  41|0x0000000705200000, 0x0000000705400000, 0x0000000705400000|100%| O|Cm|TAMS 0x0000000705200000| PB 0x0000000705200000| Complete 
|  42|0x0000000705400000, 0x0000000705600000, 0x0000000705600000|100%| O|  |TAMS 0x0000000705400000| PB 0x0000000705400000| Untracked 
|  43|0x0000000705600000, 0x0000000705800000, 0x0000000705800000|100%| O|  |TAMS 0x0000000705600000| PB 0x0000000705600000| Untracked 
|  44|0x0000000705800000, 0x0000000705a00000, 0x0000000705a00000|100%| O|  |TAMS 0x0000000705800000| PB 0x0000000705800000| Untracked 
|  45|0x0000000705a00000, 0x0000000705c00000, 0x0000000705c00000|100%| O|  |TAMS 0x0000000705a00000| PB 0x0000000705a00000| Untracked 
|  46|0x0000000705c00000, 0x0000000705e00000, 0x0000000705e00000|100%| O|  |TAMS 0x0000000705c00000| PB 0x0000000705c00000| Untracked 
|  47|0x0000000705e00000, 0x0000000706000000, 0x0000000706000000|100%| O|  |TAMS 0x0000000705e00000| PB 0x0000000705e00000| Untracked 
|  48|0x0000000706000000, 0x0000000706200000, 0x0000000706200000|100%| O|  |TAMS 0x0000000706000000| PB 0x0000000706000000| Untracked 
|  49|0x0000000706200000, 0x0000000706400000, 0x0000000706400000|100%| O|  |TAMS 0x0000000706200000| PB 0x0000000706200000| Untracked 
|  50|0x0000000706400000, 0x0000000706600000, 0x0000000706600000|100%| O|  |TAMS 0x0000000706400000| PB 0x0000000706400000| Untracked 
|  51|0x0000000706600000, 0x0000000706800000, 0x0000000706800000|100%| O|  |TAMS 0x0000000706600000| PB 0x0000000706600000| Untracked 
|  52|0x0000000706800000, 0x0000000706a00000, 0x0000000706a00000|100%| O|  |TAMS 0x0000000706800000| PB 0x0000000706800000| Untracked 
|  53|0x0000000706a00000, 0x0000000706c00000, 0x0000000706c00000|100%|HS|  |TAMS 0x0000000706a00000| PB 0x0000000706a00000| Complete 
|  54|0x0000000706c00000, 0x0000000706e00000, 0x0000000706e00000|100%|HC|  |TAMS 0x0000000706c00000| PB 0x0000000706c00000| Complete 
|  55|0x0000000706e00000, 0x0000000707000000, 0x0000000707000000|100%| O|  |TAMS 0x0000000706e00000| PB 0x0000000706e00000| Untracked 
|  56|0x0000000707000000, 0x0000000707200000, 0x0000000707200000|100%| O|  |TAMS 0x0000000707000000| PB 0x0000000707000000| Untracked 
|  57|0x0000000707200000, 0x0000000707400000, 0x0000000707400000|100%| O|  |TAMS 0x0000000707200000| PB 0x0000000707200000| Untracked 
|  58|0x0000000707400000, 0x0000000707600000, 0x0000000707600000|100%| O|  |TAMS 0x0000000707400000| PB 0x0000000707400000| Untracked 
|  59|0x0000000707600000, 0x0000000707800000, 0x0000000707800000|100%| O|  |TAMS 0x0000000707600000| PB 0x0000000707600000| Untracked 
|  60|0x0000000707800000, 0x0000000707a00000, 0x0000000707a00000|100%| O|  |TAMS 0x0000000707800000| PB 0x0000000707800000| Untracked 
|  61|0x0000000707a00000, 0x0000000707c00000, 0x0000000707c00000|100%| O|  |TAMS 0x0000000707a00000| PB 0x0000000707a00000| Untracked 
|  62|0x0000000707c00000, 0x0000000707e00000, 0x0000000707e00000|100%| O|  |TAMS 0x0000000707c00000| PB 0x0000000707c00000| Untracked 
|  63|0x0000000707e00000, 0x0000000707f47010, 0x0000000708000000| 63%| O|  |TAMS 0x0000000707e00000| PB 0x0000000707e00000| Untracked 
|  64|0x0000000708000000, 0x0000000708000000, 0x0000000708200000|  0%| F|  |TAMS 0x0000000708000000| PB 0x0000000708000000| Untracked 
|  65|0x0000000708200000, 0x0000000708200000, 0x0000000708400000|  0%| F|  |TAMS 0x0000000708200000| PB 0x0000000708200000| Untracked 
|  66|0x0000000708400000, 0x0000000708400000, 0x0000000708600000|  0%| F|  |TAMS 0x0000000708400000| PB 0x0000000708400000| Untracked 
|  67|0x0000000708600000, 0x0000000708600000, 0x0000000708800000|  0%| F|  |TAMS 0x0000000708600000| PB 0x0000000708600000| Untracked 
|  68|0x0000000708800000, 0x0000000708800000, 0x0000000708a00000|  0%| F|  |TAMS 0x0000000708800000| PB 0x0000000708800000| Untracked 
|  69|0x0000000708a00000, 0x0000000708a00000, 0x0000000708c00000|  0%| F|  |TAMS 0x0000000708a00000| PB 0x0000000708a00000| Untracked 
|  70|0x0000000708c00000, 0x0000000708c00000, 0x0000000708e00000|  0%| F|  |TAMS 0x0000000708c00000| PB 0x0000000708c00000| Untracked 
|  71|0x0000000708e00000, 0x0000000708e00000, 0x0000000709000000|  0%| F|  |TAMS 0x0000000708e00000| PB 0x0000000708e00000| Untracked 
|  72|0x0000000709000000, 0x0000000709194fa0, 0x0000000709200000| 79%| S|CS|TAMS 0x0000000709000000| PB 0x0000000709000000| Complete 
|  73|0x0000000709200000, 0x0000000709200000, 0x0000000709400000|  0%| F|  |TAMS 0x0000000709200000| PB 0x0000000709200000| Untracked 
|  74|0x0000000709400000, 0x0000000709400000, 0x0000000709600000|  0%| F|  |TAMS 0x0000000709400000| PB 0x0000000709400000| Untracked 
|  75|0x0000000709600000, 0x0000000709600000, 0x0000000709800000|  0%| F|  |TAMS 0x0000000709600000| PB 0x0000000709600000| Untracked 
|  76|0x0000000709800000, 0x0000000709a00000, 0x0000000709a00000|100%| S|CS|TAMS 0x0000000709800000| PB 0x0000000709800000| Complete 
|  77|0x0000000709a00000, 0x0000000709c00000, 0x0000000709c00000|100%| S|CS|TAMS 0x0000000709a00000| PB 0x0000000709a00000| Complete 
|  78|0x0000000709c00000, 0x0000000709e00000, 0x0000000709e00000|100%| S|CS|TAMS 0x0000000709c00000| PB 0x0000000709c00000| Complete 
|  79|0x0000000709e00000, 0x000000070a000000, 0x000000070a000000|100%| S|CS|TAMS 0x0000000709e00000| PB 0x0000000709e00000| Complete 
|  80|0x000000070a000000, 0x000000070a000000, 0x000000070a200000|  0%| F|  |TAMS 0x000000070a000000| PB 0x000000070a000000| Untracked 
|  81|0x000000070a200000, 0x000000070a200000, 0x000000070a400000|  0%| F|  |TAMS 0x000000070a200000| PB 0x000000070a200000| Untracked 
|  82|0x000000070a400000, 0x000000070a600000, 0x000000070a600000|100%| E|  |TAMS 0x000000070a400000| PB 0x000000070a400000| Complete 
|  83|0x000000070a600000, 0x000000070a800000, 0x000000070a800000|100%| E|CS|TAMS 0x000000070a600000| PB 0x000000070a600000| Complete 
|  84|0x000000070a800000, 0x000000070aa00000, 0x000000070aa00000|100%| E|CS|TAMS 0x000000070a800000| PB 0x000000070a800000| Complete 
|  85|0x000000070aa00000, 0x000000070ac00000, 0x000000070ac00000|100%| E|CS|TAMS 0x000000070aa00000| PB 0x000000070aa00000| Complete 
|  86|0x000000070ac00000, 0x000000070ae00000, 0x000000070ae00000|100%| E|CS|TAMS 0x000000070ac00000| PB 0x000000070ac00000| Complete 
|  87|0x000000070ae00000, 0x000000070b000000, 0x000000070b000000|100%| E|CS|TAMS 0x000000070ae00000| PB 0x000000070ae00000| Complete 
|  88|0x000000070b000000, 0x000000070b200000, 0x000000070b200000|100%| E|CS|TAMS 0x000000070b000000| PB 0x000000070b000000| Complete 
|  89|0x000000070b200000, 0x000000070b400000, 0x000000070b400000|100%| E|CS|TAMS 0x000000070b200000| PB 0x000000070b200000| Complete 
|  90|0x000000070b400000, 0x000000070b600000, 0x000000070b600000|100%| E|CS|TAMS 0x000000070b400000| PB 0x000000070b400000| Complete 
|  91|0x000000070b600000, 0x000000070b800000, 0x000000070b800000|100%| E|CS|TAMS 0x000000070b600000| PB 0x000000070b600000| Complete 
|  92|0x000000070b800000, 0x000000070ba00000, 0x000000070ba00000|100%| E|CS|TAMS 0x000000070b800000| PB 0x000000070b800000| Complete 
|  93|0x000000070ba00000, 0x000000070bc00000, 0x000000070bc00000|100%| E|CS|TAMS 0x000000070ba00000| PB 0x000000070ba00000| Complete 
|  94|0x000000070bc00000, 0x000000070be00000, 0x000000070be00000|100%| E|CS|TAMS 0x000000070bc00000| PB 0x000000070bc00000| Complete 
|  95|0x000000070be00000, 0x000000070c000000, 0x000000070c000000|100%| E|CS|TAMS 0x000000070be00000| PB 0x000000070be00000| Complete 
|  96|0x000000070c000000, 0x000000070c200000, 0x000000070c200000|100%| E|CS|TAMS 0x000000070c000000| PB 0x000000070c000000| Complete 
|  97|0x000000070c200000, 0x000000070c400000, 0x000000070c400000|100%| E|CS|TAMS 0x000000070c200000| PB 0x000000070c200000| Complete 
|  98|0x000000070c400000, 0x000000070c600000, 0x000000070c600000|100%| E|CS|TAMS 0x000000070c400000| PB 0x000000070c400000| Complete 
|  99|0x000000070c600000, 0x000000070c800000, 0x000000070c800000|100%| E|CS|TAMS 0x000000070c600000| PB 0x000000070c600000| Complete 
| 100|0x000000070c800000, 0x000000070ca00000, 0x000000070ca00000|100%| E|  |TAMS 0x000000070c800000| PB 0x000000070c800000| Complete 
| 101|0x000000070ca00000, 0x000000070cc00000, 0x000000070cc00000|100%| E|CS|TAMS 0x000000070ca00000| PB 0x000000070ca00000| Complete 
| 102|0x000000070cc00000, 0x000000070ce00000, 0x000000070ce00000|100%| E|CS|TAMS 0x000000070cc00000| PB 0x000000070cc00000| Complete 
| 103|0x000000070ce00000, 0x000000070d000000, 0x000000070d000000|100%| E|CS|TAMS 0x000000070ce00000| PB 0x000000070ce00000| Complete 
| 104|0x000000070d000000, 0x000000070d200000, 0x000000070d200000|100%| E|CS|TAMS 0x000000070d000000| PB 0x000000070d000000| Complete 
| 105|0x000000070d200000, 0x000000070d400000, 0x000000070d400000|100%| E|CS|TAMS 0x000000070d200000| PB 0x000000070d200000| Complete 
| 106|0x000000070d400000, 0x000000070d600000, 0x000000070d600000|100%| E|CS|TAMS 0x000000070d400000| PB 0x000000070d400000| Complete 
| 107|0x000000070d600000, 0x000000070d800000, 0x000000070d800000|100%| E|CS|TAMS 0x000000070d600000| PB 0x000000070d600000| Complete 
| 108|0x000000070d800000, 0x000000070da00000, 0x000000070da00000|100%| E|CS|TAMS 0x000000070d800000| PB 0x000000070d800000| Complete 
| 109|0x000000070da00000, 0x000000070dc00000, 0x000000070dc00000|100%| E|CS|TAMS 0x000000070da00000| PB 0x000000070da00000| Complete 
| 110|0x000000070dc00000, 0x000000070de00000, 0x000000070de00000|100%| E|CS|TAMS 0x000000070dc00000| PB 0x000000070dc00000| Complete 
| 111|0x000000070de00000, 0x000000070e000000, 0x000000070e000000|100%| E|CS|TAMS 0x000000070de00000| PB 0x000000070de00000| Complete 
| 112|0x000000070e000000, 0x000000070e200000, 0x000000070e200000|100%| E|CS|TAMS 0x000000070e000000| PB 0x000000070e000000| Complete 
| 113|0x000000070e200000, 0x000000070e400000, 0x000000070e400000|100%| E|CS|TAMS 0x000000070e200000| PB 0x000000070e200000| Complete 
| 114|0x000000070e400000, 0x000000070e600000, 0x000000070e600000|100%| E|CS|TAMS 0x000000070e400000| PB 0x000000070e400000| Complete 
| 115|0x000000070e600000, 0x000000070e800000, 0x000000070e800000|100%| E|CS|TAMS 0x000000070e600000| PB 0x000000070e600000| Complete 
| 125|0x000000070fa00000, 0x000000070fc00000, 0x000000070fc00000|100%| E|CS|TAMS 0x000000070fa00000| PB 0x000000070fa00000| Complete 
| 126|0x000000070fc00000, 0x000000070fe00000, 0x000000070fe00000|100%| E|CS|TAMS 0x000000070fc00000| PB 0x000000070fc00000| Complete 
|2047|0x00000007ffe00000, 0x0000000800000000, 0x0000000800000000|100%| E|CS|TAMS 0x00000007ffe00000| PB 0x00000007ffe00000| Complete 

Card table byte_map: [0x0000027abf8a0000,0x0000027ac00a0000] _byte_map_base: 0x0000027abc0a0000

Marking Bits: (CMBitMap*) 0x0000027aa794bba0
 Bits: [0x0000027ac00a0000, 0x0000027ac40a0000)

Polling page: 0x0000027aa57a0000

Metaspace:

Usage:
  Non-class:     92.90 MB used.
      Class:     14.94 MB used.
       Both:    107.84 MB used.

Virtual space:
  Non-class space:      128.00 MB reserved,      94.19 MB ( 74%) committed,  2 nodes.
      Class space:      832.00 MB reserved,      16.25 MB (  2%) committed,  1 nodes.
             Both:      960.00 MB reserved,     110.44 MB ( 12%) committed. 

Chunk freelists:
   Non-Class:  1.64 MB
       Class:  15.77 MB
        Both:  17.42 MB

MaxMetaspaceSize: 1.00 GB
CompressedClassSpaceSize: 832.00 MB
Initial GC threshold: 21.00 MB
Current GC threshold: 183.38 MB
CDS: on
 - commit_granule_bytes: 65536.
 - commit_granule_words: 8192.
 - virtual_space_node_default_size: 8388608.
 - enlarge_chunks_in_place: 1.
 - use_allocation_guard: 0.


Internal statistics:

num_allocs_failed_limit: 9.
num_arena_births: 4578.
num_arena_deaths: 0.
num_vsnodes_births: 3.
num_vsnodes_deaths: 0.
num_space_committed: 1767.
num_space_uncommitted: 0.
num_chunks_returned_to_freelist: 9.
num_chunks_taken_from_freelist: 9864.
num_chunk_merges: 9.
num_chunk_splits: 6371.
num_chunks_enlarged: 3951.
num_inconsistent_stats: 0.

CodeHeap 'non-profiled nmethods': size=120000Kb used=8517Kb max_used=8620Kb free=111482Kb
 bounds [0x0000027ab7840000, 0x0000027ab80b0000, 0x0000027abed70000]
CodeHeap 'profiled nmethods': size=120000Kb used=24545Kb max_used=24545Kb free=95455Kb
 bounds [0x0000027aafd70000, 0x0000027ab1570000, 0x0000027ab72a0000]
CodeHeap 'non-nmethods': size=5760Kb used=3232Kb max_used=3276Kb free=2527Kb
 bounds [0x0000027ab72a0000, 0x0000027ab75e0000, 0x0000027ab7840000]
 total_blobs=13720 nmethods=12698 adapters=925
 compilation: enabled
              stopped_count=0, restarted_count=0
 full_count=0

Compilation events (20 events):
Event: 29.438 Thread 0x0000027a80036f30 14938       3       java.io.File::<init> (20 bytes)
Event: 29.439 Thread 0x0000027a80036f30 nmethod 14938 0x0000027ab153f190 code [0x0000027ab153f340, 0x0000027ab153f548]
Event: 29.439 Thread 0x0000027a80032090 14930       4       org.gradle.internal.snapshot.AbstractIncompleteFileSystemNode$$Lambda/0x0000027ac8bb6000::test (10 bytes)
Event: 29.441 Thread 0x0000027a80032090 nmethod 14930 0x0000027ab7ca4d10 code [0x0000027ab7ca4ea0, 0x0000027ab7ca4fb8]
Event: 29.441 Thread 0x0000027a80032090 14931       4       org.gradle.internal.snapshot.AbstractIncompleteFileSystemNode::store (43 bytes)
Event: 29.445 Thread 0x0000027a80032090 nmethod 14931 0x0000027ab7ca4790 code [0x0000027ab7ca4940, 0x0000027ab7ca4b48]
Event: 29.446 Thread 0x0000027a80032090 14932       4       org.gradle.api.internal.artifacts.transform.TransformExecutionResult$Builder$EntireInputArtifact::resolveForInputArtifact (2 bytes)
Event: 29.446 Thread 0x0000027a80032090 nmethod 14932 0x0000027ab7ca4490 code [0x0000027ab7ca4620, 0x0000027ab7ca46a8]
Event: 29.449 Thread 0x0000027a80036f30 14939   !   3       java.io.File::toURI (69 bytes)
Event: 29.449 Thread 0x0000027a80032090 14940       4       java.io.FileSystem::hasBooleanAttributes (17 bytes)
Event: 29.451 Thread 0x0000027a80036f30 nmethod 14939 0x0000027ab153f610 code [0x0000027ab153f8e0, 0x0000027ab15405e8]
Event: 29.451 Thread 0x0000027a80036f30 14941       3       java.io.File::getAbsoluteFile (38 bytes)
Event: 29.452 Thread 0x0000027a80036f30 nmethod 14941 0x0000027ab1540b90 code [0x0000027ab1540d80, 0x0000027ab1541278]
Event: 29.452 Thread 0x0000027a80036f30 14943       3       java.io.File::isDirectory (34 bytes)
Event: 29.452 Thread 0x0000027a80036f30 nmethod 14943 0x0000027ab1541410 code [0x0000027ab1541600, 0x0000027ab1541a10]
Event: 29.453 Thread 0x0000027a80036f30 14944   !   3       org.gradle.internal.classpath.DefaultClassPath::toURL (14 bytes)
Event: 29.453 Thread 0x0000027a80032090 nmethod 14940 0x0000027ab7ca3f90 code [0x0000027ab7ca4140, 0x0000027ab7ca42b0]
Event: 29.453 Thread 0x0000027a80036f30 nmethod 14944 0x0000027ab1541b90 code [0x0000027ab1541d80, 0x0000027ab1542098]
Event: 29.453 Thread 0x0000027a80036f30 14942       3       java.net.URI::toURL (6 bytes)
Event: 29.453 Thread 0x0000027a80036f30 nmethod 14942 0x0000027ab1542290 code [0x0000027ab1542440, 0x0000027ab1542588]

GC Heap History (20 events):
Event: 22.316 GC heap before
{Heap before GC invocations=34 (full 0):
 garbage-first heap   total 169984K, used 149778K [0x0000000700000000, 0x0000000800000000)
  region size 2048K, 35 young (71680K), 3 survivors (6144K)
 Metaspace       used 82926K, committed 85312K, reserved 983040K
  class space    used 11569K, committed 12736K, reserved 851968K
}
Event: 22.323 GC heap after
{Heap after GC invocations=35 (full 0):
 garbage-first heap   total 172032K, used 99113K [0x0000000700000000, 0x0000000800000000)
  region size 2048K, 5 young (10240K), 5 survivors (10240K)
 Metaspace       used 82926K, committed 85312K, reserved 983040K
  class space    used 11569K, committed 12736K, reserved 851968K
}
Event: 22.862 GC heap before
{Heap before GC invocations=36 (full 0):
 garbage-first heap   total 184320K, used 148265K [0x0000000700000000, 0x0000000800000000)
  region size 2048K, 30 young (61440K), 5 survivors (10240K)
 Metaspace       used 86264K, committed 88640K, reserved 983040K
  class space    used 11979K, committed 13184K, reserved 851968K
}
Event: 22.866 GC heap after
{Heap after GC invocations=37 (full 0):
 garbage-first heap   total 184320K, used 104626K [0x0000000700000000, 0x0000000800000000)
  region size 2048K, 3 young (6144K), 3 survivors (6144K)
 Metaspace       used 86264K, committed 88640K, reserved 983040K
  class space    used 11979K, committed 13184K, reserved 851968K
}
Event: 23.506 GC heap before
{Heap before GC invocations=37 (full 0):
 garbage-first heap   total 184320K, used 159922K [0x0000000700000000, 0x0000000800000000)
  region size 2048K, 30 young (61440K), 3 survivors (6144K)
 Metaspace       used 89977K, committed 92352K, reserved 983040K
  class space    used 12422K, committed 13632K, reserved 851968K
}
Event: 23.511 GC heap after
{Heap after GC invocations=38 (full 0):
 garbage-first heap   total 184320K, used 106321K [0x0000000700000000, 0x0000000800000000)
  region size 2048K, 2 young (4096K), 2 survivors (4096K)
 Metaspace       used 89977K, committed 92352K, reserved 983040K
  class space    used 12422K, committed 13632K, reserved 851968K
}
Event: 23.558 GC heap before
{Heap before GC invocations=38 (full 0):
 garbage-first heap   total 184320K, used 110417K [0x0000000700000000, 0x0000000800000000)
  region size 2048K, 5 young (10240K), 2 survivors (4096K)
 Metaspace       used 90254K, committed 92608K, reserved 983040K
  class space    used 12478K, committed 13632K, reserved 851968K
}
Event: 23.561 GC heap after
{Heap after GC invocations=39 (full 0):
 garbage-first heap   total 184320K, used 106227K [0x0000000700000000, 0x0000000800000000)
  region size 2048K, 2 young (4096K), 2 survivors (4096K)
 Metaspace       used 90254K, committed 92608K, reserved 983040K
  class space    used 12478K, committed 13632K, reserved 851968K
}
Event: 24.229 GC heap before
{Heap before GC invocations=40 (full 0):
 garbage-first heap   total 202752K, used 169715K [0x0000000700000000, 0x0000000800000000)
  region size 2048K, 31 young (63488K), 2 survivors (4096K)
 Metaspace       used 94365K, committed 96768K, reserved 983040K
  class space    used 13048K, committed 14272K, reserved 851968K
}
Event: 24.234 GC heap after
{Heap after GC invocations=41 (full 0):
 garbage-first heap   total 202752K, used 112519K [0x0000000700000000, 0x0000000800000000)
  region size 2048K, 3 young (6144K), 3 survivors (6144K)
 Metaspace       used 94365K, committed 96768K, reserved 983040K
  class space    used 13048K, committed 14272K, reserved 851968K
}
Event: 25.119 GC heap before
{Heap before GC invocations=41 (full 0):
 garbage-first heap   total 202752K, used 182151K [0x0000000700000000, 0x0000000800000000)
  region size 2048K, 37 young (75776K), 3 survivors (6144K)
 Metaspace       used 96923K, committed 99392K, reserved 983040K
  class space    used 13358K, committed 14592K, reserved 851968K
}
Event: 25.128 GC heap after
{Heap after GC invocations=42 (full 0):
 garbage-first heap   total 243712K, used 115789K [0x0000000700000000, 0x0000000800000000)
  region size 2048K, 5 young (10240K), 5 survivors (10240K)
 Metaspace       used 96923K, committed 99392K, reserved 983040K
  class space    used 13358K, committed 14592K, reserved 851968K
}
Event: 26.633 GC heap before
{Heap before GC invocations=42 (full 0):
 garbage-first heap   total 243712K, used 216141K [0x0000000700000000, 0x0000000800000000)
  region size 2048K, 55 young (112640K), 5 survivors (10240K)
 Metaspace       used 103369K, committed 105856K, reserved 983040K
  class space    used 14394K, committed 15616K, reserved 851968K
}
Event: 26.644 GC heap after
{Heap after GC invocations=43 (full 0):
 garbage-first heap   total 243712K, used 120013K [0x0000000700000000, 0x0000000800000000)
  region size 2048K, 6 young (12288K), 6 survivors (12288K)
 Metaspace       used 103369K, committed 105856K, reserved 983040K
  class space    used 14394K, committed 15616K, reserved 851968K
}
Event: 27.896 GC heap before
{Heap before GC invocations=43 (full 0):
 garbage-first heap   total 243712K, used 212173K [0x0000000700000000, 0x0000000800000000)
  region size 2048K, 52 young (106496K), 6 survivors (12288K)
 Metaspace       used 107384K, committed 110016K, reserved 983040K
  class space    used 14894K, committed 16192K, reserved 851968K
}
Event: 27.912 GC heap after
{Heap after GC invocations=44 (full 0):
 garbage-first heap   total 243712K, used 126604K [0x0000000700000000, 0x0000000800000000)
  region size 2048K, 6 young (12288K), 6 survivors (12288K)
 Metaspace       used 107384K, committed 110016K, reserved 983040K
  class space    used 14894K, committed 16192K, reserved 851968K
}
Event: 28.504 GC heap before
{Heap before GC invocations=44 (full 0):
 garbage-first heap   total 243712K, used 212620K [0x0000000700000000, 0x0000000800000000)
  region size 2048K, 49 young (100352K), 6 survivors (12288K)
 Metaspace       used 109807K, committed 112512K, reserved 983040K
  class space    used 15218K, committed 16576K, reserved 851968K
}
Event: 28.514 GC heap after
{Heap after GC invocations=45 (full 0):
 garbage-first heap   total 243712K, used 132671K [0x0000000700000000, 0x0000000800000000)
  region size 2048K, 7 young (14336K), 7 survivors (14336K)
 Metaspace       used 109807K, committed 112512K, reserved 983040K
  class space    used 15218K, committed 16576K, reserved 851968K
}
Event: 29.170 GC heap before
{Heap before GC invocations=46 (full 0):
 garbage-first heap   total 243712K, used 210495K [0x0000000700000000, 0x0000000800000000)
  region size 2048K, 46 young (94208K), 7 survivors (14336K)
 Metaspace       used 110388K, committed 113088K, reserved 983040K
  class space    used 15293K, committed 16640K, reserved 851968K
}
Event: 29.184 GC heap after
{Heap after GC invocations=47 (full 0):
 garbage-first heap   total 243712K, used 140143K [0x0000000700000000, 0x0000000800000000)
  region size 2048K, 5 young (10240K), 5 survivors (10240K)
 Metaspace       used 110388K, committed 113088K, reserved 983040K
  class space    used 15293K, committed 16640K, reserved 851968K
}

Dll operation events (15 events):
Event: 0.023 Loaded shared library C:\Program Files\Java\jdk-21\bin\java.dll
Event: 0.052 Loaded shared library C:\Program Files\Java\jdk-21\bin\jsvml.dll
Event: 0.088 Loaded shared library C:\Program Files\Java\jdk-21\bin\zip.dll
Event: 0.091 Loaded shared library C:\Program Files\Java\jdk-21\bin\instrument.dll
Event: 0.095 Loaded shared library C:\Program Files\Java\jdk-21\bin\net.dll
Event: 0.098 Loaded shared library C:\Program Files\Java\jdk-21\bin\nio.dll
Event: 0.100 Loaded shared library C:\Program Files\Java\jdk-21\bin\zip.dll
Event: 0.266 Loaded shared library C:\Program Files\Java\jdk-21\bin\jimage.dll
Event: 0.447 Loaded shared library C:\Program Files\Java\jdk-21\bin\verify.dll
Event: 0.609 Loaded shared library D:\Android studio data\.gradle\native\1def1411415f61bf3af743bc5b6707747c0891f09f0c88961ee8f79bc544acac\windows-amd64\native-platform.dll
Event: 0.640 Loaded shared library D:\Android studio data\.gradle\native\0.2.7\x86_64-windows-gnu\gradle-fileevents.dll
Event: 1.952 Loaded shared library C:\Program Files\Java\jdk-21\bin\management.dll
Event: 1.957 Loaded shared library C:\Program Files\Java\jdk-21\bin\management_ext.dll
Event: 2.128 Loaded shared library C:\Program Files\Java\jdk-21\bin\extnet.dll
Event: 2.380 Loaded shared library C:\Program Files\Java\jdk-21\bin\sunmscapi.dll

Deoptimization events (20 events):
Event: 29.022 Thread 0x0000027a82a85de0 Uncommon trap: trap_request=0xffffffbe fr.pc=0x0000027ab7ada8ac relative=0x0000000000001d0c
Event: 29.022 Thread 0x0000027a82a85de0 Uncommon trap: reason=profile_predicate action=maybe_recompile pc=0x0000027ab7ada8ac method=com.google.common.collect.MapMakerInternalMap$Segment.expand()V @ 56 c2
Event: 29.022 Thread 0x0000027a82a85de0 DEOPT PACKING pc=0x0000027ab7ada8ac sp=0x000000c2caffc9e0
Event: 29.022 Thread 0x0000027a82a85de0 DEOPT UNPACKING pc=0x0000027ab72f7da2 sp=0x000000c2caffc998 mode 2
Event: 29.087 Thread 0x0000027a81069790 Uncommon trap: trap_request=0xffffff76 fr.pc=0x0000027ab8095c4c relative=0x000000000000148c
Event: 29.087 Thread 0x0000027a81069790 Uncommon trap: reason=predicate action=maybe_recompile pc=0x0000027ab8095c4c method=java.util.ComparableTimSort.binarySort([Ljava/lang/Object;III)V @ 34 c2
Event: 29.087 Thread 0x0000027a81069790 DEOPT PACKING pc=0x0000027ab8095c4c sp=0x000000c2c47f7b40
Event: 29.087 Thread 0x0000027a81069790 DEOPT UNPACKING pc=0x0000027ab72f7da2 sp=0x000000c2c47f7b28 mode 2
Event: 29.203 Thread 0x0000027a80673720 Uncommon trap: trap_request=0xffffff45 fr.pc=0x0000027ab7e86070 relative=0x0000000000000e50
Event: 29.203 Thread 0x0000027a80673720 Uncommon trap: reason=unstable_if action=reinterpret pc=0x0000027ab7e86070 method=java.util.concurrent.ConcurrentHashMap.putVal(Ljava/lang/Object;Ljava/lang/Object;Z)Ljava/lang/Object; @ 112 c2
Event: 29.203 Thread 0x0000027a80673720 DEOPT PACKING pc=0x0000027ab7e86070 sp=0x000000c2cb6fe3d0
Event: 29.203 Thread 0x0000027a80673720 DEOPT UNPACKING pc=0x0000027ab72f7da2 sp=0x000000c2cb6fe360 mode 2
Event: 29.225 Thread 0x0000027a81069790 Uncommon trap: trap_request=0xffffff45 fr.pc=0x0000027ab7d76bc0 relative=0x00000000000000a0
Event: 29.225 Thread 0x0000027a81069790 Uncommon trap: reason=unstable_if action=reinterpret pc=0x0000027ab7d76bc0 method=java.util.concurrent.locks.LockSupport.unpark(Ljava/lang/Thread;)V @ 1 c2
Event: 29.225 Thread 0x0000027a81069790 DEOPT PACKING pc=0x0000027ab7d76bc0 sp=0x000000c2c47f6500
Event: 29.225 Thread 0x0000027a81069790 DEOPT UNPACKING pc=0x0000027ab72f7da2 sp=0x000000c2c47f6498 mode 2
Event: 29.265 Thread 0x0000027a80674ad0 Uncommon trap: trap_request=0xffffff45 fr.pc=0x0000027ab7e1a6bc relative=0x000000000000121c
Event: 29.265 Thread 0x0000027a80674ad0 Uncommon trap: reason=unstable_if action=reinterpret pc=0x0000027ab7e1a6bc method=java.util.concurrent.locks.ReentrantLock$FairSync.tryAcquire(I)Z @ 20 c2
Event: 29.265 Thread 0x0000027a80674ad0 DEOPT PACKING pc=0x0000027ab7e1a6bc sp=0x000000c2cbbfd0c0
Event: 29.265 Thread 0x0000027a80674ad0 DEOPT UNPACKING pc=0x0000027ab72f7da2 sp=0x000000c2cbbfcff0 mode 2

Classes loaded (20 events):
Event: 28.785 Loading class java/util/HashtableBeanInfo
Event: 28.785 Loading class java/util/HashtableBeanInfo done
Event: 28.785 Loading class java/util/HashtableBeanInfo
Event: 28.785 Loading class java/util/HashtableBeanInfo done
Event: 28.785 Loading class java/util/DictionaryBeanInfo
Event: 28.785 Loading class java/util/DictionaryBeanInfo done
Event: 28.785 Loading class java/util/DictionaryBeanInfo
Event: 28.785 Loading class java/util/DictionaryBeanInfo done
Event: 28.785 Loading class java/util/DictionaryCustomizer
Event: 28.785 Loading class java/util/DictionaryCustomizer done
Event: 28.786 Loading class java/util/DictionaryCustomizer
Event: 28.786 Loading class java/util/DictionaryCustomizer done
Event: 28.786 Loading class java/util/HashtableCustomizer
Event: 28.786 Loading class java/util/HashtableCustomizer done
Event: 28.786 Loading class java/util/HashtableCustomizer
Event: 28.786 Loading class java/util/HashtableCustomizer done
Event: 28.787 Loading class java/util/PropertiesCustomizer
Event: 28.787 Loading class java/util/PropertiesCustomizer done
Event: 28.787 Loading class java/util/PropertiesCustomizer
Event: 28.787 Loading class java/util/PropertiesCustomizer done

Classes unloaded (0 events):
No events

Classes redefined (0 events):
No events

Internal exceptions (20 events):
Event: 28.766 Thread 0x0000027a81069790 Exception <a 'java/lang/ClassNotFoundException'{0x000000070ddd3c68}: org/gradle/api/internal/artifacts/repositories/AbstractArtifactRepositoryBeanInfo> (0x000000070ddd3c68) 
thrown [s\open\src\hotspot\share\classfile\systemDictionary.cpp, line 312]
Event: 28.768 Thread 0x0000027a81069790 Exception <a 'java/lang/ClassNotFoundException'{0x000000070ddee2b8}: org/gradle/api/internal/artifacts/repositories/AbstractArtifactRepositoryCustomizer> (0x000000070ddee2b8) 
thrown [s\open\src\hotspot\share\classfile\systemDictionary.cpp, line 312]
Event: 28.770 Thread 0x0000027a81069790 Exception <a 'java/lang/ClassNotFoundException'{0x000000070da29490}: org/gradle/api/internal/artifacts/repositories/AbstractResolutionAwareArtifactRepositoryCustomizer> (0x000000070da29490) 
thrown [s\open\src\hotspot\share\classfile\systemDictionary.cpp, line 312]
Event: 28.771 Thread 0x0000027a81069790 Exception <a 'java/lang/ClassNotFoundException'{0x000000070da4ea70}: org/gradle/api/internal/artifacts/repositories/AbstractAuthenticationSupportedRepositoryCustomizer> (0x000000070da4ea70) 
thrown [s\open\src\hotspot\share\classfile\systemDictionary.cpp, line 312]
Event: 28.772 Thread 0x0000027a81069790 Exception <a 'java/lang/ClassNotFoundException'{0x000000070da7d8f8}: org/gradle/api/internal/artifacts/repositories/DefaultMavenArtifactRepositoryCustomizer> (0x000000070da7d8f8) 
thrown [s\open\src\hotspot\share\classfile\systemDictionary.cpp, line 312]
Event: 28.773 Thread 0x0000027a81069790 Exception <a 'java/lang/ClassNotFoundException'{0x000000070dab10a0}: org/gradle/api/internal/artifacts/repositories/DefaultMavenArtifactRepository_DecoratedCustomizer> (0x000000070dab10a0) 
thrown [s\open\src\hotspot\share\classfile\systemDictionary.cpp, line 312]
Event: 28.785 Thread 0x0000027a81069790 Exception <a 'java/lang/ClassNotFoundException'{0x000000070dbc3b10}: java/util/PropertiesBeanInfo> (0x000000070dbc3b10) 
thrown [s\open\src\hotspot\share\classfile\systemDictionary.cpp, line 312]
Event: 28.785 Thread 0x0000027a81069790 Exception <a 'java/lang/ClassNotFoundException'{0x000000070dbccb28}: java/util/HashtableBeanInfo> (0x000000070dbccb28) 
thrown [s\open\src\hotspot\share\classfile\systemDictionary.cpp, line 312]
Event: 28.785 Thread 0x0000027a81069790 Exception <a 'java/lang/ClassNotFoundException'{0x000000070dbd6600}: java/util/DictionaryBeanInfo> (0x000000070dbd6600) 
thrown [s\open\src\hotspot\share\classfile\systemDictionary.cpp, line 312]
Event: 28.786 Thread 0x0000027a81069790 Exception <a 'java/lang/ClassNotFoundException'{0x000000070dbdfb68}: java/util/DictionaryCustomizer> (0x000000070dbdfb68) 
thrown [s\open\src\hotspot\share\classfile\systemDictionary.cpp, line 312]
Event: 28.786 Thread 0x0000027a81069790 Exception <a 'java/lang/ClassNotFoundException'{0x000000070dbee588}: java/util/HashtableCustomizer> (0x000000070dbee588) 
thrown [s\open\src\hotspot\share\classfile\systemDictionary.cpp, line 312]
Event: 28.787 Thread 0x0000027a81069790 Exception <a 'java/lang/ClassNotFoundException'{0x000000070d83b398}: java/util/PropertiesCustomizer> (0x000000070d83b398) 
thrown [s\open\src\hotspot\share\classfile\systemDictionary.cpp, line 312]
Event: 28.811 Thread 0x0000027a81069790 Exception <a 'java/lang/ClassNotFoundException'{0x000000070d8d5540}: groovy/runtime/metaclass/[Ljava/lang/String;MetaClass> (0x000000070d8d5540) 
thrown [s\open\src\hotspot\share\prims\jni.cpp, line 539]
Event: 28.812 Thread 0x0000027a81069790 Exception <a 'java/lang/ClassNotFoundException'{0x000000070d8ddab0}: [Ljava/lang/String;BeanInfo> (0x000000070d8ddab0) 
thrown [s\open\src\hotspot\share\prims\jni.cpp, line 539]
Event: 28.812 Thread 0x0000027a81069790 Exception <a 'java/lang/ClassNotFoundException'{0x000000070d8df0a0}: [Ljava/lang/String;BeanInfo> (0x000000070d8df0a0) 
thrown [s\open\src\hotspot\share\prims\jni.cpp, line 539]
Event: 28.812 Thread 0x0000027a81069790 Exception <a 'java/lang/ClassNotFoundException'{0x000000070d8e0750}: [Ljava/lang/String;Customizer> (0x000000070d8e0750) 
thrown [s\open\src\hotspot\share\prims\jni.cpp, line 539]
Event: 28.813 Thread 0x0000027a81069790 Exception <a 'java/lang/ClassNotFoundException'{0x000000070d8e1d40}: [Ljava/lang/String;Customizer> (0x000000070d8e1d40) 
thrown [s\open\src\hotspot\share\prims\jni.cpp, line 539]
Event: 28.893 Thread 0x0000027a81069790 Exception <a 'java/lang/ClassNotFoundException'{0x000000070d337928}: build_918lo0m5svggo5hzoqxhkjcn2BeanInfo> (0x000000070d337928) 
thrown [s\open\src\hotspot\share\classfile\systemDictionary.cpp, line 312]
Event: 28.893 Thread 0x0000027a81069790 Exception <a 'java/lang/ClassNotFoundException'{0x000000070d33e648}: build_918lo0m5svggo5hzoqxhkjcn2Customizer> (0x000000070d33e648) 
thrown [s\open\src\hotspot\share\classfile\systemDictionary.cpp, line 312]
Event: 29.225 Thread 0x0000027a81069790 Implicit null exception at 0x0000027ab7d76b3d to 0x0000027ab7d76bb1

ZGC Phase Switch (0 events):
No events

VM Operations (20 events):
Event: 27.896 Executing VM operation: G1CollectForAllocation (G1 Evacuation Pause)
Event: 27.914 Executing VM operation: G1CollectForAllocation (G1 Evacuation Pause) done
Event: 28.316 Executing VM operation: HandshakeAllThreads (Deoptimize)
Event: 28.316 Executing VM operation: HandshakeAllThreads (Deoptimize) done
Event: 28.504 Executing VM operation: G1CollectForAllocation (G1 Evacuation Pause)
Event: 28.517 Executing VM operation: G1CollectForAllocation (G1 Evacuation Pause) done
Event: 28.636 Executing VM operation: G1PauseRemark
Event: 28.645 Executing VM operation: G1PauseRemark done
Event: 28.696 Executing VM operation: G1PauseCleanup
Event: 28.697 Executing VM operation: G1PauseCleanup done
Event: 28.796 Executing VM operation: HandshakeAllThreads (Deoptimize)
Event: 28.797 Executing VM operation: HandshakeAllThreads (Deoptimize) done
Event: 28.801 Executing VM operation: HandshakeAllThreads (Deoptimize)
Event: 28.802 Executing VM operation: HandshakeAllThreads (Deoptimize) done
Event: 29.001 Executing VM operation: ICBufferFull
Event: 29.003 Executing VM operation: ICBufferFull done
Event: 29.003 Executing VM operation: ICBufferFull
Event: 29.004 Executing VM operation: ICBufferFull done
Event: 29.170 Executing VM operation: G1CollectForAllocation (G1 Evacuation Pause)
Event: 29.185 Executing VM operation: G1CollectForAllocation (G1 Evacuation Pause) done

Events (20 events):
Event: 28.643 Thread 0x0000027ac64882f0 flushing nmethod 0x0000027ab03ceb90
Event: 28.643 Thread 0x0000027ac64882f0 flushing nmethod 0x0000027ab04f9210
Event: 28.643 Thread 0x0000027ac64882f0 flushing nmethod 0x0000027ab0543890
Event: 28.643 Thread 0x0000027ac64882f0 flushing nmethod 0x0000027ab06d0990
Event: 28.643 Thread 0x0000027ac64882f0 flushing nmethod 0x0000027ab06d2a90
Event: 28.643 Thread 0x0000027ac64882f0 flushing nmethod 0x0000027ab0700690
Event: 28.643 Thread 0x0000027ac64882f0 flushing nmethod 0x0000027ab7bc0b90
Event: 28.643 Thread 0x0000027ac64882f0 flushing nmethod 0x0000027ab7d4b090
Event: 28.643 Thread 0x0000027ac64882f0 flushing nmethod 0x0000027ab7d58a90
Event: 28.643 Thread 0x0000027ac64882f0 flushing nmethod 0x0000027aafd94c90
Event: 28.643 Thread 0x0000027ac64882f0 flushing nmethod 0x0000027aafd97d90
Event: 28.643 Thread 0x0000027ac64882f0 flushing nmethod 0x0000027aaff60310
Event: 28.643 Thread 0x0000027ac64882f0 flushing nmethod 0x0000027aaff9c090
Event: 28.643 Thread 0x0000027ac64882f0 flushing nmethod 0x0000027aaffd7a90
Event: 28.643 Thread 0x0000027ac64882f0 flushing nmethod 0x0000027ab0045190
Event: 28.643 Thread 0x0000027ac64882f0 flushing nmethod 0x0000027ab0117810
Event: 28.643 Thread 0x0000027ac64882f0 flushing nmethod 0x0000027ab06d3410
Event: 28.643 Thread 0x0000027ac64882f0 flushing nmethod 0x0000027ab07abe90
Event: 28.643 Thread 0x0000027ac64882f0 flushing nmethod 0x0000027ab0847a90
Event: 28.643 Thread 0x0000027ac64882f0 flushing nmethod 0x0000027ab0cfe110


Dynamic libraries:
0x00007ff6e1020000 - 0x00007ff6e1030000 	C:\Program Files\Java\jdk-21\bin\java.exe
0x00007ffa9b5e0000 - 0x00007ffa9b847000 	C:\WINDOWS\SYSTEM32\ntdll.dll
0x00007ffa66e50000 - 0x00007ffa66e70000 	C:\Program Files\Norton\Suite\aswhook.dll
0x00007ffa9ae40000 - 0x00007ffa9af09000 	C:\WINDOWS\System32\KERNEL32.DLL
0x00007ffa980a0000 - 0x00007ffa98491000 	C:\WINDOWS\System32\KERNELBASE.dll
0x00007ffa97ec0000 - 0x00007ffa9800b000 	C:\WINDOWS\System32\ucrtbase.dll
0x00007ffa78da0000 - 0x00007ffa78db9000 	C:\Program Files\Java\jdk-21\bin\jli.dll
0x00007ffa6a9a0000 - 0x00007ffa6a9bb000 	C:\Program Files\Java\jdk-21\bin\VCRUNTIME140.dll
0x00007ffa99f10000 - 0x00007ffa99fcb000 	C:\WINDOWS\System32\ADVAPI32.dll
0x00007ffa99c10000 - 0x00007ffa99cb9000 	C:\WINDOWS\System32\msvcrt.dll
0x00007ffa99380000 - 0x00007ffa99427000 	C:\WINDOWS\System32\sechost.dll
0x00007ffa9af10000 - 0x00007ffa9b028000 	C:\WINDOWS\System32\RPCRT4.dll
0x00007ffa9a030000 - 0x00007ffa9a1f5000 	C:\WINDOWS\System32\USER32.dll
0x00007ffa6dc50000 - 0x00007ffa6dee3000 	C:\WINDOWS\WinSxS\amd64_microsoft.windows.common-controls_6595b64144ccf1df_6.0.26100.8037_none_3e092faae333b53b\COMCTL32.dll
0x00007ffa98900000 - 0x00007ffa98927000 	C:\WINDOWS\System32\win32u.dll
0x00007ffa99670000 - 0x00007ffa9969b000 	C:\WINDOWS\System32\GDI32.dll
0x00007ffa99250000 - 0x00007ffa9937b000 	C:\WINDOWS\System32\gdi32full.dll
0x00007ffa984a0000 - 0x00007ffa98543000 	C:\WINDOWS\System32\msvcp_win.dll
0x00007ffa88080000 - 0x00007ffa8808b000 	C:\WINDOWS\SYSTEM32\VERSION.dll
0x00007ffa9a590000 - 0x00007ffa9a5c1000 	C:\WINDOWS\System32\IMM32.DLL
0x00007ffa790b0000 - 0x00007ffa790bc000 	C:\Program Files\Java\jdk-21\bin\vcruntime140_1.dll
0x00007ffa62f00000 - 0x00007ffa62f8e000 	C:\Program Files\Java\jdk-21\bin\msvcp140.dll
0x00007ff9c2870000 - 0x00007ff9c358d000 	C:\Program Files\Java\jdk-21\bin\server\jvm.dll
0x00007ffa99e90000 - 0x00007ffa99f04000 	C:\WINDOWS\System32\WS2_32.dll
0x00007ffa97d20000 - 0x00007ffa97d7e000 	C:\WINDOWS\SYSTEM32\POWRPROF.dll
0x00007ffa68970000 - 0x00007ffa689a5000 	C:\WINDOWS\SYSTEM32\WINMM.dll
0x00007ffa97d00000 - 0x00007ffa97d14000 	C:\WINDOWS\SYSTEM32\UMPDC.dll
0x00007ffa96c50000 - 0x00007ffa96c6b000 	C:\WINDOWS\SYSTEM32\kernel.appcore.dll
0x00007ffa79070000 - 0x00007ffa7907a000 	C:\Program Files\Java\jdk-21\bin\jimage.dll
0x00007ffa95d00000 - 0x00007ffa95f42000 	C:\WINDOWS\SYSTEM32\DBGHELP.DLL
0x00007ffa996a0000 - 0x00007ffa99a22000 	C:\WINDOWS\System32\combase.dll
0x00007ffa99d40000 - 0x00007ffa99e17000 	C:\WINDOWS\System32\OLEAUT32.dll
0x00007ffa87da0000 - 0x00007ffa87ddb000 	C:\WINDOWS\SYSTEM32\dbgcore.DLL
0x00007ffa98930000 - 0x00007ffa989d5000 	C:\WINDOWS\System32\bcryptPrimitives.dll
0x00007ffa6a630000 - 0x00007ffa6a63f000 	C:\Program Files\Java\jdk-21\bin\instrument.dll
0x00007ffa6a8c0000 - 0x00007ffa6a8df000 	C:\Program Files\Java\jdk-21\bin\java.dll
0x00007ffa9a5d0000 - 0x00007ffa9ad2f000 	C:\WINDOWS\System32\SHELL32.dll
0x00007ffa986d0000 - 0x00007ffa9883a000 	C:\WINDOWS\System32\wintypes.dll
0x00007ffa989e0000 - 0x00007ffa99244000 	C:\WINDOWS\System32\windows.storage.dll
0x00007ffa9ad40000 - 0x00007ffa9ae37000 	C:\WINDOWS\System32\SHCORE.dll
0x00007ffa99e20000 - 0x00007ffa99e87000 	C:\WINDOWS\System32\shlwapi.dll
0x00007ffa97de0000 - 0x00007ffa97e09000 	C:\WINDOWS\SYSTEM32\profapi.dll
0x00007ffa4ac40000 - 0x00007ffa4ad17000 	C:\Program Files\Java\jdk-21\bin\jsvml.dll
0x00007ffa63ca0000 - 0x00007ffa63cb8000 	C:\Program Files\Java\jdk-21\bin\zip.dll
0x00007ffa79000000 - 0x00007ffa79010000 	C:\Program Files\Java\jdk-21\bin\net.dll
0x00007ffa90c10000 - 0x00007ffa90d37000 	C:\WINDOWS\SYSTEM32\WINHTTP.dll
0x00007ffa971c0000 - 0x00007ffa9722b000 	C:\WINDOWS\system32\mswsock.dll
0x00007ffa65f30000 - 0x00007ffa65f46000 	C:\Program Files\Java\jdk-21\bin\nio.dll
0x00007ffa7a960000 - 0x00007ffa7a970000 	C:\Program Files\Java\jdk-21\bin\verify.dll
0x00007ffa63a10000 - 0x00007ffa63a37000 	D:\Android studio data\.gradle\native\1def1411415f61bf3af743bc5b6707747c0891f09f0c88961ee8f79bc544acac\windows-amd64\native-platform.dll
0x00007ffa4e1e0000 - 0x00007ffa4e258000 	D:\Android studio data\.gradle\native\0.2.7\x86_64-windows-gnu\gradle-fileevents.dll
0x00007ffa78bc0000 - 0x00007ffa78bca000 	C:\Program Files\Java\jdk-21\bin\management.dll
0x00007ffa78bb0000 - 0x00007ffa78bbb000 	C:\Program Files\Java\jdk-21\bin\management_ext.dll
0x00007ffa995d0000 - 0x00007ffa995d8000 	C:\WINDOWS\System32\PSAPI.DLL
0x00007ffa965e0000 - 0x00007ffa96613000 	C:\WINDOWS\SYSTEM32\IPHLPAPI.DLL
0x00007ffa9a580000 - 0x00007ffa9a58a000 	C:\WINDOWS\System32\NSI.dll
0x00007ffa78bd0000 - 0x00007ffa78bd9000 	C:\Program Files\Java\jdk-21\bin\extnet.dll
0x00007ffa974b0000 - 0x00007ffa974cb000 	C:\WINDOWS\SYSTEM32\CRYPTSP.dll
0x00007ffa96bb0000 - 0x00007ffa96be9000 	C:\WINDOWS\system32\rsaenh.dll
0x00007ffa97270000 - 0x00007ffa972a2000 	C:\WINDOWS\SYSTEM32\USERENV.dll
0x00007ffa97db0000 - 0x00007ffa97dda000 	C:\WINDOWS\SYSTEM32\bcrypt.dll
0x00007ffa974a0000 - 0x00007ffa974ac000 	C:\WINDOWS\SYSTEM32\CRYPTBASE.dll
0x00007ffa78d70000 - 0x00007ffa78d7e000 	C:\Program Files\Java\jdk-21\bin\sunmscapi.dll
0x00007ffa98550000 - 0x00007ffa986c7000 	C:\WINDOWS\System32\CRYPT32.dll
0x00007ffa976c0000 - 0x00007ffa976f0000 	C:\WINDOWS\SYSTEM32\ncrypt.dll
0x00007ffa97670000 - 0x00007ffa976af000 	C:\WINDOWS\SYSTEM32\NTASN1.dll
0x00007ffa034a0000 - 0x00007ffa034a8000 	C:\WINDOWS\system32\wshunix.dll

dbghelp: loaded successfully - version: 4.0.5 - missing functions: none
symbol engine: initialized successfully - sym options: 0x614 - pdb path: .;C:\Program Files\Java\jdk-21\bin;C:\WINDOWS\SYSTEM32;C:\Program Files\Norton\Suite;C:\WINDOWS\WinSxS\amd64_microsoft.windows.common-controls_6595b64144ccf1df_6.0.26100.8037_none_3e092faae333b53b;C:\Program Files\Java\jdk-21\bin\server;D:\Android studio data\.gradle\native\1def1411415f61bf3af743bc5b6707747c0891f09f0c88961ee8f79bc544acac\windows-amd64;D:\Android studio data\.gradle\native\0.2.7\x86_64-windows-gnu

VM Arguments:
jvm_args: --add-opens=java.base/java.lang=ALL-UNNAMED --add-opens=java.base/java.lang.invoke=ALL-UNNAMED --add-opens=java.base/java.util=ALL-UNNAMED --add-opens=java.prefs/java.util.prefs=ALL-UNNAMED --add-exports=jdk.compiler/com.sun.tools.javac.api=ALL-UNNAMED --add-exports=jdk.compiler/com.sun.tools.javac.util=ALL-UNNAMED --add-opens=java.base/java.util=ALL-UNNAMED --add-opens=java.prefs/java.util.prefs=ALL-UNNAMED --add-opens=java.base/java.nio.charset=ALL-UNNAMED --add-opens=java.base/java.net=ALL-UNNAMED --add-opens=java.base/java.util.concurrent.atomic=ALL-UNNAMED --add-opens=java.xml/javax.xml.namespace=ALL-UNNAMED -XX:MaxMetaspaceSize=1024m -Xmx4096m -Dfile.encoding=UTF-8 -Duser.country=US -Duser.language=en -Duser.variant -javaagent:D:\Android studio data\.gradle\wrapper\dists\gradle-8.13-bin\5xuhj0ry160q40clulazy9h7d\gradle-8.13\lib\agents\gradle-instrumentation-agent-8.13.jar 
java_command: org.gradle.launcher.daemon.bootstrap.GradleDaemon 8.13
java_class_path (initial): D:\Android studio data\.gradle\wrapper\dists\gradle-8.13-bin\5xuhj0ry160q40clulazy9h7d\gradle-8.13\lib\gradle-daemon-main-8.13.jar
Launcher Type: SUN_STANDARD

[Global flags]
     intx CICompilerCount                          = 4                                         {product} {ergonomic}
   size_t CompressedClassSpaceSize                 = 872415232                                 {product} {ergonomic}
     uint ConcGCThreads                            = 2                                         {product} {ergonomic}
     uint G1ConcRefinementThreads                  = 8                                         {product} {ergonomic}
   size_t G1HeapRegionSize                         = 2097152                                   {product} {ergonomic}
    uintx GCDrainStackTargetSize                   = 64                                        {product} {ergonomic}
   size_t InitialHeapSize                          = 266338304                                 {product} {ergonomic}
   size_t MarkStackSize                            = 4194304                                   {product} {ergonomic}
   size_t MaxHeapSize                              = 4294967296                                {product} {command line}
   size_t MaxMetaspaceSize                         = 1073741824                                {product} {command line}
   size_t MaxNewSize                               = 2575302656                                {product} {ergonomic}
   size_t MinHeapDeltaBytes                        = 2097152                                   {product} {ergonomic}
   size_t MinHeapSize                              = 8388608                                   {product} {ergonomic}
    uintx NonNMethodCodeHeapSize                   = 5839372                                {pd product} {ergonomic}
    uintx NonProfiledCodeHeapSize                  = 122909434                              {pd product} {ergonomic}
    uintx ProfiledCodeHeapSize                     = 122909434                              {pd product} {ergonomic}
    uintx ReservedCodeCacheSize                    = 251658240                              {pd product} {ergonomic}
     bool SegmentedCodeCache                       = true                                      {product} {ergonomic}
   size_t SoftMaxHeapSize                          = 4294967296                             {manageable} {ergonomic}
     bool UseCompressedOops                        = true                           {product lp64_product} {ergonomic}
     bool UseG1GC                                  = true                                      {product} {ergonomic}
     bool UseLargePagesIndividualAllocation        = false                                  {pd product} {ergonomic}

Logging:
Log output configuration:
 #0: stdout all=warning uptime,level,tags foldmultilines=false
 #1: stderr all=off uptime,level,tags foldmultilines=false

Environment Variables:
PATH=C:\Users\ahmed\AppData\Local\Microsoft\WindowsApps;C:\Program Files\Common Files\Oracle\Java\javapath;C:\Program Files (x86)\VMware\VMware Workstation\bin\;C:\Windows\System32\HWAudioDriverLibs;C:\Windows\system32;C:\Windows;C:\Windows\System32\Wbem;C:\Windows\System32\WindowsPowerShell\v1.0\;C:\Windows\System32\OpenSSH\;C:\Users\Administrator\AppData\Local\Microsoft\WindowsApps;C:\WINDOWS\system32;C:\WINDOWS;C:\WINDOWS\System32\Wbem;C:\WINDOWS\System32\WindowsPowerShell\v1.0\;C:\WINDOWS\System32\OpenSSH\;C:\Program Files\Microsoft SQL Server\150\Tools\Binn\;C:\Program Files\nodejs\;C:\Program Files\Git\cmd;C:\Program Files\Docker\Docker\resources\bin;C:\Program Files\Microsoft SQL Server\Client SDK\ODBC\170\Tools\Binn\;C:\Program Files\dotnet\;C:\Users\ahmed\AppData\Local\Android\Sdk\platform-tools;C:\msys64\mingw64\bin;C:\MinGW\bin;C:\Users\ahmed\AppData\Local\Microsoft\WindowsApps;C:\Users\ahmed\AppData\Local\Programs\Python\Python311\Scripts\;C:\Users\ahmed\AppData\Local\Programs\Python\Python311\;C:\Users\ahmed\AppData\Local\Microsoft\WindowsApps;C:\Users\ahmed\AppData\Local\Programs\Microsoft VS Code\bin;C:\Users\ahmed\AppData\Roaming\npm;C:\Users\ahmed\.dotnet\tools;C:\Users\ahmed\AppData\Local\Programs\Antigravity\bin;
USERNAME=ahmed
OS=Windows_NT
PROCESSOR_IDENTIFIER=Intel64 Family 6 Model 140 Stepping 2, GenuineIntel
TMP=C:\Users\ahmed\AppData\Local\Temp
TEMP=C:\Users\ahmed\AppData\Local\Temp




Periodic native trim disabled

---------------  S Y S T E M  ---------------

OS:
 Windows 11 , 64 bit Build 26100 (10.0.26100.7920)
OS uptime: 6 days 6:12 hours
Hyper-V role detected

CPU: total 8 (initial active 8) (4 cores per cpu, 2 threads per core) family 6 model 140 stepping 2 microcode 0x16, cx8, cmov, fxsr, ht, mmx, 3dnowpref, sse, sse2, sse3, ssse3, sse4.1, sse4.2, popcnt, lzcnt, tsc, tscinvbit, avx, avx2, aes, erms, clmul, bmi1, bmi2, adx, avx512f, avx512dq, avx512cd, avx512bw, avx512vl, sha, fma, vzeroupper, avx512_vpopcntdq, avx512_vpclmulqdq, avx512_vaes, avx512_vnni, clflush, clflushopt, clwb, avx512_vbmi2, avx512_vbmi, hv, rdtscp, rdpid, fsrm, gfni, avx512_bitalg, f16c, cet_ibt, cet_ss, avx512_ifma
Processor Information for all 8 processors :
  Max Mhz: 2918, Current Mhz: 2918, Mhz Limit: 2918

Memory: 4k page, system-wide physical 16167M (1011M free)
TotalPageFile size 37630M (AvailPageFile size 8M)
current process WorkingSet (physical memory assigned to process): 553M, peak: 553M
current process commit charge ("private bytes"): 594M, peak: 595M

vm_info: Java HotSpot(TM) 64-Bit Server VM (21.0.8+12-LTS-250) for windows-amd64 JRE (21.0.8+12-LTS-250), built on 2025-06-27T08:11:22Z by "mach5one" with MS VC++ 17.6 (VS2022)

END.
