#
# There is insufficient memory for the Java Runtime Environment to continue.
# Native memory allocation (mmap) failed to map 56623104 bytes for G1 virtual space
# Possible reasons:
#   The system is out of physical RAM or swap space
#   The process is running with CompressedOops enabled, and the Java Heap may be blocking the growth of the native heap
# Possible solutions:
#   Reduce memory load on the system
#   Increase physical memory or swap space
#   Check if swap backing store is full
#   Decrease Java heap size (-Xmx/-Xms)
#   Decrease number of Java threads
#   Decrease Java thread stack sizes (-Xss)
#   Set larger code cache with -XX:ReservedCodeCacheSize=
#   JVM is running with Zero Based Compressed Oops mode in which the Java heap is
#     placed in the first 32GB address space. The Java Heap base address is the
#     maximum limit for the native heap growth. Please use -XX:HeapBaseMinAddress
#     to set the Java Heap base and to place the Java Heap above 32GB virtual address.
# This output file may be truncated or incomplete.
#
#  Out of Memory Error (os_windows.cpp:3603), pid=32344, tid=25516
#
# JRE version: Java(TM) SE Runtime Environment (21.0.8+12) (build 21.0.8+12-LTS-250)
# Java VM: Java HotSpot(TM) 64-Bit Server VM (21.0.8+12-LTS-250, mixed mode, sharing, tiered, compressed oops, compressed class ptrs, g1 gc, windows-amd64)
# No core dump will be written. Minidumps are not enabled by default on client versions of Windows
#

---------------  S U M M A R Y ------------

Command Line: --add-opens=java.base/java.lang=ALL-UNNAMED --add-opens=java.base/java.lang.invoke=ALL-UNNAMED --add-opens=java.base/java.util=ALL-UNNAMED --add-opens=java.prefs/java.util.prefs=ALL-UNNAMED --add-exports=jdk.compiler/com.sun.tools.javac.api=ALL-UNNAMED --add-exports=jdk.compiler/com.sun.tools.javac.util=ALL-UNNAMED --add-opens=java.base/java.util=ALL-UNNAMED --add-opens=java.prefs/java.util.prefs=ALL-UNNAMED --add-opens=java.base/java.nio.charset=ALL-UNNAMED --add-opens=java.base/java.net=ALL-UNNAMED --add-opens=java.base/java.util.concurrent.atomic=ALL-UNNAMED --add-opens=java.xml/javax.xml.namespace=ALL-UNNAMED -XX:MaxMetaspaceSize=1024m -Xmx4096m -Dfile.encoding=UTF-8 -Duser.country=US -Duser.language=en -Duser.variant -javaagent:D:\Android studio data\.gradle\wrapper\dists\gradle-8.13-bin\5xuhj0ry160q40clulazy9h7d\gradle-8.13\lib\agents\gradle-instrumentation-agent-8.13.jar org.gradle.launcher.daemon.bootstrap.GradleDaemon 8.13

Host: 11th Gen Intel(R) Core(TM) i7-1195G7 @ 2.90GHz, 8 cores, 15G,  Windows 11 , 64 bit Build 26100 (10.0.26100.7920)
Time: Sun Mar 22 05:50:20 2026 Turkey Standard Time elapsed time: 38.727319 seconds (0d 0h 0m 38s)

---------------  T H R E A D  ---------------

Current thread (0x000001ed86915050):  VMThread "VM Thread"          [id=25516, stack(0x00000069b1000000,0x00000069b1100000) (1024K)]

Stack: [0x00000069b1000000,0x00000069b1100000]
Native frames: (J=compiled Java code, j=interpreted, Vv=VM code, C=native code)
V  [jvm.dll+0x6cc179]
V  [jvm.dll+0x8584c1]
V  [jvm.dll+0x85a9ee]
V  [jvm.dll+0x85b0c3]
V  [jvm.dll+0x27ebf6]
V  [jvm.dll+0x6c88f5]
V  [jvm.dll+0x6bd45a]
V  [jvm.dll+0x354b1a]
V  [jvm.dll+0x35c796]
V  [jvm.dll+0x3af85e]
V  [jvm.dll+0x3afb08]
V  [jvm.dll+0x328e2c]
V  [jvm.dll+0x32b686]
V  [jvm.dll+0x335638]
V  [jvm.dll+0x36b965]
V  [jvm.dll+0x860e90]
V  [jvm.dll+0x862214]
V  [jvm.dll+0x862750]
V  [jvm.dll+0x8629f3]
V  [jvm.dll+0x80279b]
V  [jvm.dll+0x6ca85d]
C  [ucrtbase.dll+0x37b0]
C  [KERNEL32.DLL+0x2e8d7]
C  [ntdll.dll+0x8c48c]

VM_Operation (0x00000069b0bffa50): G1PauseRemark, mode: safepoint, requested by thread 0x000001ede76fb4d0


---------------  P R O C E S S  ---------------

Threads class SMR info:
_java_thread_list=0x000001edccf7d260, length=146, elements={
0x000001ede7682500, 0x000001ed8693b090, 0x000001ed8693be90, 0x000001ed86942910,
0x000001ed86943440, 0x000001ed869442c0, 0x000001ed8694a210, 0x000001ed8694e7f0,
0x000001ed8694f280, 0x000001ed868fcf30, 0x000001ed86ca9880, 0x000001edc0b00040,
0x000001edc1ade860, 0x000001edc1e82c60, 0x000001edc1e5ca20, 0x000001edc1bd5b60,
0x000001edc1bfaf10, 0x000001edc1c1e800, 0x000001edc1c64780, 0x000001edc1c52d70,
0x000001edc1c53400, 0x000001edc1c52050, 0x000001edc1c51330, 0x000001edc1c526e0,
0x000001edc1c53a90, 0x000001edc1c519c0, 0x000001edc1c54120, 0x000001edc1c50ca0,
0x000001edc30e7510, 0x000001edc30e9c70, 0x000001edc30e7ba0, 0x000001edc30ea300,
0x000001edc30ea990, 0x000001edc30e88c0, 0x000001edc30e8f50, 0x000001edc57dcbb0,
0x000001edc57db170, 0x000001edc57dd240, 0x000001edc57ddf60, 0x000001edc57dd8d0,
0x000001edc57de5f0, 0x000001edc57dec80, 0x000001edc57db800, 0x000001edc57df310,
0x000001edc57dbe90, 0x000001edc57df9a0, 0x000001edc57dc520, 0x000001edc57e0030,
0x000001edc57e06c0, 0x000001edc57e0d50, 0x000001edc57e1a70, 0x000001edc57e2100,
0x000001edc57e13e0, 0x000001edc57e2790, 0x000001edc43ee170, 0x000001edc43edae0,
0x000001edc43eba10, 0x000001edc43ecdc0, 0x000001edc43ed450, 0x000001edc43eacf0,
0x000001edc43ee800, 0x000001edc43eb380, 0x000001edc43eee90, 0x000001edc43ef520,
0x000001edc43ec0a0, 0x000001edc43efbb0, 0x000001edc43ec730, 0x000001edc43f0240,
0x000001edc43f0f60, 0x000001edc4803380, 0x000001edc4802cf0, 0x000001edc4808240,
0x000001edc4806800, 0x000001edc4807bb0, 0x000001edc48088d0, 0x000001edc4808f60,
0x000001edc48095f0, 0x000001edc4809c80, 0x000001edc4806e90, 0x000001edc4807520,
0x000001edc4d739c0, 0x000001edc4d72610, 0x000001edc4d74050, 0x000001edc4d746e0,
0x000001edc4d73330, 0x000001edc4d74d70, 0x000001edc4d72ca0, 0x000001edc4d75a90,
0x000001edc4d76120, 0x000001edc4d78880, 0x000001edc4d774d0, 0x000001edc4d76e40,
0x000001edc4d77b60, 0x000001edc4d781f0, 0x000001edc4d75400, 0x000001edc4d78f10,
0x000001edc4d767b0, 0x000001edc4d795a0, 0x000001edc4d79c30, 0x000001edc5cca6d0,
0x000001edc5cca040, 0x000001edc5cc99b0, 0x000001edc5ccad60, 0x000001edc5cc8c90,
0x000001edc5ccb3f0, 0x000001edc5ccc7a0, 0x000001edc5ccba80, 0x000001edc5ccc110,
0x000001edc5cc9320, 0x000001edc5ccce30, 0x000001edc5ccdb50, 0x000001edc5ccfc20,
0x000001edc5ccef00, 0x000001edc5cce1e0, 0x000001edc5cd02b0, 0x000001edc5cce870,
0x000001edc5ccf590, 0x000001edc5ccd4c0, 0x000001edc598b400, 0x000001edc598ad70,
0x000001edc598a050, 0x000001edc598db60, 0x000001edc598ba90, 0x000001edc598ce40,
0x000001edc598c120, 0x000001edc598c7b0, 0x000001edc598a6e0, 0x000001edc598fc30,
0x000001edc598ef10, 0x000001edc59902c0, 0x000001edc5990950, 0x000001edc598f5a0,
0x000001edc5991670, 0x000001edc598e1f0, 0x000001edc598e880, 0x000001edc62a6c80,
0x000001edc62a5f60, 0x000001edc62a65f0, 0x000001edc62a7310, 0x000001edc62a8d50,
0x000001edc62a58d0, 0x000001edc62aae20, 0x000001edc62ac860, 0x000001edc62abb40,
0x000001edcd4f07d0, 0x000001edcd4f3e50
}

Java Threads: ( => current thread )
  0x000001ede7682500 JavaThread "main"                              [_thread_blocked, id=8444, stack(0x00000069b0900000,0x00000069b0a00000) (1024K)]
  0x000001ed8693b090 JavaThread "Reference Handler"          daemon [_thread_blocked, id=3392, stack(0x00000069b1100000,0x00000069b1200000) (1024K)]
  0x000001ed8693be90 JavaThread "Finalizer"                  daemon [_thread_blocked, id=5020, stack(0x00000069b1200000,0x00000069b1300000) (1024K)]
  0x000001ed86942910 JavaThread "Signal Dispatcher"          daemon [_thread_blocked, id=20876, stack(0x00000069b1300000,0x00000069b1400000) (1024K)]
  0x000001ed86943440 JavaThread "Attach Listener"            daemon [_thread_blocked, id=36968, stack(0x00000069b1400000,0x00000069b1500000) (1024K)]
  0x000001ed869442c0 JavaThread "Service Thread"             daemon [_thread_blocked, id=4368, stack(0x00000069b1500000,0x00000069b1600000) (1024K)]
  0x000001ed8694a210 JavaThread "Monitor Deflation Thread"   daemon [_thread_blocked, id=28668, stack(0x00000069b1600000,0x00000069b1700000) (1024K)]
  0x000001ed8694e7f0 JavaThread "C2 CompilerThread0"         daemon [_thread_blocked, id=38016, stack(0x00000069b1700000,0x00000069b1800000) (1024K)]
  0x000001ed8694f280 JavaThread "C1 CompilerThread0"         daemon [_thread_blocked, id=21612, stack(0x00000069b1800000,0x00000069b1900000) (1024K)]
  0x000001ed868fcf30 JavaThread "Common-Cleaner"             daemon [_thread_blocked, id=18396, stack(0x00000069b1900000,0x00000069b1a00000) (1024K)]
  0x000001ed86ca9880 JavaThread "Notification Thread"        daemon [_thread_blocked, id=15776, stack(0x00000069b1a00000,0x00000069b1b00000) (1024K)]
  0x000001edc0b00040 JavaThread "Daemon health stats"               [_thread_blocked, id=14156, stack(0x00000069b2100000,0x00000069b2200000) (1024K)]
  0x000001edc1ade860 JavaThread "Incoming local TCP Connector on port 25465"        [_thread_in_native, id=20844, stack(0x00000069b1b00000,0x00000069b1c00000) (1024K)]
  0x000001edc1e82c60 JavaThread "Daemon periodic checks"            [_thread_blocked, id=34556, stack(0x00000069b2200000,0x00000069b2300000) (1024K)]
  0x000001edc1e5ca20 JavaThread "Daemon"                            [_thread_blocked, id=20984, stack(0x00000069b2300000,0x00000069b2400000) (1024K)]
  0x000001edc1bd5b60 JavaThread "Handler for socket connection from /127.0.0.1:25465 to /127.0.0.1:25466"        [_thread_in_native, id=7288, stack(0x00000069b2400000,0x00000069b2500000) (1024K)]
  0x000001edc1bfaf10 JavaThread "Cancel handler"                    [_thread_blocked, id=2300, stack(0x00000069b2500000,0x00000069b2600000) (1024K)]
  0x000001edc1c1e800 JavaThread "Daemon worker"                     [_thread_blocked, id=31872, stack(0x00000069b2600000,0x00000069b2700000) (1024K)]
  0x000001edc1c64780 JavaThread "Asynchronous log dispatcher for DefaultDaemonConnection: socket connection from /127.0.0.1:25465 to /127.0.0.1:25466"        [_thread_blocked, id=29704, stack(0x00000069b2700000,0x00000069b2800000) (1024K)]
  0x000001edc1c52d70 JavaThread "Stdin handler"                     [_thread_blocked, id=12804, stack(0x00000069b2800000,0x00000069b2900000) (1024K)]
  0x000001edc1c53400 JavaThread "Daemon client event forwarder"        [_thread_blocked, id=10080, stack(0x00000069b2b00000,0x00000069b2c00000) (1024K)]
  0x000001edc1c52050 JavaThread "Cache worker for journal cache (D:\Android studio data\.gradle\caches\journal-1)"        [_thread_blocked, id=28640, stack(0x00000069b2c00000,0x00000069b2d00000) (1024K)]
  0x000001edc1c51330 JavaThread "File lock request listener"        [_thread_in_native, id=32936, stack(0x00000069b2d00000,0x00000069b2e00000) (1024K)]
  0x000001edc1c526e0 JavaThread "Cache worker for file hash cache (D:\Android studio data\.gradle\caches\8.13\fileHashes)"        [_thread_blocked, id=5320, stack(0x00000069b2e00000,0x00000069b2f00000) (1024K)]
  0x000001edc1c53a90 JavaThread "Cache worker for file hash cache (D:\Android studio data\ToDo-List\OmniTask\android\.gradle\8.13\fileHashes)"        [_thread_blocked, id=33136, stack(0x00000069b3200000,0x00000069b3300000) (1024K)]
  0x000001edc1c519c0 JavaThread "Cache worker for Build Output Cleanup Cache (D:\Android studio data\ToDo-List\OmniTask\android\.gradle\buildOutputCleanup)"        [_thread_blocked, id=38052, stack(0x00000069b3300000,0x00000069b3400000) (1024K)]
  0x000001edc1c54120 JavaThread "File watcher server"        daemon [_thread_in_native, id=2072, stack(0x00000069b2f00000,0x00000069b3000000) (1024K)]
  0x000001edc1c50ca0 JavaThread "File watcher consumer"      daemon [_thread_blocked, id=8508, stack(0x00000069b3000000,0x00000069b3100000) (1024K)]
  0x000001edc30e7510 JavaThread "jar transforms"                    [_thread_blocked, id=36688, stack(0x00000069b3500000,0x00000069b3600000) (1024K)]
  0x000001edc30e9c70 JavaThread "jar transforms Thread 2"           [_thread_blocked, id=36808, stack(0x00000069b3600000,0x00000069b3700000) (1024K)]
  0x000001edc30e7ba0 JavaThread "jar transforms Thread 3"           [_thread_blocked, id=26032, stack(0x00000069b3700000,0x00000069b3800000) (1024K)]
  0x000001edc30ea300 JavaThread "jar transforms Thread 4"           [_thread_blocked, id=32336, stack(0x00000069b3800000,0x00000069b3900000) (1024K)]
  0x000001edc30ea990 JavaThread "jar transforms Thread 5"           [_thread_blocked, id=24920, stack(0x00000069b3900000,0x00000069b3a00000) (1024K)]
  0x000001edc30e88c0 JavaThread "Cache worker for checksums cache (D:\Android studio data\ToDo-List\OmniTask\android\.gradle\8.13\checksums)"        [_thread_blocked, id=26772, stack(0x00000069b3b00000,0x00000069b3c00000) (1024K)]
  0x000001edc30e8f50 JavaThread "Cache worker for file content cache (D:\Android studio data\.gradle\caches\8.13\fileContent)"        [_thread_blocked, id=17628, stack(0x00000069b3c00000,0x00000069b3d00000) (1024K)]
  0x000001edc57dcbb0 JavaThread "jar transforms Thread 6"           [_thread_blocked, id=15800, stack(0x00000069b3d00000,0x00000069b3e00000) (1024K)]
  0x000001edc57db170 JavaThread "jar transforms Thread 7"           [_thread_blocked, id=26704, stack(0x00000069b3e00000,0x00000069b3f00000) (1024K)]
  0x000001edc57dd240 JavaThread "jar transforms Thread 8"           [_thread_blocked, id=24260, stack(0x00000069b3f00000,0x00000069b4000000) (1024K)]
  0x000001edc57ddf60 JavaThread "Cache worker for cache directory md-supplier (D:\Android studio data\.gradle\caches\8.13\md-supplier)"        [_thread_blocked, id=3864, stack(0x00000069b3400000,0x00000069b3500000) (1024K)]
  0x000001edc57dd8d0 JavaThread "Cache worker for cache directory md-rule (D:\Android studio data\.gradle\caches\8.13\md-rule)"        [_thread_blocked, id=34768, stack(0x00000069b3a00000,0x00000069b3b00000) (1024K)]
  0x000001edc57de5f0 JavaThread "Cache worker for Build Output Cleanup Cache (D:\Android studio data\ToDo-List\OmniTask\node_modules\@react-native\gradle-plugin\.gradle\buildOutputCleanup)"        [_thread_blocked, id=15376, stack(0x00000069b4000000,0x00000069b4100000) (1024K)]
  0x000001edc57dec80 JavaThread "Unconstrained build operations"        [_thread_blocked, id=24264, stack(0x00000069b4200000,0x00000069b4300000) (1024K)]
  0x000001edc57db800 JavaThread "Unconstrained build operations Thread 2"        [_thread_blocked, id=38364, stack(0x00000069b4300000,0x00000069b4400000) (1024K)]
  0x000001edc57df310 JavaThread "Unconstrained build operations Thread 3"        [_thread_blocked, id=36548, stack(0x00000069b4400000,0x00000069b4500000) (1024K)]
  0x000001edc57dbe90 JavaThread "Unconstrained build operations Thread 4"        [_thread_blocked, id=2612, stack(0x00000069b4500000,0x00000069b4600000) (1024K)]
  0x000001edc57df9a0 JavaThread "Unconstrained build operations Thread 5"        [_thread_blocked, id=15676, stack(0x00000069b4600000,0x00000069b4700000) (1024K)]
  0x000001edc57dc520 JavaThread "Unconstrained build operations Thread 6"        [_thread_blocked, id=38372, stack(0x00000069b4700000,0x00000069b4800000) (1024K)]
  0x000001edc57e0030 JavaThread "Unconstrained build operations Thread 7"        [_thread_blocked, id=19124, stack(0x00000069b4800000,0x00000069b4900000) (1024K)]
  0x000001edc57e06c0 JavaThread "Unconstrained build operations Thread 8"        [_thread_blocked, id=15396, stack(0x00000069b4900000,0x00000069b4a00000) (1024K)]
  0x000001edc57e0d50 JavaThread "Unconstrained build operations Thread 9"        [_thread_blocked, id=19748, stack(0x00000069b4a00000,0x00000069b4b00000) (1024K)]
  0x000001edc57e1a70 JavaThread "Unconstrained build operations Thread 10"        [_thread_blocked, id=29448, stack(0x00000069b4b00000,0x00000069b4c00000) (1024K)]
  0x000001edc57e2100 JavaThread "Unconstrained build operations Thread 11"        [_thread_blocked, id=18876, stack(0x00000069b4c00000,0x00000069b4d00000) (1024K)]
  0x000001edc57e13e0 JavaThread "Unconstrained build operations Thread 12"        [_thread_blocked, id=25696, stack(0x00000069b4d00000,0x00000069b4e00000) (1024K)]
  0x000001edc57e2790 JavaThread "Unconstrained build operations Thread 13"        [_thread_blocked, id=34216, stack(0x00000069b4e00000,0x00000069b4f00000) (1024K)]
  0x000001edc43ee170 JavaThread "Unconstrained build operations Thread 14"        [_thread_blocked, id=17456, stack(0x00000069b4f00000,0x00000069b5000000) (1024K)]
  0x000001edc43edae0 JavaThread "Unconstrained build operations Thread 15"        [_thread_blocked, id=31312, stack(0x00000069b5000000,0x00000069b5100000) (1024K)]
  0x000001edc43eba10 JavaThread "Unconstrained build operations Thread 16"        [_thread_blocked, id=28284, stack(0x00000069b5100000,0x00000069b5200000) (1024K)]
  0x000001edc43ecdc0 JavaThread "Unconstrained build operations Thread 17"        [_thread_blocked, id=24236, stack(0x00000069b5200000,0x00000069b5300000) (1024K)]
  0x000001edc43ed450 JavaThread "Unconstrained build operations Thread 18"        [_thread_blocked, id=13500, stack(0x00000069b5300000,0x00000069b5400000) (1024K)]
  0x000001edc43eacf0 JavaThread "Unconstrained build operations Thread 19"        [_thread_blocked, id=18096, stack(0x00000069b5400000,0x00000069b5500000) (1024K)]
  0x000001edc43ee800 JavaThread "Unconstrained build operations Thread 20"        [_thread_blocked, id=17176, stack(0x00000069b5500000,0x00000069b5600000) (1024K)]
  0x000001edc43eb380 JavaThread "Unconstrained build operations Thread 21"        [_thread_blocked, id=33040, stack(0x00000069b5600000,0x00000069b5700000) (1024K)]
  0x000001edc43eee90 JavaThread "Unconstrained build operations Thread 22"        [_thread_blocked, id=29540, stack(0x00000069b5700000,0x00000069b5800000) (1024K)]
  0x000001edc43ef520 JavaThread "Unconstrained build operations Thread 23"        [_thread_blocked, id=29044, stack(0x00000069b5800000,0x00000069b5900000) (1024K)]
  0x000001edc43ec0a0 JavaThread "Unconstrained build operations Thread 24"        [_thread_blocked, id=38172, stack(0x00000069b5900000,0x00000069b5a00000) (1024K)]
  0x000001edc43efbb0 JavaThread "Unconstrained build operations Thread 25"        [_thread_blocked, id=16096, stack(0x00000069b5a00000,0x00000069b5b00000) (1024K)]
  0x000001edc43ec730 JavaThread "Unconstrained build operations Thread 26"        [_thread_blocked, id=12272, stack(0x00000069b5b00000,0x00000069b5c00000) (1024K)]
  0x000001edc43f0240 JavaThread "Unconstrained build operations Thread 27"        [_thread_blocked, id=9892, stack(0x00000069b5c00000,0x00000069b5d00000) (1024K)]
  0x000001edc43f0f60 JavaThread "build event listener"              [_thread_blocked, id=17280, stack(0x00000069b5d00000,0x00000069b5e00000) (1024K)]
  0x000001edc4803380 JavaThread "Memory manager"                    [_thread_blocked, id=17580, stack(0x00000069b5e00000,0x00000069b5f00000) (1024K)]
  0x000001edc4802cf0 JavaThread "ForkJoinPool.commonPool-worker-1" daemon [_thread_blocked, id=2088, stack(0x00000069b6000000,0x00000069b6100000) (1024K)]
  0x000001edc4808240 JavaThread "ForkJoinPool.commonPool-worker-2" daemon [_thread_blocked, id=35512, stack(0x00000069b6100000,0x00000069b6200000) (1024K)]
  0x000001edc4806800 JavaThread "ForkJoinPool.commonPool-worker-3" daemon [_thread_blocked, id=37464, stack(0x00000069b6200000,0x00000069b6300000) (1024K)]
  0x000001edc4807bb0 JavaThread "ForkJoinPool.commonPool-worker-4" daemon [_thread_blocked, id=35164, stack(0x00000069b6300000,0x00000069b6400000) (1024K)]
  0x000001edc48088d0 JavaThread "ForkJoinPool.commonPool-worker-5" daemon [_thread_blocked, id=38472, stack(0x00000069b6400000,0x00000069b6500000) (1024K)]
  0x000001edc4808f60 JavaThread "ForkJoinPool.commonPool-worker-6" daemon [_thread_blocked, id=23544, stack(0x00000069b6500000,0x00000069b6600000) (1024K)]
  0x000001edc48095f0 JavaThread "ForkJoinPool.commonPool-worker-7" daemon [_thread_blocked, id=4740, stack(0x00000069b6600000,0x00000069b6700000) (1024K)]
  0x000001edc4809c80 JavaThread "Exec process"                      [_thread_blocked, id=29184, stack(0x00000069b6700000,0x00000069b6800000) (1024K)]
  0x000001edc4806e90 JavaThread "Exec process Thread 2"             [_thread_blocked, id=25824, stack(0x00000069b5f00000,0x00000069b6000000) (1024K)]
  0x000001edc4807520 JavaThread "Exec process Thread 3"             [_thread_blocked, id=19984, stack(0x00000069b6800000,0x00000069b6900000) (1024K)]
  0x000001edc4d739c0 JavaThread "included builds"                   [_thread_blocked, id=16700, stack(0x00000069b6900000,0x00000069b6a00000) (1024K)]
  0x000001edc4d72610 JavaThread "Execution worker"                  [_thread_blocked, id=5248, stack(0x00000069b6a00000,0x00000069b6b00000) (1024K)]
  0x000001edc4d74050 JavaThread "Execution worker Thread 2"         [_thread_blocked, id=31480, stack(0x00000069b6b00000,0x00000069b6c00000) (1024K)]
  0x000001edc4d746e0 JavaThread "Execution worker Thread 3"         [_thread_blocked, id=34496, stack(0x00000069b6c00000,0x00000069b6d00000) (1024K)]
  0x000001edc4d73330 JavaThread "Execution worker Thread 4"         [_thread_blocked, id=32296, stack(0x00000069b6d00000,0x00000069b6e00000) (1024K)]
  0x000001edc4d74d70 JavaThread "Execution worker Thread 5"         [_thread_blocked, id=38400, stack(0x00000069b6e00000,0x00000069b6f00000) (1024K)]
  0x000001edc4d72ca0 JavaThread "Execution worker Thread 6"         [_thread_blocked, id=23084, stack(0x00000069b6f00000,0x00000069b7000000) (1024K)]
  0x000001edc4d75a90 JavaThread "Execution worker Thread 7"         [_thread_blocked, id=28400, stack(0x00000069b7000000,0x00000069b7100000) (1024K)]
  0x000001edc4d76120 JavaThread "Cache worker for execution history cache (D:\Android studio data\ToDo-List\OmniTask\node_modules\@react-native\gradle-plugin\.gradle\8.13\executionHistory)"        [_thread_blocked, id=34340, stack(0x00000069b7100000,0x00000069b7200000) (1024K)]
  0x000001edc4d78880 JavaThread "Unconstrained build operations Thread 28"        [_thread_blocked, id=31236, stack(0x00000069b7200000,0x00000069b7300000) (1024K)]
  0x000001edc4d774d0 JavaThread "Unconstrained build operations Thread 29"        [_thread_blocked, id=28752, stack(0x00000069b7300000,0x00000069b7400000) (1024K)]
  0x000001edc4d76e40 JavaThread "Unconstrained build operations Thread 30"        [_thread_blocked, id=35764, stack(0x00000069b7400000,0x00000069b7500000) (1024K)]
  0x000001edc4d77b60 JavaThread "Unconstrained build operations Thread 31"        [_thread_blocked, id=21384, stack(0x00000069b7500000,0x00000069b7600000) (1024K)]
  0x000001edc4d781f0 JavaThread "Unconstrained build operations Thread 32"        [_thread_blocked, id=20624, stack(0x00000069b7600000,0x00000069b7700000) (1024K)]
  0x000001edc4d75400 JavaThread "Unconstrained build operations Thread 33"        [_thread_blocked, id=25740, stack(0x00000069b7700000,0x00000069b7800000) (1024K)]
  0x000001edc4d78f10 JavaThread "Unconstrained build operations Thread 34"        [_thread_blocked, id=9684, stack(0x00000069b7800000,0x00000069b7900000) (1024K)]
  0x000001edc4d767b0 JavaThread "Unconstrained build operations Thread 35"        [_thread_blocked, id=36008, stack(0x00000069b7900000,0x00000069b7a00000) (1024K)]
  0x000001edc4d795a0 JavaThread "Unconstrained build operations Thread 36"        [_thread_blocked, id=23580, stack(0x00000069b7a00000,0x00000069b7b00000) (1024K)]
  0x000001edc4d79c30 JavaThread "Unconstrained build operations Thread 37"        [_thread_blocked, id=9312, stack(0x00000069b7b00000,0x00000069b7c00000) (1024K)]
  0x000001edc5cca6d0 JavaThread "Unconstrained build operations Thread 38"        [_thread_blocked, id=28356, stack(0x00000069b7c00000,0x00000069b7d00000) (1024K)]
  0x000001edc5cca040 JavaThread "Unconstrained build operations Thread 39"        [_thread_blocked, id=28320, stack(0x00000069b7d00000,0x00000069b7e00000) (1024K)]
  0x000001edc5cc99b0 JavaThread "Unconstrained build operations Thread 40"        [_thread_blocked, id=1288, stack(0x00000069b7e00000,0x00000069b7f00000) (1024K)]
  0x000001edc5ccad60 JavaThread "Unconstrained build operations Thread 41"        [_thread_blocked, id=27760, stack(0x00000069b7f00000,0x00000069b8000000) (1024K)]
  0x000001edc5cc8c90 JavaThread "Unconstrained build operations Thread 42"        [_thread_blocked, id=7264, stack(0x00000069b8000000,0x00000069b8100000) (1024K)]
  0x000001edc5ccb3f0 JavaThread "Unconstrained build operations Thread 43"        [_thread_blocked, id=7828, stack(0x00000069b8100000,0x00000069b8200000) (1024K)]
  0x000001edc5ccc7a0 JavaThread "Unconstrained build operations Thread 44"        [_thread_blocked, id=25884, stack(0x00000069b8200000,0x00000069b8300000) (1024K)]
  0x000001edc5ccba80 JavaThread "Unconstrained build operations Thread 45"        [_thread_blocked, id=35388, stack(0x00000069b8300000,0x00000069b8400000) (1024K)]
  0x000001edc5ccc110 JavaThread "Unconstrained build operations Thread 46"        [_thread_blocked, id=37188, stack(0x00000069b8400000,0x00000069b8500000) (1024K)]
  0x000001edc5cc9320 JavaThread "Unconstrained build operations Thread 47"        [_thread_blocked, id=37808, stack(0x00000069b8500000,0x00000069b8600000) (1024K)]
  0x000001edc5ccce30 JavaThread "Unconstrained build operations Thread 48"        [_thread_blocked, id=18692, stack(0x00000069b8600000,0x00000069b8700000) (1024K)]
  0x000001edc5ccdb50 JavaThread "Unconstrained build operations Thread 49"        [_thread_blocked, id=20592, stack(0x00000069b8800000,0x00000069b8900000) (1024K)]
  0x000001edc5ccfc20 JavaThread "Unconstrained build operations Thread 50"        [_thread_blocked, id=7860, stack(0x00000069b8900000,0x00000069b8a00000) (1024K)]
  0x000001edc5ccef00 JavaThread "Unconstrained build operations Thread 51"        [_thread_blocked, id=36436, stack(0x00000069b8a00000,0x00000069b8b00000) (1024K)]
  0x000001edc5cce1e0 JavaThread "Unconstrained build operations Thread 52"        [_thread_blocked, id=37752, stack(0x00000069b8b00000,0x00000069b8c00000) (1024K)]
  0x000001edc5cd02b0 JavaThread "Unconstrained build operations Thread 53"        [_thread_blocked, id=32104, stack(0x00000069b8c00000,0x00000069b8d00000) (1024K)]
  0x000001edc5cce870 JavaThread "Unconstrained build operations Thread 54"        [_thread_blocked, id=9668, stack(0x00000069b8d00000,0x00000069b8e00000) (1024K)]
  0x000001edc5ccf590 JavaThread "Unconstrained build operations Thread 55"        [_thread_blocked, id=9148, stack(0x00000069b8e00000,0x00000069b8f00000) (1024K)]
  0x000001edc5ccd4c0 JavaThread "Unconstrained build operations Thread 56"        [_thread_blocked, id=21708, stack(0x00000069b8f00000,0x00000069b9000000) (1024K)]
  0x000001edc598b400 JavaThread "Unconstrained build operations Thread 57"        [_thread_blocked, id=1768, stack(0x00000069b9000000,0x00000069b9100000) (1024K)]
  0x000001edc598ad70 JavaThread "Unconstrained build operations Thread 58"        [_thread_blocked, id=31756, stack(0x00000069b9100000,0x00000069b9200000) (1024K)]
  0x000001edc598a050 JavaThread "Unconstrained build operations Thread 59"        [_thread_blocked, id=1620, stack(0x00000069b9200000,0x00000069b9300000) (1024K)]
  0x000001edc598db60 JavaThread "Unconstrained build operations Thread 60"        [_thread_blocked, id=13516, stack(0x00000069b9300000,0x00000069b9400000) (1024K)]
  0x000001edc598ba90 JavaThread "Unconstrained build operations Thread 61"        [_thread_blocked, id=6176, stack(0x00000069b9400000,0x00000069b9500000) (1024K)]
  0x000001edc598ce40 JavaThread "Unconstrained build operations Thread 62"        [_thread_blocked, id=10404, stack(0x00000069b9500000,0x00000069b9600000) (1024K)]
  0x000001edc598c120 JavaThread "Unconstrained build operations Thread 63"        [_thread_blocked, id=18224, stack(0x00000069b9600000,0x00000069b9700000) (1024K)]
  0x000001edc598c7b0 JavaThread "Unconstrained build operations Thread 64"        [_thread_blocked, id=3132, stack(0x00000069b9700000,0x00000069b9800000) (1024K)]
  0x000001edc598a6e0 JavaThread "Unconstrained build operations Thread 65"        [_thread_blocked, id=14056, stack(0x00000069b9800000,0x00000069b9900000) (1024K)]
  0x000001edc598fc30 JavaThread "Unconstrained build operations Thread 66"        [_thread_blocked, id=26152, stack(0x00000069b9900000,0x00000069b9a00000) (1024K)]
  0x000001edc598ef10 JavaThread "Unconstrained build operations Thread 67"        [_thread_blocked, id=32508, stack(0x00000069b9a00000,0x00000069b9b00000) (1024K)]
  0x000001edc59902c0 JavaThread "Unconstrained build operations Thread 68"        [_thread_blocked, id=28028, stack(0x00000069b9b00000,0x00000069b9c00000) (1024K)]
  0x000001edc5990950 JavaThread "Unconstrained build operations Thread 69"        [_thread_blocked, id=13956, stack(0x00000069b9c00000,0x00000069b9d00000) (1024K)]
  0x000001edc598f5a0 JavaThread "Unconstrained build operations Thread 70"        [_thread_blocked, id=26680, stack(0x00000069b9d00000,0x00000069b9e00000) (1024K)]
  0x000001edc5991670 JavaThread "Unconstrained build operations Thread 71"        [_thread_blocked, id=18960, stack(0x00000069b9e00000,0x00000069b9f00000) (1024K)]
  0x000001edc598e1f0 JavaThread "Unconstrained build operations Thread 72"        [_thread_blocked, id=25660, stack(0x00000069b9f00000,0x00000069ba000000) (1024K)]
  0x000001edc598e880 JavaThread "Unconstrained build operations Thread 73"        [_thread_blocked, id=34212, stack(0x00000069ba000000,0x00000069ba100000) (1024K)]
  0x000001edc62a6c80 JavaThread "Unconstrained build operations Thread 74"        [_thread_blocked, id=25764, stack(0x00000069ba100000,0x00000069ba200000) (1024K)]
  0x000001edc62a5f60 JavaThread "Unconstrained build operations Thread 75"        [_thread_blocked, id=17072, stack(0x00000069ba200000,0x00000069ba300000) (1024K)]
  0x000001edc62a65f0 JavaThread "Unconstrained build operations Thread 76"        [_thread_blocked, id=19228, stack(0x00000069ba300000,0x00000069ba400000) (1024K)]
  0x000001edc62a7310 JavaThread "Unconstrained build operations Thread 77"        [_thread_blocked, id=37024, stack(0x00000069ba400000,0x00000069ba500000) (1024K)]
  0x000001edc62a8d50 JavaThread "Unconstrained build operations Thread 78"        [_thread_blocked, id=8900, stack(0x00000069ba500000,0x00000069ba600000) (1024K)]
  0x000001edc62a58d0 JavaThread "Unconstrained build operations Thread 79"        [_thread_blocked, id=17908, stack(0x00000069ba600000,0x00000069ba700000) (1024K)]
  0x000001edc62aae20 JavaThread "Unconstrained build operations Thread 80"        [_thread_blocked, id=16684, stack(0x00000069ba700000,0x00000069ba800000) (1024K)]
  0x000001edc62ac860 JavaThread "build event listener"              [_thread_blocked, id=22668, stack(0x00000069b4100000,0x00000069b4200000) (1024K)]
  0x000001edc62abb40 JavaThread "Problems report writer"            [_thread_blocked, id=5564, stack(0x00000069b8700000,0x00000069b8800000) (1024K)]
  0x000001edcd4f07d0 JavaThread "C2 CompilerThread1"         daemon [_thread_blocked, id=2588, stack(0x00000069b0600000,0x00000069b0700000) (1024K)]
  0x000001edcd4f3e50 JavaThread "C2 CompilerThread2"         daemon [_thread_blocked, id=25088, stack(0x00000069ba800000,0x00000069ba900000) (1024K)]
Total: 146

Other Threads:
=>0x000001ed86915050 VMThread "VM Thread"                           [id=25516, stack(0x00000069b1000000,0x00000069b1100000) (1024K)]
  0x000001ed868fc150 WatcherThread "VM Periodic Task Thread"        [id=23564, stack(0x00000069b0f00000,0x00000069b1000000) (1024K)]
  0x000001ede76ea5e0 WorkerThread "GC Thread#0"                     [id=33804, stack(0x00000069b0a00000,0x00000069b0b00000) (1024K)]
  0x000001ed86e8d0b0 WorkerThread "GC Thread#1"                     [id=17060, stack(0x00000069b1c00000,0x00000069b1d00000) (1024K)]
  0x000001ed86d496d0 WorkerThread "GC Thread#2"                     [id=38204, stack(0x00000069b1d00000,0x00000069b1e00000) (1024K)]
  0x000001ed86d49a70 WorkerThread "GC Thread#3"                     [id=23080, stack(0x00000069b1e00000,0x00000069b1f00000) (1024K)]
  0x000001ed86d49e10 WorkerThread "GC Thread#4"                     [id=34688, stack(0x00000069b1f00000,0x00000069b2000000) (1024K)]
  0x000001ed86d4a5b0 WorkerThread "GC Thread#5"                     [id=25448, stack(0x00000069b2000000,0x00000069b2100000) (1024K)]
  0x000001edc1c54c60 WorkerThread "GC Thread#6"                     [id=24836, stack(0x00000069b2900000,0x00000069b2a00000) (1024K)]
  0x000001edc1c55000 WorkerThread "GC Thread#7"                     [id=28932, stack(0x00000069b2a00000,0x00000069b2b00000) (1024K)]
  0x000001ede76fb4d0 ConcurrentGCThread "G1 Main Marker"            [id=21592, stack(0x00000069b0b00000,0x00000069b0c00000) (1024K)]
  0x000001ede76fe5e0 WorkerThread "G1 Conc#0"                       [id=2024, stack(0x00000069b0c00000,0x00000069b0d00000) (1024K)]
  0x000001edc4862ac0 WorkerThread "G1 Conc#1"                       [id=2260, stack(0x00000069b3100000,0x00000069b3200000) (1024K)]
  0x000001ed867d15e0 ConcurrentGCThread "G1 Refine#0"               [id=21856, stack(0x00000069b0d00000,0x00000069b0e00000) (1024K)]
  0x000001ed867d2f10 ConcurrentGCThread "G1 Service"                [id=17632, stack(0x00000069b0e00000,0x00000069b0f00000) (1024K)]
Total: 15

Threads with active compile tasks:
C2 CompilerThread0    38795 16253       4       org.gradle.internal.execution.impl.DefaultInputFingerprinter$InputCollectingVisitor::complete (37 bytes)
C2 CompilerThread2    38795 16252       4       org.gradle.internal.execution.impl.DefaultInputFingerprinter$InputCollectingVisitor::<init> (65 bytes)
Total: 2

VM state: at safepoint (normal execution)

VM Mutex/Monitor currently owned by a thread:  ([mutex/lock_event])
[0x00007ff9c34b0e50] Threads_lock - owner thread: 0x000001ed86915050
[0x00007ff9c34b0f50] Heap_lock - owner thread: 0x000001ede76fb4d0

Heap address: 0x0000000700000000, size: 4096 MB, Compressed Oops mode: Zero based, Oop shift amount: 3

CDS archive(s) mapped at: [0x000001ed87000000-0x000001ed87c90000-0x000001ed87c90000), size 13172736, SharedBaseAddress: 0x000001ed87000000, ArchiveRelocationMode: 1.
Compressed class space mapped at: 0x000001ed88000000-0x000001edbc000000, reserved size: 872415232
Narrow klass base: 0x000001ed87000000, Narrow klass shift: 0, Narrow klass range: 0x100000000

GC Precious Log:
 CardTable entry size: 512
 Card Set container configuration: InlinePtr #cards 4 size 8 Array Of Cards #cards 16 size 48 Howl #buckets 8 coarsen threshold 3686 Howl Bitmap #cards 512 size 80 coarsen threshold 460 Card regions per heap region 1 cards per card region 4096
 CPUs: 8 total, 8 available
 Memory: 16167M
 Large Page Support: Disabled
 NUMA Support: Disabled
 Compressed Oops: Enabled (Zero based)
 Heap Region Size: 2M
 Heap Min Capacity: 8M
 Heap Initial Capacity: 254M
 Heap Max Capacity: 4G
 Pre-touch: Disabled
 Parallel Workers: 8
 Concurrent Workers: 2
 Concurrent Refinement Workers: 8
 Periodic GC: Disabled

Heap:
 garbage-first heap   total 307200K, used 214425K [0x0000000700000000, 0x0000000800000000)
  region size 2048K, 23 young (47104K), 7 survivors (14336K)
 Metaspace       used 112768K, committed 115584K, reserved 983040K
  class space    used 15668K, committed 17088K, reserved 851968K

Heap Regions: E=young(eden), S=young(survivor), O=old, HS=humongous(starts), HC=humongous(continues), CS=collection set, F=free, TAMS=top-at-mark-start, PB=parsable bottom
|   0|0x0000000700000000, 0x0000000700200000, 0x0000000700200000|100%|HS|  |TAMS 0x0000000700200000| PB 0x0000000700000000| Complete 
|   1|0x0000000700200000, 0x0000000700400000, 0x0000000700400000|100%|HC|  |TAMS 0x0000000700400000| PB 0x0000000700200000| Complete 
|   2|0x0000000700400000, 0x0000000700600000, 0x0000000700600000|100%| O|  |TAMS 0x0000000700600000| PB 0x0000000700600000| Untracked 
|   3|0x0000000700600000, 0x0000000700800000, 0x0000000700800000|100%| O|  |TAMS 0x0000000700800000| PB 0x0000000700800000| Untracked 
|   4|0x0000000700800000, 0x0000000700a00000, 0x0000000700a00000|100%| O|  |TAMS 0x0000000700a00000| PB 0x0000000700a00000| Untracked 
|   5|0x0000000700a00000, 0x0000000700c00000, 0x0000000700c00000|100%| O|  |TAMS 0x0000000700c00000| PB 0x0000000700c00000| Untracked 
|   6|0x0000000700c00000, 0x0000000700e00000, 0x0000000700e00000|100%| O|  |TAMS 0x0000000700e00000| PB 0x0000000700e00000| Untracked 
|   7|0x0000000700e00000, 0x0000000701000000, 0x0000000701000000|100%| O|  |TAMS 0x0000000701000000| PB 0x0000000701000000| Untracked 
|   8|0x0000000701000000, 0x0000000701200000, 0x0000000701200000|100%| O|  |TAMS 0x0000000701200000| PB 0x0000000701200000| Untracked 
|   9|0x0000000701200000, 0x0000000701400000, 0x0000000701400000|100%| O|  |TAMS 0x0000000701400000| PB 0x0000000701400000| Updating 
|  10|0x0000000701400000, 0x0000000701600000, 0x0000000701600000|100%| O|  |TAMS 0x0000000701600000| PB 0x0000000701600000| Updating 
|  11|0x0000000701600000, 0x0000000701800000, 0x0000000701800000|100%| O|  |TAMS 0x0000000701800000| PB 0x0000000701800000| Untracked 
|  12|0x0000000701800000, 0x0000000701a00000, 0x0000000701a00000|100%| O|  |TAMS 0x0000000701a00000| PB 0x0000000701a00000| Untracked 
|  13|0x0000000701a00000, 0x0000000701c00000, 0x0000000701c00000|100%| O|  |TAMS 0x0000000701c00000| PB 0x0000000701c00000| Updating 
|  14|0x0000000701c00000, 0x0000000701e00000, 0x0000000701e00000|100%| O|  |TAMS 0x0000000701e00000| PB 0x0000000701e00000| Untracked 
|  15|0x0000000701e00000, 0x0000000702000000, 0x0000000702000000|100%| O|  |TAMS 0x0000000702000000| PB 0x0000000702000000| Updating 
|  16|0x0000000702000000, 0x0000000702200000, 0x0000000702200000|100%| O|  |TAMS 0x0000000702200000| PB 0x0000000702200000| Untracked 
|  17|0x0000000702200000, 0x0000000702400000, 0x0000000702400000|100%| O|  |TAMS 0x0000000702400000| PB 0x0000000702400000| Updating 
|  18|0x0000000702400000, 0x0000000702600000, 0x0000000702600000|100%| O|  |TAMS 0x0000000702600000| PB 0x0000000702600000| Updating 
|  19|0x0000000702600000, 0x0000000702800000, 0x0000000702800000|100%| O|  |TAMS 0x0000000702800000| PB 0x0000000702800000| Untracked 
|  20|0x0000000702800000, 0x0000000702a00000, 0x0000000702a00000|100%| O|  |TAMS 0x0000000702a00000| PB 0x0000000702a00000| Untracked 
|  21|0x0000000702a00000, 0x0000000702c00000, 0x0000000702c00000|100%| O|  |TAMS 0x0000000702c00000| PB 0x0000000702c00000| Updating 
|  22|0x0000000702c00000, 0x0000000702e00000, 0x0000000702e00000|100%| O|  |TAMS 0x0000000702e00000| PB 0x0000000702e00000| Untracked 
|  23|0x0000000702e00000, 0x0000000703000000, 0x0000000703000000|100%| O|  |TAMS 0x0000000703000000| PB 0x0000000703000000| Untracked 
|  24|0x0000000703000000, 0x0000000703200000, 0x0000000703200000|100%|HS|  |TAMS 0x0000000703200000| PB 0x0000000703000000| Complete 
|  25|0x0000000703200000, 0x0000000703400000, 0x0000000703400000|100%|HC|  |TAMS 0x0000000703400000| PB 0x0000000703200000| Complete 
|  26|0x0000000703400000, 0x0000000703600000, 0x0000000703600000|100%| O|  |TAMS 0x0000000703600000| PB 0x0000000703600000| Untracked 
|  27|0x0000000703600000, 0x0000000703800000, 0x0000000703800000|100%| O|  |TAMS 0x0000000703800000| PB 0x0000000703800000| Updating 
|  28|0x0000000703800000, 0x0000000703a00000, 0x0000000703a00000|100%| O|  |TAMS 0x0000000703a00000| PB 0x0000000703a00000| Updating 
|  29|0x0000000703a00000, 0x0000000703c00000, 0x0000000703c00000|100%| O|  |TAMS 0x0000000703c00000| PB 0x0000000703c00000| Untracked 
|  30|0x0000000703c00000, 0x0000000703e00000, 0x0000000703e00000|100%|HS|  |TAMS 0x0000000703e00000| PB 0x0000000703c00000| Complete 
|  31|0x0000000703e00000, 0x0000000704000000, 0x0000000704000000|100%|HC|  |TAMS 0x0000000704000000| PB 0x0000000703e00000| Complete 
|  32|0x0000000704000000, 0x0000000704200000, 0x0000000704200000|100%| O|  |TAMS 0x0000000704200000| PB 0x0000000704200000| Untracked 
|  33|0x0000000704200000, 0x0000000704400000, 0x0000000704400000|100%| O|  |TAMS 0x0000000704400000| PB 0x0000000704400000| Updating 
|  34|0x0000000704400000, 0x0000000704600000, 0x0000000704600000|100%| O|  |TAMS 0x0000000704600000| PB 0x0000000704600000| Untracked 
|  35|0x0000000704600000, 0x0000000704800000, 0x0000000704800000|100%| O|  |TAMS 0x0000000704800000| PB 0x0000000704800000| Untracked 
|  36|0x0000000704800000, 0x0000000704a00000, 0x0000000704a00000|100%| O|  |TAMS 0x0000000704a00000| PB 0x0000000704a00000| Untracked 
|  37|0x0000000704a00000, 0x0000000704c00000, 0x0000000704c00000|100%|HS|  |TAMS 0x0000000704c00000| PB 0x0000000704a00000| Complete 
|  38|0x0000000704c00000, 0x0000000704e00000, 0x0000000704e00000|100%| O|  |TAMS 0x0000000704e00000| PB 0x0000000704e00000| Untracked 
|  39|0x0000000704e00000, 0x0000000705000000, 0x0000000705000000|100%| O|  |TAMS 0x0000000705000000| PB 0x0000000705000000| Updating 
|  40|0x0000000705000000, 0x0000000705200000, 0x0000000705200000|100%| O|  |TAMS 0x0000000705200000| PB 0x0000000705200000| Untracked 
|  41|0x0000000705200000, 0x0000000705400000, 0x0000000705400000|100%| O|  |TAMS 0x0000000705400000| PB 0x0000000705400000| Updating 
|  42|0x0000000705400000, 0x0000000705600000, 0x0000000705600000|100%| O|  |TAMS 0x0000000705600000| PB 0x0000000705600000| Untracked 
|  43|0x0000000705600000, 0x0000000705800000, 0x0000000705800000|100%| O|  |TAMS 0x0000000705800000| PB 0x0000000705800000| Updating 
|  44|0x0000000705800000, 0x0000000705a00000, 0x0000000705a00000|100%| O|  |TAMS 0x0000000705a00000| PB 0x0000000705a00000| Updating 
|  45|0x0000000705a00000, 0x0000000705c00000, 0x0000000705c00000|100%| O|  |TAMS 0x0000000705c00000| PB 0x0000000705c00000| Updating 
|  46|0x0000000705c00000, 0x0000000705e00000, 0x0000000705e00000|100%| O|  |TAMS 0x0000000705e00000| PB 0x0000000705e00000| Updating 
|  47|0x0000000705e00000, 0x0000000706000000, 0x0000000706000000|100%|HS|  |TAMS 0x0000000706000000| PB 0x0000000705e00000| Complete 
|  48|0x0000000706000000, 0x0000000706200000, 0x0000000706200000|100%|HC|  |TAMS 0x0000000706200000| PB 0x0000000706000000| Complete 
|  49|0x0000000706200000, 0x0000000706400000, 0x0000000706400000|100%| O|  |TAMS 0x0000000706400000| PB 0x0000000706400000| Untracked 
|  50|0x0000000706400000, 0x0000000706600000, 0x0000000706600000|100%| O|  |TAMS 0x0000000706600000| PB 0x0000000706600000| Untracked 
|  51|0x0000000706600000, 0x0000000706800000, 0x0000000706800000|100%| O|  |TAMS 0x0000000706800000| PB 0x0000000706800000| Updating 
|  52|0x0000000706800000, 0x0000000706a00000, 0x0000000706a00000|100%| O|  |TAMS 0x0000000706a00000| PB 0x0000000706a00000| Untracked 
|  53|0x0000000706a00000, 0x0000000706c00000, 0x0000000706c00000|100%| O|  |TAMS 0x0000000706c00000| PB 0x0000000706c00000| Untracked 
|  54|0x0000000706c00000, 0x0000000706e00000, 0x0000000706e00000|100%| O|  |TAMS 0x0000000706e00000| PB 0x0000000706e00000| Untracked 
|  55|0x0000000706e00000, 0x0000000707000000, 0x0000000707000000|100%| O|  |TAMS 0x0000000707000000| PB 0x0000000707000000| Untracked 
|  56|0x0000000707000000, 0x0000000707200000, 0x0000000707200000|100%| O|  |TAMS 0x0000000707200000| PB 0x0000000707200000| Untracked 
|  57|0x0000000707200000, 0x0000000707400000, 0x0000000707400000|100%| O|  |TAMS 0x0000000707400000| PB 0x0000000707400000| Untracked 
|  58|0x0000000707400000, 0x0000000707600000, 0x0000000707600000|100%| O|  |TAMS 0x0000000707600000| PB 0x0000000707600000| Updating 
|  59|0x0000000707600000, 0x0000000707800000, 0x0000000707800000|100%| O|  |TAMS 0x0000000707800000| PB 0x0000000707800000| Untracked 
|  60|0x0000000707800000, 0x0000000707a00000, 0x0000000707a00000|100%| O|  |TAMS 0x0000000707a00000| PB 0x0000000707a00000| Untracked 
|  61|0x0000000707a00000, 0x0000000707c00000, 0x0000000707c00000|100%| O|  |TAMS 0x0000000707c00000| PB 0x0000000707c00000| Untracked 
|  62|0x0000000707c00000, 0x0000000707e00000, 0x0000000707e00000|100%| O|  |TAMS 0x0000000707e00000| PB 0x0000000707e00000| Untracked 
|  63|0x0000000707e00000, 0x0000000708000000, 0x0000000708000000|100%| O|  |TAMS 0x0000000708000000| PB 0x0000000708000000| Untracked 
|  64|0x0000000708000000, 0x0000000708200000, 0x0000000708200000|100%| O|  |TAMS 0x0000000708200000| PB 0x0000000708200000| Untracked 
|  65|0x0000000708200000, 0x0000000708400000, 0x0000000708400000|100%| O|  |TAMS 0x0000000708400000| PB 0x0000000708400000| Untracked 
|  66|0x0000000708400000, 0x0000000708600000, 0x0000000708600000|100%| O|  |TAMS 0x0000000708600000| PB 0x0000000708600000| Untracked 
|  67|0x0000000708600000, 0x0000000708800000, 0x0000000708800000|100%| O|  |TAMS 0x0000000708800000| PB 0x0000000708800000| Updating 
|  68|0x0000000708800000, 0x0000000708a00000, 0x0000000708a00000|100%| O|  |TAMS 0x0000000708a00000| PB 0x0000000708a00000| Untracked 
|  69|0x0000000708a00000, 0x0000000708c00000, 0x0000000708c00000|100%| O|  |TAMS 0x0000000708c00000| PB 0x0000000708c00000| Untracked 
|  70|0x0000000708c00000, 0x0000000708e00000, 0x0000000708e00000|100%| O|  |TAMS 0x0000000708e00000| PB 0x0000000708e00000| Untracked 
|  71|0x0000000708e00000, 0x0000000709000000, 0x0000000709000000|100%| O|  |TAMS 0x0000000709000000| PB 0x0000000709000000| Untracked 
|  72|0x0000000709000000, 0x0000000709200000, 0x0000000709200000|100%| O|  |TAMS 0x0000000709200000| PB 0x0000000709200000| Updating 
|  73|0x0000000709200000, 0x0000000709400000, 0x0000000709400000|100%| O|  |TAMS 0x0000000709400000| PB 0x0000000709400000| Updating 
|  74|0x0000000709400000, 0x0000000709600000, 0x0000000709600000|100%| O|  |TAMS 0x0000000709600000| PB 0x0000000709600000| Untracked 
|  75|0x0000000709600000, 0x0000000709800000, 0x0000000709800000|100%| O|  |TAMS 0x0000000709800000| PB 0x0000000709800000| Untracked 
|  76|0x0000000709800000, 0x0000000709a00000, 0x0000000709a00000|100%| O|  |TAMS 0x0000000709a00000| PB 0x0000000709a00000| Updating 
|  77|0x0000000709a00000, 0x0000000709c00000, 0x0000000709c00000|100%| O|  |TAMS 0x0000000709c00000| PB 0x0000000709c00000| Untracked 
|  78|0x0000000709c00000, 0x0000000709e00000, 0x0000000709e00000|100%| O|  |TAMS 0x0000000709e00000| PB 0x0000000709e00000| Untracked 
|  79|0x0000000709e00000, 0x000000070a000000, 0x000000070a000000|100%| O|  |TAMS 0x000000070a000000| PB 0x000000070a000000| Untracked 
|  80|0x000000070a000000, 0x000000070a200000, 0x000000070a200000|100%| O|  |TAMS 0x000000070a200000| PB 0x000000070a200000| Untracked 
|  81|0x000000070a200000, 0x000000070a200000, 0x000000070a400000|  0%| F|  |TAMS 0x000000070a200000| PB 0x000000070a200000| Untracked 
|  82|0x000000070a400000, 0x000000070a400000, 0x000000070a600000|  0%| F|  |TAMS 0x000000070a400000| PB 0x000000070a400000| Untracked 
|  83|0x000000070a600000, 0x000000070a600000, 0x000000070a800000|  0%| F|  |TAMS 0x000000070a600000| PB 0x000000070a600000| Untracked 
|  84|0x000000070a800000, 0x000000070a800000, 0x000000070aa00000|  0%| F|  |TAMS 0x000000070a800000| PB 0x000000070a800000| Untracked 
|  85|0x000000070aa00000, 0x000000070aa00000, 0x000000070ac00000|  0%| F|  |TAMS 0x000000070aa00000| PB 0x000000070aa00000| Untracked 
|  86|0x000000070ac00000, 0x000000070ac00000, 0x000000070ae00000|  0%| F|  |TAMS 0x000000070ac00000| PB 0x000000070ac00000| Untracked 
|  87|0x000000070ae00000, 0x000000070b000000, 0x000000070b000000|100%| S|CS|TAMS 0x000000070ae00000| PB 0x000000070ae00000| Complete 
|  88|0x000000070b000000, 0x000000070b200000, 0x000000070b200000|100%| S|CS|TAMS 0x000000070b000000| PB 0x000000070b000000| Complete 
|  89|0x000000070b200000, 0x000000070b400000, 0x000000070b400000|100%| O|  |TAMS 0x000000070b400000| PB 0x000000070b400000| Updating 
|  90|0x000000070b400000, 0x000000070b566718, 0x000000070b600000| 70%| O|  |TAMS 0x000000070b4ba068| PB 0x000000070b4ba068| Updating 
|  91|0x000000070b600000, 0x000000070b800000, 0x000000070b800000|100%| S|CS|TAMS 0x000000070b600000| PB 0x000000070b600000| Complete 
|  92|0x000000070b800000, 0x000000070ba00000, 0x000000070ba00000|100%| S|CS|TAMS 0x000000070b800000| PB 0x000000070b800000| Complete 
|  93|0x000000070ba00000, 0x000000070bc00000, 0x000000070bc00000|100%| S|CS|TAMS 0x000000070ba00000| PB 0x000000070ba00000| Complete 
|  94|0x000000070bc00000, 0x000000070be00000, 0x000000070be00000|100%| S|CS|TAMS 0x000000070bc00000| PB 0x000000070bc00000| Complete 
|  95|0x000000070be00000, 0x000000070be00000, 0x000000070c000000|  0%| F|  |TAMS 0x000000070be00000| PB 0x000000070be00000| Untracked 
|  96|0x000000070c000000, 0x000000070c000000, 0x000000070c200000|  0%| F|  |TAMS 0x000000070c000000| PB 0x000000070c000000| Untracked 
|  97|0x000000070c200000, 0x000000070c200000, 0x000000070c400000|  0%| F|  |TAMS 0x000000070c200000| PB 0x000000070c200000| Untracked 
|  98|0x000000070c400000, 0x000000070c600000, 0x000000070c600000|100%| S|CS|TAMS 0x000000070c400000| PB 0x000000070c400000| Complete 
|  99|0x000000070c600000, 0x000000070c600000, 0x000000070c800000|  0%| F|  |TAMS 0x000000070c600000| PB 0x000000070c600000| Untracked 
| 100|0x000000070c800000, 0x000000070c800000, 0x000000070ca00000|  0%| F|  |TAMS 0x000000070c800000| PB 0x000000070c800000| Untracked 
| 101|0x000000070ca00000, 0x000000070ca00000, 0x000000070cc00000|  0%| F|  |TAMS 0x000000070ca00000| PB 0x000000070ca00000| Untracked 
| 102|0x000000070cc00000, 0x000000070cc00000, 0x000000070ce00000|  0%| F|  |TAMS 0x000000070cc00000| PB 0x000000070cc00000| Untracked 
| 103|0x000000070ce00000, 0x000000070ce00000, 0x000000070d000000|  0%| F|  |TAMS 0x000000070ce00000| PB 0x000000070ce00000| Untracked 
| 104|0x000000070d000000, 0x000000070d000000, 0x000000070d200000|  0%| F|  |TAMS 0x000000070d000000| PB 0x000000070d000000| Untracked 
| 105|0x000000070d200000, 0x000000070d200000, 0x000000070d400000|  0%| F|  |TAMS 0x000000070d200000| PB 0x000000070d200000| Untracked 
| 106|0x000000070d400000, 0x000000070d400000, 0x000000070d600000|  0%| F|  |TAMS 0x000000070d400000| PB 0x000000070d400000| Untracked 
| 107|0x000000070d600000, 0x000000070d600000, 0x000000070d800000|  0%| F|  |TAMS 0x000000070d600000| PB 0x000000070d600000| Untracked 
| 108|0x000000070d800000, 0x000000070d800000, 0x000000070da00000|  0%| F|  |TAMS 0x000000070d800000| PB 0x000000070d800000| Untracked 
| 109|0x000000070da00000, 0x000000070da00000, 0x000000070dc00000|  0%| F|  |TAMS 0x000000070da00000| PB 0x000000070da00000| Untracked 
| 110|0x000000070dc00000, 0x000000070dc00000, 0x000000070de00000|  0%| F|  |TAMS 0x000000070dc00000| PB 0x000000070dc00000| Untracked 
| 111|0x000000070de00000, 0x000000070de00000, 0x000000070e000000|  0%| F|  |TAMS 0x000000070de00000| PB 0x000000070de00000| Untracked 
| 112|0x000000070e000000, 0x000000070e000000, 0x000000070e200000|  0%| F|  |TAMS 0x000000070e000000| PB 0x000000070e000000| Untracked 
| 113|0x000000070e200000, 0x000000070e200000, 0x000000070e400000|  0%| F|  |TAMS 0x000000070e200000| PB 0x000000070e200000| Untracked 
| 114|0x000000070e400000, 0x000000070e400000, 0x000000070e600000|  0%| F|  |TAMS 0x000000070e400000| PB 0x000000070e400000| Untracked 
| 115|0x000000070e600000, 0x000000070e600000, 0x000000070e800000|  0%| F|  |TAMS 0x000000070e600000| PB 0x000000070e600000| Untracked 
| 116|0x000000070e800000, 0x000000070e800000, 0x000000070ea00000|  0%| F|  |TAMS 0x000000070e800000| PB 0x000000070e800000| Untracked 
| 117|0x000000070ea00000, 0x000000070ea00000, 0x000000070ec00000|  0%| F|  |TAMS 0x000000070ea00000| PB 0x000000070ea00000| Untracked 
| 118|0x000000070ec00000, 0x000000070ec00000, 0x000000070ee00000|  0%| F|  |TAMS 0x000000070ec00000| PB 0x000000070ec00000| Untracked 
| 119|0x000000070ee00000, 0x000000070ee00000, 0x000000070f000000|  0%| F|  |TAMS 0x000000070ee00000| PB 0x000000070ee00000| Untracked 
| 120|0x000000070f000000, 0x000000070f000000, 0x000000070f200000|  0%| F|  |TAMS 0x000000070f000000| PB 0x000000070f000000| Untracked 
| 121|0x000000070f200000, 0x000000070f200000, 0x000000070f400000|  0%| F|  |TAMS 0x000000070f200000| PB 0x000000070f200000| Untracked 
| 122|0x000000070f400000, 0x000000070f400000, 0x000000070f600000|  0%| F|  |TAMS 0x000000070f400000| PB 0x000000070f400000| Untracked 
| 123|0x000000070f600000, 0x000000070f600000, 0x000000070f800000|  0%| F|  |TAMS 0x000000070f600000| PB 0x000000070f600000| Untracked 
| 124|0x000000070f800000, 0x000000070f800000, 0x000000070fa00000|  0%| F|  |TAMS 0x000000070f800000| PB 0x000000070f800000| Untracked 
| 125|0x000000070fa00000, 0x000000070fa00000, 0x000000070fc00000|  0%| F|  |TAMS 0x000000070fa00000| PB 0x000000070fa00000| Untracked 
| 126|0x000000070fc00000, 0x000000070fc00000, 0x000000070fe00000|  0%| F|  |TAMS 0x000000070fc00000| PB 0x000000070fc00000| Untracked 
| 127|0x000000070fe00000, 0x000000070fe00000, 0x0000000710000000|  0%| F|  |TAMS 0x000000070fe00000| PB 0x000000070fe00000| Untracked 
| 128|0x0000000710000000, 0x0000000710000000, 0x0000000710200000|  0%| F|  |TAMS 0x0000000710000000| PB 0x0000000710000000| Untracked 
| 129|0x0000000710200000, 0x0000000710200000, 0x0000000710400000|  0%| F|  |TAMS 0x0000000710200000| PB 0x0000000710200000| Untracked 
| 130|0x0000000710400000, 0x0000000710400000, 0x0000000710600000|  0%| F|  |TAMS 0x0000000710400000| PB 0x0000000710400000| Untracked 
| 131|0x0000000710600000, 0x0000000710600000, 0x0000000710800000|  0%| F|  |TAMS 0x0000000710600000| PB 0x0000000710600000| Untracked 
| 132|0x0000000710800000, 0x0000000710800000, 0x0000000710a00000|  0%| F|  |TAMS 0x0000000710800000| PB 0x0000000710800000| Untracked 
| 133|0x0000000710a00000, 0x0000000710a00000, 0x0000000710c00000|  0%| F|  |TAMS 0x0000000710a00000| PB 0x0000000710a00000| Untracked 
| 134|0x0000000710c00000, 0x0000000710c33538, 0x0000000710e00000| 10%| E|  |TAMS 0x0000000710c00000| PB 0x0000000710c00000| Complete 
| 135|0x0000000710e00000, 0x0000000711000000, 0x0000000711000000|100%| E|CS|TAMS 0x0000000710e00000| PB 0x0000000710e00000| Complete 
| 136|0x0000000711000000, 0x0000000711200000, 0x0000000711200000|100%| E|CS|TAMS 0x0000000711000000| PB 0x0000000711000000| Complete 
| 137|0x0000000711200000, 0x0000000711400000, 0x0000000711400000|100%| E|CS|TAMS 0x0000000711200000| PB 0x0000000711200000| Complete 
| 138|0x0000000711400000, 0x0000000711600000, 0x0000000711600000|100%| E|CS|TAMS 0x0000000711400000| PB 0x0000000711400000| Complete 
| 139|0x0000000711600000, 0x0000000711800000, 0x0000000711800000|100%| E|CS|TAMS 0x0000000711600000| PB 0x0000000711600000| Complete 
| 140|0x0000000711800000, 0x0000000711a00000, 0x0000000711a00000|100%| E|CS|TAMS 0x0000000711800000| PB 0x0000000711800000| Complete 
| 141|0x0000000711a00000, 0x0000000711c00000, 0x0000000711c00000|100%| E|CS|TAMS 0x0000000711a00000| PB 0x0000000711a00000| Complete 
| 142|0x0000000711c00000, 0x0000000711e00000, 0x0000000711e00000|100%| E|CS|TAMS 0x0000000711c00000| PB 0x0000000711c00000| Complete 
| 143|0x0000000711e00000, 0x0000000712000000, 0x0000000712000000|100%| E|CS|TAMS 0x0000000711e00000| PB 0x0000000711e00000| Complete 
| 144|0x0000000712000000, 0x0000000712200000, 0x0000000712200000|100%| E|CS|TAMS 0x0000000712000000| PB 0x0000000712000000| Complete 
| 145|0x0000000712200000, 0x0000000712400000, 0x0000000712400000|100%| E|CS|TAMS 0x0000000712200000| PB 0x0000000712200000| Complete 
| 146|0x0000000712400000, 0x0000000712600000, 0x0000000712600000|100%| E|CS|TAMS 0x0000000712400000| PB 0x0000000712400000| Complete 
| 147|0x0000000712600000, 0x0000000712800000, 0x0000000712800000|100%| E|CS|TAMS 0x0000000712600000| PB 0x0000000712600000| Complete 
| 148|0x0000000712800000, 0x0000000712a00000, 0x0000000712a00000|100%| E|CS|TAMS 0x0000000712800000| PB 0x0000000712800000| Complete 
| 149|0x0000000712a00000, 0x0000000712c00000, 0x0000000712c00000|100%| E|CS|TAMS 0x0000000712a00000| PB 0x0000000712a00000| Complete 

Card table byte_map: [0x000001edff650000,0x000001edffe50000] _byte_map_base: 0x000001edfbe50000

Marking Bits: (CMBitMap*) 0x000001ede76eabf0
 Bits: [0x000001ed80000000, 0x000001ed84000000)

Polling page: 0x000001ede5570000

Metaspace:

Usage:
  Non-class:     94.82 MB used.
      Class:     15.30 MB used.
       Both:    110.13 MB used.

Virtual space:
  Non-class space:      128.00 MB reserved,      96.19 MB ( 75%) committed,  2 nodes.
      Class space:      832.00 MB reserved,      16.69 MB (  2%) committed,  1 nodes.
             Both:      960.00 MB reserved,     112.88 MB ( 12%) committed. 

Chunk freelists:
   Non-Class:  15.38 MB
       Class:  15.21 MB
        Both:  30.59 MB

MaxMetaspaceSize: 1.00 GB
CompressedClassSpaceSize: 832.00 MB
Initial GC threshold: 21.00 MB
Current GC threshold: 185.44 MB
CDS: on
 - commit_granule_bytes: 65536.
 - commit_granule_words: 8192.
 - virtual_space_node_default_size: 8388608.
 - enlarge_chunks_in_place: 1.
 - use_allocation_guard: 0.


Internal statistics:

num_allocs_failed_limit: 6.
num_arena_births: 4722.
num_arena_deaths: 0.
num_vsnodes_births: 3.
num_vsnodes_deaths: 0.
num_space_committed: 1806.
num_space_uncommitted: 0.
num_chunks_returned_to_freelist: 6.
num_chunks_taken_from_freelist: 10215.
num_chunk_merges: 6.
num_chunk_splits: 6578.
num_chunks_enlarged: 4009.
num_inconsistent_stats: 0.

CodeHeap 'non-profiled nmethods': size=120000Kb used=9664Kb max_used=9788Kb free=110335Kb
 bounds [0x000001edf75e0000, 0x000001edf7f70000, 0x000001edfeb10000]
CodeHeap 'profiled nmethods': size=120000Kb used=26036Kb max_used=26822Kb free=93964Kb
 bounds [0x000001edefb10000, 0x000001edf1550000, 0x000001edf7040000]
CodeHeap 'non-nmethods': size=5760Kb used=3233Kb max_used=3310Kb free=2526Kb
 bounds [0x000001edf7040000, 0x000001edf7390000, 0x000001edf75e0000]
 total_blobs=14531 nmethods=13507 adapters=926
 compilation: enabled
              stopped_count=0, restarted_count=0
 full_count=0

Compilation events (20 events):
Event: 38.617 Thread 0x000001edcd4f3e50 nmethod 16243 0x000001edf7f60190 code [0x000001edf7f60360, 0x000001edf7f606d0]
Event: 38.623 Thread 0x000001edcd4f3e50 16244       4       org.gradle.internal.execution.steps.AssignImmutableWorkspaceStep$$Lambda/0x000001ed884a8ac8::apply (12 bytes)
Event: 38.625 Thread 0x000001edcd4f3e50 nmethod 16244 0x000001edf7f60a10 code [0x000001edf7f60bc0, 0x000001edf7f60df8]
Event: 38.626 Thread 0x000001ed8694e7f0 16245       4       com.google.common.collect.CollectCollectors$$Lambda/0x000001ed884a8210::accept (17 bytes)
Event: 38.626 Thread 0x000001edcd4f3e50 16246       4       org.gradle.internal.execution.steps.AssignImmutableWorkspaceStep$$Lambda/0x000001ed884a4c60::apply (10 bytes)
Event: 38.627 Thread 0x000001edcd4f3e50 nmethod 16246 0x000001edf7f61010 code [0x000001edf7f611a0, 0x000001edf7f61268]
Event: 38.627 Thread 0x000001edcd4f3e50 16247       4       org.gradle.internal.snapshot.AbstractFileSystemLocationSnapshot::roots (5 bytes)
Event: 38.628 Thread 0x000001ed8694e7f0 nmethod 16245 0x000001edf7f61310 code [0x000001edf7f614e0, 0x000001edf7f616f0]
Event: 38.629 Thread 0x000001edcd4f3e50 nmethod 16247 0x000001edf7f61910 code [0x000001edf7f61aa0, 0x000001edf7f61c58]
Event: 38.663 Thread 0x000001edcd4f3e50 16248       4       org.gradle.internal.execution.impl.DefaultFileNormalizationSpec::from (11 bytes)
Event: 38.664 Thread 0x000001edcd4f3e50 nmethod 16248 0x000001edf7f61d90 code [0x000001edf7f61f20, 0x000001edf7f62018]
Event: 38.666 Thread 0x000001edcd4f07d0 nmethod 16235 0x000001edf7f62110 code [0x000001edf7f62820, 0x000001edf7f68178]
Event: 38.678 Thread 0x000001edcd4f3e50 16249       4       org.gradle.internal.fingerprint.impl.DefaultCurrentFileCollectionFingerprint::from (96 bytes)
Event: 38.690 Thread 0x000001edcd4f07d0 16250       4       org.gradle.api.internal.artifacts.transform.DefaultTransformInvocationFactory$$Lambda/0x000001ed887bc8d8::apply (16 bytes)
Event: 38.690 Thread 0x000001ed8694e7f0 16251       4       org.gradle.api.internal.artifacts.transform.DefaultTransformInvocationFactory$$Lambda/0x000001ed887bf538::apply (12 bytes)
Event: 38.692 Thread 0x000001edcd4f3e50 nmethod 16249 0x000001edf7f6bf90 code [0x000001edf7f6c1e0, 0x000001edf7f6cb18]
Event: 38.705 Thread 0x000001edcd4f3e50 16252       4       org.gradle.internal.execution.impl.DefaultInputFingerprinter$InputCollectingVisitor::<init> (65 bytes)
Event: 38.706 Thread 0x000001ed8694e7f0 nmethod 16251 0x000001edf7f6d090 code [0x000001edf7f6d2a0, 0x000001edf7f6dc10]
Event: 38.707 Thread 0x000001ed8694e7f0 16253       4       org.gradle.internal.execution.impl.DefaultInputFingerprinter$InputCollectingVisitor::complete (37 bytes)
Event: 38.710 Thread 0x000001edcd4f07d0 nmethod 16250 0x000001edf7f6e090 code [0x000001edf7f6e2a0, 0x000001edf7f6ec78]

GC Heap History (20 events):
Event: 31.104 GC heap before
{Heap before GC invocations=44 (full 0):
 garbage-first heap   total 219136K, used 195704K [0x0000000700000000, 0x0000000800000000)
  region size 2048K, 38 young (77824K), 2 survivors (4096K)
 Metaspace       used 98535K, committed 101056K, reserved 983040K
  class space    used 13608K, committed 14912K, reserved 851968K
}
Event: 31.111 GC heap after
{Heap after GC invocations=45 (full 0):
 garbage-first heap   total 219136K, used 125079K [0x0000000700000000, 0x0000000800000000)
  region size 2048K, 4 young (8192K), 4 survivors (8192K)
 Metaspace       used 98535K, committed 101056K, reserved 983040K
  class space    used 13608K, committed 14912K, reserved 851968K
}
Event: 31.837 GC heap before
{Heap before GC invocations=45 (full 0):
 garbage-first heap   total 219136K, used 194711K [0x0000000700000000, 0x0000000800000000)
  region size 2048K, 39 young (79872K), 4 survivors (8192K)
 Metaspace       used 102986K, committed 105600K, reserved 983040K
  class space    used 14321K, committed 15616K, reserved 851968K
}
Event: 31.842 GC heap after
{Heap after GC invocations=46 (full 0):
 garbage-first heap   total 219136K, used 127336K [0x0000000700000000, 0x0000000800000000)
  region size 2048K, 4 young (8192K), 4 survivors (8192K)
 Metaspace       used 102986K, committed 105600K, reserved 983040K
  class space    used 14321K, committed 15616K, reserved 851968K
}
Event: 32.700 GC heap before
{Heap before GC invocations=47 (full 0):
 garbage-first heap   total 233472K, used 194920K [0x0000000700000000, 0x0000000800000000)
  region size 2048K, 37 young (75776K), 4 survivors (8192K)
 Metaspace       used 106488K, committed 109120K, reserved 983040K
  class space    used 14836K, committed 16128K, reserved 851968K
}
Event: 32.707 GC heap after
{Heap after GC invocations=48 (full 0):
 garbage-first heap   total 233472K, used 129744K [0x0000000700000000, 0x0000000800000000)
  region size 2048K, 3 young (6144K), 3 survivors (6144K)
 Metaspace       used 106488K, committed 109120K, reserved 983040K
  class space    used 14836K, committed 16128K, reserved 851968K
}
Event: 33.356 GC heap before
{Heap before GC invocations=48 (full 0):
 garbage-first heap   total 233472K, used 211664K [0x0000000700000000, 0x0000000800000000)
  region size 2048K, 43 young (88064K), 3 survivors (6144K)
 Metaspace       used 108465K, committed 111168K, reserved 983040K
  class space    used 15099K, committed 16448K, reserved 851968K
}
Event: 33.367 GC heap after
{Heap after GC invocations=49 (full 0):
 garbage-first heap   total 233472K, used 133674K [0x0000000700000000, 0x0000000800000000)
  region size 2048K, 5 young (10240K), 5 survivors (10240K)
 Metaspace       used 108465K, committed 111168K, reserved 983040K
  class space    used 15099K, committed 16448K, reserved 851968K
}
Event: 34.113 GC heap before
{Heap before GC invocations=49 (full 0):
 garbage-first heap   total 233472K, used 205354K [0x0000000700000000, 0x0000000800000000)
  region size 2048K, 41 young (83968K), 5 survivors (10240K)
 Metaspace       used 111037K, committed 113728K, reserved 983040K
  class space    used 15445K, committed 16768K, reserved 851968K
}
Event: 34.123 GC heap after
{Heap after GC invocations=50 (full 0):
 garbage-first heap   total 233472K, used 140757K [0x0000000700000000, 0x0000000800000000)
  region size 2048K, 6 young (12288K), 6 survivors (12288K)
 Metaspace       used 111037K, committed 113728K, reserved 983040K
  class space    used 15445K, committed 16768K, reserved 851968K
}
Event: 34.761 GC heap before
{Heap before GC invocations=51 (full 0):
 garbage-first heap   total 256000K, used 206293K [0x0000000700000000, 0x0000000800000000)
  region size 2048K, 38 young (77824K), 6 survivors (12288K)
 Metaspace       used 111432K, committed 114176K, reserved 983040K
  class space    used 15495K, committed 16832K, reserved 851968K
}
Event: 34.774 GC heap after
{Heap after GC invocations=52 (full 0):
 garbage-first heap   total 256000K, used 146967K [0x0000000700000000, 0x0000000800000000)
  region size 2048K, 4 young (8192K), 4 survivors (8192K)
 Metaspace       used 111432K, committed 114176K, reserved 983040K
  class space    used 15495K, committed 16832K, reserved 851968K
}
Event: 35.252 GC heap before
{Heap before GC invocations=52 (full 0):
 garbage-first heap   total 256000K, used 228887K [0x0000000700000000, 0x0000000800000000)
  region size 2048K, 45 young (92160K), 4 survivors (8192K)
 Metaspace       used 111473K, committed 114176K, reserved 983040K
  class space    used 15499K, committed 16832K, reserved 851968K
}
Event: 35.261 GC heap after
{Heap after GC invocations=53 (full 0):
 garbage-first heap   total 307200K, used 148149K [0x0000000700000000, 0x0000000800000000)
  region size 2048K, 3 young (6144K), 3 survivors (6144K)
 Metaspace       used 111473K, committed 114176K, reserved 983040K
  class space    used 15499K, committed 16832K, reserved 851968K
}
Event: 36.852 GC heap before
{Heap before GC invocations=53 (full 0):
 garbage-first heap   total 307200K, used 273077K [0x0000000700000000, 0x0000000800000000)
  region size 2048K, 64 young (131072K), 3 survivors (6144K)
 Metaspace       used 112501K, committed 115328K, reserved 983040K
  class space    used 15648K, committed 17088K, reserved 851968K
}
Event: 36.863 GC heap after
{Heap after GC invocations=54 (full 0):
 garbage-first heap   total 307200K, used 167341K [0x0000000700000000, 0x0000000800000000)
  region size 2048K, 8 young (16384K), 8 survivors (16384K)
 Metaspace       used 112501K, committed 115328K, reserved 983040K
  class space    used 15648K, committed 17088K, reserved 851968K
}
Event: 37.552 GC heap before
{Heap before GC invocations=54 (full 0):
 garbage-first heap   total 307200K, used 273837K [0x0000000700000000, 0x0000000800000000)
  region size 2048K, 60 young (122880K), 8 survivors (16384K)
 Metaspace       used 112528K, committed 115392K, reserved 983040K
  class space    used 15650K, committed 17088K, reserved 851968K
}
Event: 37.565 GC heap after
{Heap after GC invocations=55 (full 0):
 garbage-first heap   total 307200K, used 173891K [0x0000000700000000, 0x0000000800000000)
  region size 2048K, 3 young (6144K), 3 survivors (6144K)
 Metaspace       used 112528K, committed 115392K, reserved 983040K
  class space    used 15650K, committed 17088K, reserved 851968K
}
Event: 38.480 GC heap before
{Heap before GC invocations=55 (full 0):
 garbage-first heap   total 307200K, used 276291K [0x0000000700000000, 0x0000000800000000)
  region size 2048K, 54 young (110592K), 3 survivors (6144K)
 Metaspace       used 112768K, committed 115584K, reserved 983040K
  class space    used 15668K, committed 17088K, reserved 851968K
}
Event: 38.489 GC heap after
{Heap after GC invocations=56 (full 0):
 garbage-first heap   total 307200K, used 183705K [0x0000000700000000, 0x0000000800000000)
  region size 2048K, 7 young (14336K), 7 survivors (14336K)
 Metaspace       used 112768K, committed 115584K, reserved 983040K
  class space    used 15668K, committed 17088K, reserved 851968K
}

Dll operation events (15 events):
Event: 0.018 Loaded shared library C:\Program Files\Java\jdk-21\bin\java.dll
Event: 0.069 Loaded shared library C:\Program Files\Java\jdk-21\bin\jsvml.dll
Event: 0.137 Loaded shared library C:\Program Files\Java\jdk-21\bin\zip.dll
Event: 0.142 Loaded shared library C:\Program Files\Java\jdk-21\bin\instrument.dll
Event: 0.150 Loaded shared library C:\Program Files\Java\jdk-21\bin\net.dll
Event: 0.155 Loaded shared library C:\Program Files\Java\jdk-21\bin\nio.dll
Event: 0.158 Loaded shared library C:\Program Files\Java\jdk-21\bin\zip.dll
Event: 0.434 Loaded shared library C:\Program Files\Java\jdk-21\bin\jimage.dll
Event: 0.660 Loaded shared library C:\Program Files\Java\jdk-21\bin\verify.dll
Event: 0.815 Loaded shared library D:\Android studio data\.gradle\native\1def1411415f61bf3af743bc5b6707747c0891f09f0c88961ee8f79bc544acac\windows-amd64\native-platform.dll
Event: 0.844 Loaded shared library D:\Android studio data\.gradle\native\0.2.7\x86_64-windows-gnu\gradle-fileevents.dll
Event: 2.130 Loaded shared library C:\Program Files\Java\jdk-21\bin\management.dll
Event: 2.137 Loaded shared library C:\Program Files\Java\jdk-21\bin\management_ext.dll
Event: 2.941 Loaded shared library C:\Program Files\Java\jdk-21\bin\extnet.dll
Event: 4.068 Loaded shared library C:\Program Files\Java\jdk-21\bin\sunmscapi.dll

Deoptimization events (20 events):
Event: 37.664 Thread 0x000001edc1c1e800 Uncommon trap: trap_request=0xffffffbe fr.pc=0x000001edf7eee75c relative=0x000000000000077c
Event: 37.664 Thread 0x000001edc1c1e800 Uncommon trap: reason=profile_predicate action=maybe_recompile pc=0x000001edf7eee75c method=groovy.lang.MetaClassImpl$MethodIndexAction.iterate()V @ 78 c2
Event: 37.664 Thread 0x000001edc1c1e800 DEOPT PACKING pc=0x000001edf7eee75c sp=0x00000069b26f6350
Event: 37.664 Thread 0x000001edc1c1e800 DEOPT UNPACKING pc=0x000001edf7097da2 sp=0x00000069b26f6328 mode 2
Event: 37.671 Thread 0x000001edc1c1e800 DEOPT PACKING pc=0x000001edf121508d sp=0x00000069b26f4790
Event: 37.671 Thread 0x000001edc1c1e800 DEOPT UNPACKING pc=0x000001edf70988e2 sp=0x00000069b26f3d00 mode 0
Event: 37.682 Thread 0x000001edc1c1e800 DEOPT PACKING pc=0x000001edf121508d sp=0x00000069b26f4790
Event: 37.682 Thread 0x000001edc1c1e800 DEOPT UNPACKING pc=0x000001edf70988e2 sp=0x00000069b26f3d00 mode 0
Event: 38.021 Thread 0x000001edc1c1e800 Uncommon trap: trap_request=0xffffffbe fr.pc=0x000001edf7eee75c relative=0x000000000000077c
Event: 38.021 Thread 0x000001edc1c1e800 Uncommon trap: reason=profile_predicate action=maybe_recompile pc=0x000001edf7eee75c method=groovy.lang.MetaClassImpl$MethodIndexAction.iterate()V @ 78 c2
Event: 38.021 Thread 0x000001edc1c1e800 DEOPT PACKING pc=0x000001edf7eee75c sp=0x00000069b26f8740
Event: 38.021 Thread 0x000001edc1c1e800 DEOPT UNPACKING pc=0x000001edf7097da2 sp=0x00000069b26f8718 mode 2
Event: 38.022 Thread 0x000001edc1c1e800 Uncommon trap: trap_request=0xffffffbe fr.pc=0x000001edf7eee75c relative=0x000000000000077c
Event: 38.022 Thread 0x000001edc1c1e800 Uncommon trap: reason=profile_predicate action=maybe_recompile pc=0x000001edf7eee75c method=groovy.lang.MetaClassImpl$MethodIndexAction.iterate()V @ 78 c2
Event: 38.022 Thread 0x000001edc1c1e800 DEOPT PACKING pc=0x000001edf7eee75c sp=0x00000069b26f8740
Event: 38.022 Thread 0x000001edc1c1e800 DEOPT UNPACKING pc=0x000001edf7097da2 sp=0x00000069b26f8718 mode 2
Event: 38.230 Thread 0x000001edc1c1e800 Uncommon trap: trap_request=0xffffff45 fr.pc=0x000001edf7c13b50 relative=0x00000000000000b0
Event: 38.230 Thread 0x000001edc1c1e800 Uncommon trap: reason=unstable_if action=reinterpret pc=0x000001edf7c13b50 method=com.esotericsoftware.kryo.io.Output.writeByte(B)V @ 8 c2
Event: 38.230 Thread 0x000001edc1c1e800 DEOPT PACKING pc=0x000001edf7c13b50 sp=0x00000069b26f77b0
Event: 38.230 Thread 0x000001edc1c1e800 DEOPT UNPACKING pc=0x000001edf7097da2 sp=0x00000069b26f7738 mode 2

Classes loaded (20 events):
Event: 36.344 Loading class java/util/HashSetCustomizer
Event: 36.344 Loading class java/util/HashSetCustomizer done
Event: 36.344 Loading class java/util/HashSetCustomizer
Event: 36.344 Loading class java/util/HashSetCustomizer done
Event: 36.345 Loading class java/util/LinkedHashSetCustomizer
Event: 36.345 Loading class java/util/LinkedHashSetCustomizer done
Event: 36.346 Loading class java/util/LinkedHashSetCustomizer
Event: 36.346 Loading class java/util/LinkedHashSetCustomizer done
Event: 36.442 Loading class java/beans/ParameterDescriptor
Event: 36.443 Loading class java/beans/ParameterDescriptor done
Event: 36.476 Loading class java/io/Console
Event: 36.477 Loading class java/io/Console done
Event: 36.477 Loading class java/lang/SystemBeanInfo
Event: 36.477 Loading class java/lang/SystemBeanInfo done
Event: 36.478 Loading class java/lang/SystemBeanInfo
Event: 36.478 Loading class java/lang/SystemBeanInfo done
Event: 36.478 Loading class java/lang/SystemCustomizer
Event: 36.478 Loading class java/lang/SystemCustomizer done
Event: 36.478 Loading class java/lang/SystemCustomizer
Event: 36.478 Loading class java/lang/SystemCustomizer done

Classes unloaded (0 events):
No events

Classes redefined (0 events):
No events

Internal exceptions (20 events):
Event: 36.449 Thread 0x000001edc1c1e800 Exception <a 'java/lang/ClassNotFoundException'{0x000000070dad5a38}: com/android/build/gradle/internal/api/ApkVariantImplCustomizer> (0x000000070dad5a38) 
thrown [s\open\src\hotspot\share\classfile\systemDictionary.cpp, line 312]
Event: 36.450 Thread 0x000001edc1c1e800 Exception <a 'java/lang/ClassNotFoundException'{0x000000070daff7d8}: com/android/build/gradle/internal/api/ApplicationVariantImplCustomizer> (0x000000070daff7d8) 
thrown [s\open\src\hotspot\share\classfile\systemDictionary.cpp, line 312]
Event: 36.452 Thread 0x000001edc1c1e800 Exception <a 'java/lang/ClassNotFoundException'{0x000000070db2d5c8}: com/android/build/gradle/internal/api/ApplicationVariantImpl_DecoratedCustomizer> (0x000000070db2d5c8) 
thrown [s\open\src\hotspot\share\classfile\systemDictionary.cpp, line 312]
Event: 36.478 Thread 0x000001edc1c1e800 Exception <a 'java/lang/ClassNotFoundException'{0x000000070d8136e8}: java/lang/SystemBeanInfo> (0x000000070d8136e8) 
thrown [s\open\src\hotspot\share\classfile\systemDictionary.cpp, line 312]
Event: 36.478 Thread 0x000001edc1c1e800 Exception <a 'java/lang/ClassNotFoundException'{0x000000070d81b7c0}: java/lang/SystemCustomizer> (0x000000070d81b7c0) 
thrown [s\open\src\hotspot\share\classfile\systemDictionary.cpp, line 312]
Event: 36.509 Thread 0x000001edc1c1e800 Exception <a 'java/lang/ClassNotFoundException'{0x000000070d927968}: com/android/build/gradle/internal/api/LibraryVariantImpl_DecoratedBeanInfo> (0x000000070d927968) 
thrown [s\open\src\hotspot\share\classfile\systemDictionary.cpp, line 312]
Event: 36.510 Thread 0x000001edc1c1e800 Exception <a 'java/lang/ClassNotFoundException'{0x000000070d938890}: com/android/build/gradle/internal/api/LibraryVariantImplBeanInfo> (0x000000070d938890) 
thrown [s\open\src\hotspot\share\classfile\systemDictionary.cpp, line 312]
Event: 36.511 Thread 0x000001edc1c1e800 Exception <a 'java/lang/ClassNotFoundException'{0x000000070d9497c0}: com/android/build/gradle/internal/api/LibraryVariantImplCustomizer> (0x000000070d9497c0) 
thrown [s\open\src\hotspot\share\classfile\systemDictionary.cpp, line 312]
Event: 36.512 Thread 0x000001edc1c1e800 Exception <a 'java/lang/ClassNotFoundException'{0x000000070d973178}: com/android/build/gradle/internal/api/LibraryVariantImpl_DecoratedCustomizer> (0x000000070d973178) 
thrown [s\open\src\hotspot\share\classfile\systemDictionary.cpp, line 312]
Event: 36.563 Thread 0x000001edc1c1e800 Exception <a 'java/lang/ClassNotFoundException'{0x000000070d799940}: build_b3nugh8815lkh3kpki3y3eab4BeanInfo> (0x000000070d799940) 
thrown [s\open\src\hotspot\share\classfile\systemDictionary.cpp, line 312]
Event: 36.564 Thread 0x000001edc1c1e800 Exception <a 'java/lang/ClassNotFoundException'{0x000000070d7a0e28}: build_b3nugh8815lkh3kpki3y3eab4Customizer> (0x000000070d7a0e28) 
thrown [s\open\src\hotspot\share\classfile\systemDictionary.cpp, line 312]
Event: 36.581 Thread 0x000001edc1c1e800 Exception <a 'java/lang/ClassNotFoundException'{0x000000070d47d870}: build_b3nugh8815lkh3kpki3y3eab4$_run_closure1BeanInfo> (0x000000070d47d870) 
thrown [s\open\src\hotspot\share\classfile\systemDictionary.cpp, line 312]
Event: 36.581 Thread 0x000001edc1c1e800 Exception <a 'java/lang/ClassNotFoundException'{0x000000070d487220}: build_b3nugh8815lkh3kpki3y3eab4$_run_closure1Customizer> (0x000000070d487220) 
thrown [s\open\src\hotspot\share\classfile\systemDictionary.cpp, line 312]
Event: 37.082 Thread 0x000001edc43edae0 Implicit null exception at 0x000001edf7c58467 to 0x000001edf7c5a6c8
Event: 37.474 Thread 0x000001edc1c1e800 Exception <a 'java/lang/ClassNotFoundException'{0x000000070c701198}: build_b3nugh8815lkh3kpki3y3eab4BeanInfo> (0x000000070c701198) 
thrown [s\open\src\hotspot\share\classfile\systemDictionary.cpp, line 312]
Event: 37.475 Thread 0x000001edc1c1e800 Exception <a 'java/lang/ClassNotFoundException'{0x000000070c708360}: build_b3nugh8815lkh3kpki3y3eab4Customizer> (0x000000070c708360) 
thrown [s\open\src\hotspot\share\classfile\systemDictionary.cpp, line 312]
Event: 37.848 Thread 0x000001edc1c1e800 Exception <a 'java/lang/ClassNotFoundException'{0x0000000711ed0480}: build_b3nugh8815lkh3kpki3y3eab4$_run_closure1BeanInfo> (0x0000000711ed0480) 
thrown [s\open\src\hotspot\share\classfile\systemDictionary.cpp, line 312]
Event: 37.848 Thread 0x000001edc1c1e800 Exception <a 'java/lang/ClassNotFoundException'{0x0000000711edafa8}: build_b3nugh8815lkh3kpki3y3eab4$_run_closure1Customizer> (0x0000000711edafa8) 
thrown [s\open\src\hotspot\share\classfile\systemDictionary.cpp, line 312]
Event: 38.022 Thread 0x000001edc1c1e800 Exception <a 'java/lang/ClassNotFoundException'{0x0000000710e3fe80}: build_4x5x80z3zpv4budc2vvb7o3ojBeanInfo> (0x0000000710e3fe80) 
thrown [s\open\src\hotspot\share\classfile\systemDictionary.cpp, line 312]
Event: 38.023 Thread 0x000001edc1c1e800 Exception <a 'java/lang/ClassNotFoundException'{0x0000000710e47368}: build_4x5x80z3zpv4budc2vvb7o3ojCustomizer> (0x0000000710e47368) 
thrown [s\open\src\hotspot\share\classfile\systemDictionary.cpp, line 312]

ZGC Phase Switch (0 events):
No events

VM Operations (20 events):
Event: 34.312 Executing VM operation: G1PauseCleanup done
Event: 34.761 Executing VM operation: G1CollectForAllocation (G1 Evacuation Pause)
Event: 34.776 Executing VM operation: G1CollectForAllocation (G1 Evacuation Pause) done
Event: 35.248 Executing VM operation: HandshakeAllThreads (Deoptimize)
Event: 35.249 Executing VM operation: HandshakeAllThreads (Deoptimize) done
Event: 35.252 Executing VM operation: G1CollectForAllocation (G1 Evacuation Pause)
Event: 35.262 Executing VM operation: G1CollectForAllocation (G1 Evacuation Pause) done
Event: 36.276 Executing VM operation: Cleanup
Event: 36.276 Executing VM operation: Cleanup done
Event: 36.722 Executing VM operation: ICBufferFull
Event: 36.723 Executing VM operation: ICBufferFull done
Event: 36.852 Executing VM operation: G1CollectForAllocation (G1 Evacuation Pause)
Event: 36.863 Executing VM operation: G1CollectForAllocation (G1 Evacuation Pause) done
Event: 37.552 Executing VM operation: G1CollectForAllocation (G1 Evacuation Pause)
Event: 37.565 Executing VM operation: G1CollectForAllocation (G1 Evacuation Pause) done
Event: 38.331 Executing VM operation: ICBufferFull
Event: 38.331 Executing VM operation: ICBufferFull done
Event: 38.480 Executing VM operation: G1CollectForAllocation (G1 Evacuation Pause)
Event: 38.492 Executing VM operation: G1CollectForAllocation (G1 Evacuation Pause) done
Event: 38.710 Executing VM operation: G1PauseRemark

Events (20 events):
Event: 38.722 Thread 0x000001ed86915050 flushing nmethod 0x000001edf03fe090
Event: 38.722 Thread 0x000001ed86915050 flushing nmethod 0x000001edf0514990
Event: 38.722 Thread 0x000001ed86915050 flushing nmethod 0x000001edf05dcd10
Event: 38.722 Thread 0x000001ed86915050 flushing nmethod 0x000001edf063f010
Event: 38.722 Thread 0x000001ed86915050 flushing nmethod 0x000001edf0651f90
Event: 38.722 Thread 0x000001ed86915050 flushing nmethod 0x000001edf0720a90
Event: 38.722 Thread 0x000001ed86915050 flushing nmethod 0x000001edf0724790
Event: 38.722 Thread 0x000001ed86915050 flushing nmethod 0x000001edf073d710
Event: 38.722 Thread 0x000001ed86915050 flushing nmethod 0x000001edf075a110
Event: 38.722 Thread 0x000001ed86915050 flushing nmethod 0x000001edf087a910
Event: 38.722 Thread 0x000001ed86915050 flushing nmethod 0x000001edf087d810
Event: 38.722 Thread 0x000001ed86915050 flushing nmethod 0x000001edf08c3510
Event: 38.722 Thread 0x000001ed86915050 flushing nmethod 0x000001edf08def10
Event: 38.722 Thread 0x000001ed86915050 flushing nmethod 0x000001edf08df910
Event: 38.722 Thread 0x000001ed86915050 flushing nmethod 0x000001edf08e0110
Event: 38.722 Thread 0x000001ed86915050 flushing nmethod 0x000001edf08f8a90
Event: 38.722 Thread 0x000001ed86915050 flushing nmethod 0x000001edf0a59990
Event: 38.722 Thread 0x000001ed86915050 flushing nmethod 0x000001edf0bb2990
Event: 38.722 Thread 0x000001ed86915050 flushing nmethod 0x000001edf0c01790
Event: 38.722 Thread 0x000001ed86915050 flushing nmethod 0x000001edf0c93790


Dynamic libraries:
0x00007ff6e1020000 - 0x00007ff6e1030000 	C:\Program Files\Java\jdk-21\bin\java.exe
0x00007ffa9b5e0000 - 0x00007ffa9b847000 	C:\WINDOWS\SYSTEM32\ntdll.dll
0x00007ffa66e50000 - 0x00007ffa66e70000 	C:\Program Files\Norton\Suite\aswhook.dll
0x00007ffa9ae40000 - 0x00007ffa9af09000 	C:\WINDOWS\System32\KERNEL32.DLL
0x00007ffa980a0000 - 0x00007ffa98491000 	C:\WINDOWS\System32\KERNELBASE.dll
0x00007ffa97ec0000 - 0x00007ffa9800b000 	C:\WINDOWS\System32\ucrtbase.dll
0x00007ffa78da0000 - 0x00007ffa78db9000 	C:\Program Files\Java\jdk-21\bin\jli.dll
0x00007ffa6a9a0000 - 0x00007ffa6a9bb000 	C:\Program Files\Java\jdk-21\bin\VCRUNTIME140.dll
0x00007ffa99f10000 - 0x00007ffa99fcb000 	C:\WINDOWS\System32\ADVAPI32.dll
0x00007ffa99c10000 - 0x00007ffa99cb9000 	C:\WINDOWS\System32\msvcrt.dll
0x00007ffa99380000 - 0x00007ffa99427000 	C:\WINDOWS\System32\sechost.dll
0x00007ffa9af10000 - 0x00007ffa9b028000 	C:\WINDOWS\System32\RPCRT4.dll
0x00007ffa9a030000 - 0x00007ffa9a1f5000 	C:\WINDOWS\System32\USER32.dll
0x00007ffa98900000 - 0x00007ffa98927000 	C:\WINDOWS\System32\win32u.dll
0x00007ffa6dc50000 - 0x00007ffa6dee3000 	C:\WINDOWS\WinSxS\amd64_microsoft.windows.common-controls_6595b64144ccf1df_6.0.26100.8037_none_3e092faae333b53b\COMCTL32.dll
0x00007ffa99670000 - 0x00007ffa9969b000 	C:\WINDOWS\System32\GDI32.dll
0x00007ffa99250000 - 0x00007ffa9937b000 	C:\WINDOWS\System32\gdi32full.dll
0x00007ffa984a0000 - 0x00007ffa98543000 	C:\WINDOWS\System32\msvcp_win.dll
0x00007ffa88080000 - 0x00007ffa8808b000 	C:\WINDOWS\SYSTEM32\VERSION.dll
0x00007ffa9a590000 - 0x00007ffa9a5c1000 	C:\WINDOWS\System32\IMM32.DLL
0x00007ffa790b0000 - 0x00007ffa790bc000 	C:\Program Files\Java\jdk-21\bin\vcruntime140_1.dll
0x00007ffa62f00000 - 0x00007ffa62f8e000 	C:\Program Files\Java\jdk-21\bin\msvcp140.dll
0x00007ff9c2870000 - 0x00007ff9c358d000 	C:\Program Files\Java\jdk-21\bin\server\jvm.dll
0x00007ffa99e90000 - 0x00007ffa99f04000 	C:\WINDOWS\System32\WS2_32.dll
0x00007ffa97d20000 - 0x00007ffa97d7e000 	C:\WINDOWS\SYSTEM32\POWRPROF.dll
0x00007ffa68970000 - 0x00007ffa689a5000 	C:\WINDOWS\SYSTEM32\WINMM.dll
0x00007ffa97d00000 - 0x00007ffa97d14000 	C:\WINDOWS\SYSTEM32\UMPDC.dll
0x00007ffa96c50000 - 0x00007ffa96c6b000 	C:\WINDOWS\SYSTEM32\kernel.appcore.dll
0x00007ffa79070000 - 0x00007ffa7907a000 	C:\Program Files\Java\jdk-21\bin\jimage.dll
0x00007ffa95d00000 - 0x00007ffa95f42000 	C:\WINDOWS\SYSTEM32\DBGHELP.DLL
0x00007ffa996a0000 - 0x00007ffa99a22000 	C:\WINDOWS\System32\combase.dll
0x00007ffa99d40000 - 0x00007ffa99e17000 	C:\WINDOWS\System32\OLEAUT32.dll
0x00007ffa87da0000 - 0x00007ffa87ddb000 	C:\WINDOWS\SYSTEM32\dbgcore.DLL
0x00007ffa98930000 - 0x00007ffa989d5000 	C:\WINDOWS\System32\bcryptPrimitives.dll
0x00007ffa6a630000 - 0x00007ffa6a63f000 	C:\Program Files\Java\jdk-21\bin\instrument.dll
0x00007ffa6a8c0000 - 0x00007ffa6a8df000 	C:\Program Files\Java\jdk-21\bin\java.dll
0x00007ffa9a5d0000 - 0x00007ffa9ad2f000 	C:\WINDOWS\System32\SHELL32.dll
0x00007ffa986d0000 - 0x00007ffa9883a000 	C:\WINDOWS\System32\wintypes.dll
0x00007ffa989e0000 - 0x00007ffa99244000 	C:\WINDOWS\System32\windows.storage.dll
0x00007ffa9ad40000 - 0x00007ffa9ae37000 	C:\WINDOWS\System32\SHCORE.dll
0x00007ffa99e20000 - 0x00007ffa99e87000 	C:\WINDOWS\System32\shlwapi.dll
0x00007ffa97de0000 - 0x00007ffa97e09000 	C:\WINDOWS\SYSTEM32\profapi.dll
0x00007ffa4ac40000 - 0x00007ffa4ad17000 	C:\Program Files\Java\jdk-21\bin\jsvml.dll
0x00007ffa63ca0000 - 0x00007ffa63cb8000 	C:\Program Files\Java\jdk-21\bin\zip.dll
0x00007ffa79000000 - 0x00007ffa79010000 	C:\Program Files\Java\jdk-21\bin\net.dll
0x00007ffa90c10000 - 0x00007ffa90d37000 	C:\WINDOWS\SYSTEM32\WINHTTP.dll
0x00007ffa971c0000 - 0x00007ffa9722b000 	C:\WINDOWS\system32\mswsock.dll
0x00007ffa65f30000 - 0x00007ffa65f46000 	C:\Program Files\Java\jdk-21\bin\nio.dll
0x00007ffa7a960000 - 0x00007ffa7a970000 	C:\Program Files\Java\jdk-21\bin\verify.dll
0x00007ffa63a10000 - 0x00007ffa63a37000 	D:\Android studio data\.gradle\native\1def1411415f61bf3af743bc5b6707747c0891f09f0c88961ee8f79bc544acac\windows-amd64\native-platform.dll
0x00007ffa4e1e0000 - 0x00007ffa4e258000 	D:\Android studio data\.gradle\native\0.2.7\x86_64-windows-gnu\gradle-fileevents.dll
0x00007ffa78bc0000 - 0x00007ffa78bca000 	C:\Program Files\Java\jdk-21\bin\management.dll
0x00007ffa78bb0000 - 0x00007ffa78bbb000 	C:\Program Files\Java\jdk-21\bin\management_ext.dll
0x00007ffa995d0000 - 0x00007ffa995d8000 	C:\WINDOWS\System32\PSAPI.DLL
0x00007ffa965e0000 - 0x00007ffa96613000 	C:\WINDOWS\SYSTEM32\IPHLPAPI.DLL
0x00007ffa9a580000 - 0x00007ffa9a58a000 	C:\WINDOWS\System32\NSI.dll
0x00007ffa78bd0000 - 0x00007ffa78bd9000 	C:\Program Files\Java\jdk-21\bin\extnet.dll
0x00007ffa974b0000 - 0x00007ffa974cb000 	C:\WINDOWS\SYSTEM32\CRYPTSP.dll
0x00007ffa96bb0000 - 0x00007ffa96be9000 	C:\WINDOWS\system32\rsaenh.dll
0x00007ffa97270000 - 0x00007ffa972a2000 	C:\WINDOWS\SYSTEM32\USERENV.dll
0x00007ffa97db0000 - 0x00007ffa97dda000 	C:\WINDOWS\SYSTEM32\bcrypt.dll
0x00007ffa974a0000 - 0x00007ffa974ac000 	C:\WINDOWS\SYSTEM32\CRYPTBASE.dll
0x00007ffa78d70000 - 0x00007ffa78d7e000 	C:\Program Files\Java\jdk-21\bin\sunmscapi.dll
0x00007ffa98550000 - 0x00007ffa986c7000 	C:\WINDOWS\System32\CRYPT32.dll
0x00007ffa976c0000 - 0x00007ffa976f0000 	C:\WINDOWS\SYSTEM32\ncrypt.dll
0x00007ffa97670000 - 0x00007ffa976af000 	C:\WINDOWS\SYSTEM32\NTASN1.dll
0x00007ffa034a0000 - 0x00007ffa034a8000 	C:\WINDOWS\system32\wshunix.dll

dbghelp: loaded successfully - version: 4.0.5 - missing functions: none
symbol engine: initialized successfully - sym options: 0x614 - pdb path: .;C:\Program Files\Java\jdk-21\bin;C:\WINDOWS\SYSTEM32;C:\Program Files\Norton\Suite;C:\WINDOWS\WinSxS\amd64_microsoft.windows.common-controls_6595b64144ccf1df_6.0.26100.8037_none_3e092faae333b53b;C:\Program Files\Java\jdk-21\bin\server;D:\Android studio data\.gradle\native\1def1411415f61bf3af743bc5b6707747c0891f09f0c88961ee8f79bc544acac\windows-amd64;D:\Android studio data\.gradle\native\0.2.7\x86_64-windows-gnu

VM Arguments:
jvm_args: --add-opens=java.base/java.lang=ALL-UNNAMED --add-opens=java.base/java.lang.invoke=ALL-UNNAMED --add-opens=java.base/java.util=ALL-UNNAMED --add-opens=java.prefs/java.util.prefs=ALL-UNNAMED --add-exports=jdk.compiler/com.sun.tools.javac.api=ALL-UNNAMED --add-exports=jdk.compiler/com.sun.tools.javac.util=ALL-UNNAMED --add-opens=java.base/java.util=ALL-UNNAMED --add-opens=java.prefs/java.util.prefs=ALL-UNNAMED --add-opens=java.base/java.nio.charset=ALL-UNNAMED --add-opens=java.base/java.net=ALL-UNNAMED --add-opens=java.base/java.util.concurrent.atomic=ALL-UNNAMED --add-opens=java.xml/javax.xml.namespace=ALL-UNNAMED -XX:MaxMetaspaceSize=1024m -Xmx4096m -Dfile.encoding=UTF-8 -Duser.country=US -Duser.language=en -Duser.variant -javaagent:D:\Android studio data\.gradle\wrapper\dists\gradle-8.13-bin\5xuhj0ry160q40clulazy9h7d\gradle-8.13\lib\agents\gradle-instrumentation-agent-8.13.jar 
java_command: org.gradle.launcher.daemon.bootstrap.GradleDaemon 8.13
java_class_path (initial): D:\Android studio data\.gradle\wrapper\dists\gradle-8.13-bin\5xuhj0ry160q40clulazy9h7d\gradle-8.13\lib\gradle-daemon-main-8.13.jar
Launcher Type: SUN_STANDARD

[Global flags]
     intx CICompilerCount                          = 4                                         {product} {ergonomic}
   size_t CompressedClassSpaceSize                 = 872415232                                 {product} {ergonomic}
     uint ConcGCThreads                            = 2                                         {product} {ergonomic}
     uint G1ConcRefinementThreads                  = 8                                         {product} {ergonomic}
   size_t G1HeapRegionSize                         = 2097152                                   {product} {ergonomic}
    uintx GCDrainStackTargetSize                   = 64                                        {product} {ergonomic}
   size_t InitialHeapSize                          = 266338304                                 {product} {ergonomic}
   size_t MarkStackSize                            = 4194304                                   {product} {ergonomic}
   size_t MaxHeapSize                              = 4294967296                                {product} {command line}
   size_t MaxMetaspaceSize                         = 1073741824                                {product} {command line}
   size_t MaxNewSize                               = 2575302656                                {product} {ergonomic}
   size_t MinHeapDeltaBytes                        = 2097152                                   {product} {ergonomic}
   size_t MinHeapSize                              = 8388608                                   {product} {ergonomic}
    uintx NonNMethodCodeHeapSize                   = 5839372                                {pd product} {ergonomic}
    uintx NonProfiledCodeHeapSize                  = 122909434                              {pd product} {ergonomic}
    uintx ProfiledCodeHeapSize                     = 122909434                              {pd product} {ergonomic}
    uintx ReservedCodeCacheSize                    = 251658240                              {pd product} {ergonomic}
     bool SegmentedCodeCache                       = true                                      {product} {ergonomic}
   size_t SoftMaxHeapSize                          = 4294967296                             {manageable} {ergonomic}
     bool UseCompressedOops                        = true                           {product lp64_product} {ergonomic}
     bool UseG1GC                                  = true                                      {product} {ergonomic}
     bool UseLargePagesIndividualAllocation        = false                                  {pd product} {ergonomic}

Logging:
Log output configuration:
 #0: stdout all=warning uptime,level,tags foldmultilines=false
 #1: stderr all=off uptime,level,tags foldmultilines=false

Environment Variables:
PATH=C:\Users\ahmed\AppData\Local\Microsoft\WindowsApps;C:\Program Files\Common Files\Oracle\Java\javapath;C:\Program Files (x86)\VMware\VMware Workstation\bin\;C:\Windows\System32\HWAudioDriverLibs;C:\Windows\system32;C:\Windows;C:\Windows\System32\Wbem;C:\Windows\System32\WindowsPowerShell\v1.0\;C:\Windows\System32\OpenSSH\;C:\Users\Administrator\AppData\Local\Microsoft\WindowsApps;C:\WINDOWS\system32;C:\WINDOWS;C:\WINDOWS\System32\Wbem;C:\WINDOWS\System32\WindowsPowerShell\v1.0\;C:\WINDOWS\System32\OpenSSH\;C:\Program Files\Microsoft SQL Server\150\Tools\Binn\;C:\Program Files\nodejs\;C:\Program Files\Git\cmd;C:\Program Files\Docker\Docker\resources\bin;C:\Program Files\Microsoft SQL Server\Client SDK\ODBC\170\Tools\Binn\;C:\Program Files\dotnet\;C:\Users\ahmed\AppData\Local\Android\Sdk\platform-tools;C:\msys64\mingw64\bin;C:\MinGW\bin;C:\Users\ahmed\AppData\Local\Microsoft\WindowsApps;C:\Users\ahmed\AppData\Local\Programs\Python\Python311\Scripts\;C:\Users\ahmed\AppData\Local\Programs\Python\Python311\;C:\Users\ahmed\AppData\Local\Microsoft\WindowsApps;C:\Users\ahmed\AppData\Local\Programs\Microsoft VS Code\bin;C:\Users\ahmed\AppData\Roaming\npm;C:\Users\ahmed\.dotnet\tools;C:\Users\ahmed\AppData\Local\Programs\Antigravity\bin;
USERNAME=ahmed
OS=Windows_NT
PROCESSOR_IDENTIFIER=Intel64 Family 6 Model 140 Stepping 2, GenuineIntel
TMP=C:\Users\ahmed\AppData\Local\Temp
TEMP=C:\Users\ahmed\AppData\Local\Temp




Periodic native trim disabled

---------------  S Y S T E M  ---------------

OS:
 Windows 11 , 64 bit Build 26100 (10.0.26100.7920)
OS uptime: 6 days 6:11 hours
Hyper-V role detected

CPU: total 8 (initial active 8) (4 cores per cpu, 2 threads per core) family 6 model 140 stepping 2 microcode 0x16, cx8, cmov, fxsr, ht, mmx, 3dnowpref, sse, sse2, sse3, ssse3, sse4.1, sse4.2, popcnt, lzcnt, tsc, tscinvbit, avx, avx2, aes, erms, clmul, bmi1, bmi2, adx, avx512f, avx512dq, avx512cd, avx512bw, avx512vl, sha, fma, vzeroupper, avx512_vpopcntdq, avx512_vpclmulqdq, avx512_vaes, avx512_vnni, clflush, clflushopt, clwb, avx512_vbmi2, avx512_vbmi, hv, rdtscp, rdpid, fsrm, gfni, avx512_bitalg, f16c, cet_ibt, cet_ss, avx512_ifma
Processor Information for all 8 processors :
  Max Mhz: 2918, Current Mhz: 2918, Mhz Limit: 2918

Memory: 4k page, system-wide physical 16167M (779M free)
TotalPageFile size 37630M (AvailPageFile size 56M)
current process WorkingSet (physical memory assigned to process): 640M, peak: 643M
current process commit charge ("private bytes"): 680M, peak: 734M

vm_info: Java HotSpot(TM) 64-Bit Server VM (21.0.8+12-LTS-250) for windows-amd64 JRE (21.0.8+12-LTS-250), built on 2025-06-27T08:11:22Z by "mach5one" with MS VC++ 17.6 (VS2022)

END.
